2025-05-05 13:26:27,427 [INFO] Activator:176 - 


2025-05-05 13:26:27,437 [INFO] Activator:177 - !SESSION log4j initialized
2025-05-05 13:26:35,111 [INFO] LogOutputStream:77 - [STDOUT_REDIRECT] 
2025-05-05 13:26:36,331 [INFO] ApplicationProperties:184 - Using Application install path: C:\ST\STM32CubeIDE_1.16.1\STM32CubeIDE\plugins\com.st.stm32cube.common.mx_6.13.0.202411220809
2025-05-05 13:26:36,351 [INFO] DbMcusXml:78 - Set database path to: C:\ST\STM32CubeIDE_1.16.1\STM32CubeIDE\plugins\com.st.stm32cube.common.mx_6.13.0.202411220809\\db\/mcu/
2025-05-05 13:26:36,351 [INFO] ApiDb:274 - Set plugin database path to: C:\ST\STM32CubeIDE_1.16.1\STM32CubeIDE\plugins\com.st.stm32cube.common.mx_6.13.0.202411220809\\db\/plugins/boardmanager/
2025-05-05 13:26:36,352 [WARN] ApiDb:259 - Overriding images path with different value:  => C:\ST\STM32CubeIDE_1.16.1\STM32CubeIDE\plugins\com.st.stm32cube.common.mx_6.13.0.202411220809\\db\/plugins/mcufinder/images/
2025-05-05 13:26:36,362 [INFO] ApiDb:250 - Set database path to: C:\Users\user\.stmcufinder\plugins\mcufinder//mcu/
2025-05-05 13:26:36,363 [INFO] DbMcusAds:125 - Set database path to: C:\Users\user\.stmcufinder\plugins\mcufinder//mcu/
2025-05-05 13:26:36,366 [INFO] CrossReferenceDbSqlite:203 - Set database path to: C:\Users\user\.stmcufinder\plugins\mcufinder//mcu/cs/
2025-05-05 13:26:36,503 [INFO] RulesReader:64 - Compatibility file has been processed (297 Rules)
2025-05-05 13:26:36,606 [INFO] DbMcusXml:78 - Set database path to: C:\ST\STM32CubeIDE_1.16.1\STM32CubeIDE\plugins\com.st.stm32cube.common.mx_6.13.0.202411220809\\db\/mcu/
2025-05-05 13:26:36,607 [INFO] ApiDb:274 - Set plugin database path to: C:\ST\STM32CubeIDE_1.16.1\STM32CubeIDE\plugins\com.st.stm32cube.common.mx_6.13.0.202411220809\\db\/plugins/boardmanager/
2025-05-05 13:26:36,607 [INFO] ApiDb:261 - Set plugin images path to: C:\ST\STM32CubeIDE_1.16.1\STM32CubeIDE\plugins\com.st.stm32cube.common.mx_6.13.0.202411220809\\db\/plugins/mcufinder/images/
2025-05-05 13:26:36,607 [WARN] DbFile:41 - Overriding database path with different value: C:\Users\user\.stmcufinder\plugins\mcufinder/ => C:\Users\user\.stmcufinder\plugins\mcufinder
2025-05-05 13:26:36,608 [INFO] ApiDb:250 - Set database path to: C:\Users\user\.stmcufinder\plugins\mcufinder//mcu/
2025-05-05 13:26:36,608 [WARN] DbFile:41 - Overriding database path with different value: C:\Users\user\.stmcufinder\plugins\mcufinder/ => C:\Users\user\.stmcufinder\plugins\mcufinder
2025-05-05 13:26:36,608 [INFO] DbMcusAds:125 - Set database path to: C:\Users\user\.stmcufinder\plugins\mcufinder//mcu/
2025-05-05 13:26:36,608 [WARN] DbFile:41 - Overriding database path with different value: C:\Users\user\.stmcufinder\plugins\mcufinder/ => C:\Users\user\.stmcufinder\plugins\mcufinder
2025-05-05 13:26:36,608 [WARN] DbFile:41 - Overriding database path with different value: C:\Users\user\.stmcufinder\plugins\mcufinder/ => C:\Users\user\.stmcufinder\plugins\mcufinder
2025-05-05 13:26:36,608 [INFO] CrossReferenceDbSqlite:203 - Set database path to: C:\Users\user\.stmcufinder\plugins\mcufinder//mcu/cs/
2025-05-05 13:26:36,846 [INFO] MainPanel:272 - HeapMemory: 268435456
2025-05-05 13:26:36,976 [INFO] DbMcusXml:78 - Set database path to: C:\ST\STM32CubeIDE_1.16.1\STM32CubeIDE\plugins\com.st.stm32cube.common.mx_6.13.0.202411220809\\db\/mcu/
2025-05-05 13:26:36,976 [INFO] ApiDb:274 - Set plugin database path to: C:\ST\STM32CubeIDE_1.16.1\STM32CubeIDE\plugins\com.st.stm32cube.common.mx_6.13.0.202411220809\\db\/plugins/boardmanager/
2025-05-05 13:26:36,976 [INFO] ApiDb:261 - Set plugin images path to: C:\ST\STM32CubeIDE_1.16.1\STM32CubeIDE\plugins\com.st.stm32cube.common.mx_6.13.0.202411220809\\db\/plugins/mcufinder/images/
2025-05-05 13:26:36,976 [WARN] DbFile:41 - Overriding database path with different value: C:\Users\user\.stmcufinder\plugins\mcufinder/ => C:\Users\user\.stmcufinder\plugins\mcufinder
2025-05-05 13:26:36,976 [INFO] ApiDb:250 - Set database path to: C:\Users\user\.stmcufinder\plugins\mcufinder//mcu/
2025-05-05 13:26:36,976 [WARN] DbFile:41 - Overriding database path with different value: C:\Users\user\.stmcufinder\plugins\mcufinder/ => C:\Users\user\.stmcufinder\plugins\mcufinder
2025-05-05 13:26:36,977 [INFO] DbMcusAds:125 - Set database path to: C:\Users\user\.stmcufinder\plugins\mcufinder//mcu/
2025-05-05 13:26:36,977 [WARN] DbFile:41 - Overriding database path with different value: C:\Users\user\.stmcufinder\plugins\mcufinder/ => C:\Users\user\.stmcufinder\plugins\mcufinder
2025-05-05 13:26:36,977 [WARN] DbFile:41 - Overriding database path with different value: C:\Users\user\.stmcufinder\plugins\mcufinder/ => C:\Users\user\.stmcufinder\plugins\mcufinder
2025-05-05 13:26:36,977 [INFO] CrossReferenceDbSqlite:203 - Set database path to: C:\Users\user\.stmcufinder\plugins\mcufinder//mcu/cs/
2025-05-05 13:26:36,998 [INFO] ApplicationProperties:184 - Using Application install path: C:\ST\STM32CubeIDE_1.16.1\STM32CubeIDE\plugins\com.st.stm32cube.common.mx_6.13.0.202411220809
2025-05-05 13:26:37,000 [INFO] PluginManage:196 - Search for loadable plugins [exclusion list=, ]
2025-05-05 13:26:37,002 [INFO] PluginManage:310 - Check plugin analytics
2025-05-05 13:26:37,236 [INFO] AnalyticsPlugin:253 - Accepted Software Licenses: 
2025-05-05 13:26:37,236 [INFO] AnalyticsPlugin:255 - Accepted CMSIS Pack Licenses: 
2025-05-05 13:26:37,236 [INFO] AnalyticsPlugin:257 - Accepted Firmware Licenses: 
2025-05-05 13:26:37,241 [INFO] PluginManage:359 - Loaded plugin analytics (category:tool,tabindex:-1)
2025-05-05 13:26:37,241 [INFO] PluginManage:310 - Check plugin cadmodel
2025-05-05 13:26:37,252 [INFO] CADModel:105 - Init CAD model plugin
2025-05-05 13:26:37,252 [INFO] PluginManage:359 - Loaded plugin cadmodel (category:power,tabindex:5)
2025-05-05 13:26:37,252 [INFO] PluginManage:310 - Check plugin clock
2025-05-05 13:26:37,267 [INFO] PluginManage:359 - Loaded plugin clock (category:base,tabindex:2)
2025-05-05 13:26:37,268 [INFO] PluginManage:310 - Check plugin ddr
2025-05-05 13:26:37,271 [INFO] PluginManage:359 - Loaded plugin ddr (category:tool,tabindex:6)
2025-05-05 13:26:37,271 [INFO] PluginManage:310 - Check plugin filemanager
2025-05-05 13:26:37,436 [INFO] PluginManage:359 - Loaded plugin filemanager (category:base,tabindex:10)
2025-05-05 13:26:37,436 [INFO] PluginManage:310 - Check plugin ipmanager
2025-05-05 13:26:37,445 [INFO] PluginManage:359 - Loaded plugin ipmanager (category:base,tabindex:5)
2025-05-05 13:26:37,445 [INFO] PluginManage:310 - Check plugin lpbam
2025-05-05 13:26:37,454 [INFO] PluginManage:359 - Loaded plugin lpbam (category:base,tabindex:0)
2025-05-05 13:26:37,454 [INFO] PluginManage:310 - Check plugin memorymap
2025-05-05 13:26:37,475 [INFO] PluginManage:359 - Loaded plugin memorymap (category:base,tabindex:4)
2025-05-05 13:26:37,475 [INFO] PluginManage:310 - Check plugin pinoutandconfiguration
2025-05-05 13:26:37,485 [INFO] PluginManage:359 - Loaded plugin pinoutandconfiguration (category:base,tabindex:1)
2025-05-05 13:26:37,486 [INFO] PluginManage:310 - Check plugin pinoutconfig
2025-05-05 13:26:37,610 [WARN] SupportedApi:132 - Cannot load RTOS API schema: s4s-elt-must-match.1: The content of 'definitions' must match (annotation?, (simpleType | complexType)?, (unique | key | keyref)*)). A problem was found starting at: attribute.
2025-05-05 13:26:37,869 [INFO] PluginManage:359 - Loaded plugin pinoutconfig (category:base,tabindex:0)
2025-05-05 13:26:37,869 [INFO] PluginManage:310 - Check plugin power
2025-05-05 13:26:37,889 [INFO] PluginManage:359 - Loaded plugin power (category:power,tabindex:4)
2025-05-05 13:26:37,889 [INFO] PluginManage:310 - Check plugin projectmanager
2025-05-05 13:26:37,904 [INFO] PluginManage:359 - Loaded plugin projectmanager (category:projectmanager,tabindex:4)
2025-05-05 13:26:37,904 [INFO] PluginManage:310 - Check plugin rif
2025-05-05 13:26:37,914 [INFO] PluginManage:359 - Loaded plugin rif (category:base,tabindex:3)
2025-05-05 13:26:37,914 [INFO] PluginManage:310 - Check plugin thirdparty
2025-05-05 13:26:38,121 [WARN] IntegrityCheckThread:84 - waiting for thirdparty lock release [integrity check]
2025-05-05 13:26:38,124 [INFO] IntegrityCheckThread:86 - entering critical section [integrity check]
2025-05-05 13:26:38,124 [INFO] ThirdPartyUpdaterWithRetryManager:70 - Updater plugin not ready yet. [1/15]
2025-05-05 13:26:38,123 [INFO] PluginManage:359 - Loaded plugin thirdparty (category:base,tabindex:-1)
2025-05-05 13:26:38,124 [INFO] PluginManage:310 - Check plugin tools
2025-05-05 13:26:38,127 [INFO] PluginManage:359 - Loaded plugin tools (category:base,tabindex:7)
2025-05-05 13:26:38,129 [INFO] PluginManage:310 - Check plugin tutovideos
2025-05-05 13:26:38,375 [INFO] PluginManage:359 - Loaded plugin tutovideos (category:base,tabindex:-1)
2025-05-05 13:26:38,375 [INFO] PluginManage:310 - Check plugin updater
2025-05-05 13:26:38,401 [INFO] PluginManage:359 - Loaded plugin updater (category:base,tabindex:12)
2025-05-05 13:26:38,401 [INFO] PluginManage:310 - Check plugin userauth
2025-05-05 13:26:38,406 [INFO] UserAuth:118 - Init User Auth plugin
2025-05-05 13:26:38,407 [INFO] PluginManage:359 - Loaded plugin userauth (category:base,tabindex:14)
2025-05-05 13:26:38,408 [INFO] PluginManage:283 - PluginManage : Loaded plugins [18]
2025-05-05 13:26:38,712 [INFO] PinOutPanel:1589 - setPackage(No Configuration,No Configuration)
2025-05-05 13:26:38,807 [INFO] CADModel:165 - CPN selected for project level
2025-05-05 13:26:38,807 [INFO] CADModel:114 - Register for checkConnection events
2025-05-05 13:26:38,836 [INFO] IPUIPlugin:80 - create IPUIPlugin
2025-05-05 13:26:38,836 [INFO] PluginManager:220 - loadIPPluginJar : add adc
2025-05-05 13:26:38,843 [INFO] IPUIPlugin:80 - create IPUIPlugin
2025-05-05 13:26:38,843 [INFO] PluginManager:220 - loadIPPluginJar : add aes
2025-05-05 13:26:38,847 [INFO] IPUIPlugin:80 - create IPUIPlugin
2025-05-05 13:26:38,848 [INFO] PluginManager:220 - loadIPPluginJar : add can
2025-05-05 13:26:38,851 [INFO] IPUIPlugin:80 - create IPUIPlugin
2025-05-05 13:26:38,852 [INFO] PluginManager:220 - loadIPPluginJar : add comp
2025-05-05 13:26:38,855 [INFO] IPUIPlugin:80 - create IPUIPlugin
2025-05-05 13:26:38,855 [INFO] PluginManager:220 - loadIPPluginJar : add cryp
2025-05-05 13:26:38,861 [INFO] IPUIPlugin:80 - create IPUIPlugin
2025-05-05 13:26:38,861 [INFO] PluginManager:220 - loadIPPluginJar : add ddr_ctrl_phy
2025-05-05 13:26:38,865 [INFO] IPUIPlugin:80 - create IPUIPlugin
2025-05-05 13:26:38,865 [INFO] PluginManager:220 - loadIPPluginJar : add dfsdm
2025-05-05 13:26:38,872 [INFO] IPUIPlugin:80 - create IPUIPlugin
2025-05-05 13:26:38,874 [INFO] PluginManager:220 - loadIPPluginJar : add dma
2025-05-05 13:26:38,877 [INFO] IPUIPlugin:80 - create IPUIPlugin
2025-05-05 13:26:38,877 [INFO] PluginManager:220 - loadIPPluginJar : add dma3
2025-05-05 13:26:38,881 [INFO] IPUIPlugin:80 - create IPUIPlugin
2025-05-05 13:26:38,882 [INFO] PluginManager:220 - loadIPPluginJar : add extmemmanager
2025-05-05 13:26:38,883 [INFO] IPUIPlugin:80 - create IPUIPlugin
2025-05-05 13:26:38,884 [INFO] PluginManager:220 - loadIPPluginJar : add fatfs
2025-05-05 13:26:38,890 [INFO] IPUIPlugin:80 - create IPUIPlugin
2025-05-05 13:26:38,890 [INFO] PluginManager:220 - loadIPPluginJar : add fmc
2025-05-05 13:26:38,897 [INFO] IPUIPlugin:80 - create IPUIPlugin
2025-05-05 13:26:38,897 [INFO] PluginManager:220 - loadIPPluginJar : add freertos
2025-05-05 13:26:38,899 [INFO] IPUIPlugin:80 - create IPUIPlugin
2025-05-05 13:26:38,899 [INFO] PluginManager:220 - loadIPPluginJar : add genericplugin
2025-05-05 13:26:38,902 [INFO] IPUIPlugin:80 - create IPUIPlugin
2025-05-05 13:26:38,902 [INFO] PluginManager:220 - loadIPPluginJar : add gfxmmu
2025-05-05 13:26:38,911 [INFO] IPUIPlugin:80 - create IPUIPlugin
2025-05-05 13:26:38,912 [INFO] PluginManager:220 - loadIPPluginJar : add gic
2025-05-05 13:26:38,918 [INFO] IPUIPlugin:80 - create IPUIPlugin
2025-05-05 13:26:38,918 [INFO] PluginManager:220 - loadIPPluginJar : add gpio
2025-05-05 13:26:38,921 [INFO] IPUIPlugin:80 - create IPUIPlugin
2025-05-05 13:26:38,922 [INFO] PluginManager:220 - loadIPPluginJar : add gtzc
2025-05-05 13:26:38,927 [INFO] IPUIPlugin:80 - create IPUIPlugin
2025-05-05 13:26:38,927 [INFO] PluginManager:220 - loadIPPluginJar : add hash
2025-05-05 13:26:38,933 [INFO] IPUIPlugin:80 - create IPUIPlugin
2025-05-05 13:26:38,933 [INFO] PluginManager:220 - loadIPPluginJar : add i2c
2025-05-05 13:26:38,937 [INFO] IPUIPlugin:80 - create IPUIPlugin
2025-05-05 13:26:38,937 [INFO] PluginManager:220 - loadIPPluginJar : add i2s
2025-05-05 13:26:38,944 [INFO] IPUIPlugin:80 - create IPUIPlugin
2025-05-05 13:26:38,944 [INFO] PluginManager:220 - loadIPPluginJar : add i3c
2025-05-05 13:26:38,951 [INFO] IPUIPlugin:80 - create IPUIPlugin
2025-05-05 13:26:38,951 [INFO] PluginManager:220 - loadIPPluginJar : add ipddr
2025-05-05 13:26:38,961 [INFO] IPUIPlugin:80 - create IPUIPlugin
2025-05-05 13:26:38,961 [INFO] PluginManager:220 - loadIPPluginJar : add linkedlist
2025-05-05 13:26:38,965 [INFO] IPUIPlugin:80 - create IPUIPlugin
2025-05-05 13:26:38,965 [INFO] PluginManager:220 - loadIPPluginJar : add lorawan
2025-05-05 13:26:38,966 [INFO] IPUIPlugin:80 - create IPUIPlugin
2025-05-05 13:26:38,967 [INFO] PluginManager:220 - loadIPPluginJar : add ltdc
2025-05-05 13:26:38,973 [INFO] IPUIPlugin:80 - create IPUIPlugin
2025-05-05 13:26:38,974 [INFO] PluginManager:220 - loadIPPluginJar : add mdma
2025-05-05 13:26:38,980 [INFO] IPUIPlugin:80 - create IPUIPlugin
2025-05-05 13:26:38,980 [INFO] PluginManager:220 - loadIPPluginJar : add nvic
2025-05-05 13:26:38,983 [INFO] IPUIPlugin:80 - create IPUIPlugin
2025-05-05 13:26:38,984 [INFO] PluginManager:220 - loadIPPluginJar : add opamp
2025-05-05 13:26:38,987 [INFO] IPUIPlugin:80 - create IPUIPlugin
2025-05-05 13:26:38,987 [INFO] PluginManager:220 - loadIPPluginJar : add openamp
2025-05-05 13:26:38,993 [INFO] IPUIPlugin:80 - create IPUIPlugin
2025-05-05 13:26:38,993 [INFO] PluginManager:220 - loadIPPluginJar : add pdm2pcm
2025-05-05 13:26:39,000 [INFO] IPUIPlugin:80 - create IPUIPlugin
2025-05-05 13:26:39,003 [INFO] PluginManager:220 - loadIPPluginJar : add plateformsettings
2025-05-05 13:26:39,006 [INFO] IPUIPlugin:80 - create IPUIPlugin
2025-05-05 13:26:39,006 [INFO] PluginManager:220 - loadIPPluginJar : add quadspi
2025-05-05 13:26:39,010 [INFO] IPUIPlugin:80 - create IPUIPlugin
2025-05-05 13:26:39,011 [INFO] PluginManager:220 - loadIPPluginJar : add radio
2025-05-05 13:26:39,017 [INFO] IPUIPlugin:80 - create IPUIPlugin
2025-05-05 13:26:39,017 [INFO] PluginManager:220 - loadIPPluginJar : add resmgrutility
2025-05-05 13:26:39,021 [INFO] IPUIPlugin:80 - create IPUIPlugin
2025-05-05 13:26:39,021 [INFO] PluginManager:220 - loadIPPluginJar : add sai
2025-05-05 13:26:39,025 [INFO] IPUIPlugin:80 - create IPUIPlugin
2025-05-05 13:26:39,025 [INFO] PluginManager:220 - loadIPPluginJar : add spi
2025-05-05 13:26:39,031 [INFO] IPUIPlugin:80 - create IPUIPlugin
2025-05-05 13:26:39,033 [INFO] PluginManager:220 - loadIPPluginJar : add stm32_wpan
2025-05-05 13:26:39,035 [INFO] IPUIPlugin:80 - create IPUIPlugin
2025-05-05 13:26:39,035 [INFO] PluginManager:220 - loadIPPluginJar : add tim
2025-05-05 13:26:39,037 [INFO] IPUIPlugin:80 - create IPUIPlugin
2025-05-05 13:26:39,037 [INFO] PluginManager:220 - loadIPPluginJar : add touchsensing
2025-05-05 13:26:39,042 [INFO] IPUIPlugin:80 - create IPUIPlugin
2025-05-05 13:26:39,042 [INFO] PluginManager:220 - loadIPPluginJar : add tracer_emb
2025-05-05 13:26:39,044 [INFO] IPUIPlugin:80 - create IPUIPlugin
2025-05-05 13:26:39,044 [INFO] PluginManager:220 - loadIPPluginJar : add ts
2025-05-05 13:26:39,047 [INFO] IPUIPlugin:80 - create IPUIPlugin
2025-05-05 13:26:39,047 [INFO] PluginManager:220 - loadIPPluginJar : add tsc
2025-05-05 13:26:39,050 [INFO] IPUIPlugin:80 - create IPUIPlugin
2025-05-05 13:26:39,050 [INFO] PluginManager:220 - loadIPPluginJar : add ucpd
2025-05-05 13:26:39,054 [INFO] IPUIPlugin:80 - create IPUIPlugin
2025-05-05 13:26:39,054 [INFO] PluginManager:220 - loadIPPluginJar : add usart
2025-05-05 13:26:39,058 [INFO] IPUIPlugin:80 - create IPUIPlugin
2025-05-05 13:26:39,058 [INFO] PluginManager:220 - loadIPPluginJar : add usbx
2025-05-05 13:26:39,201 [FATAL] Updater:351 - Updater called before beeing initialized
2025-05-05 13:26:39,237 [INFO] RulesReader:64 - Compatibility file has been processed (297 Rules)
2025-05-05 13:26:39,249 [INFO] RulesReader:64 - Compatibility file has been processed (297 Rules)
2025-05-05 13:26:39,261 [INFO] CADModel:165 - CPN selected for project level
2025-05-05 13:26:39,262 [INFO] CADModel:114 - Register for checkConnection events
2025-05-05 13:26:39,262 [FATAL] Updater:351 - Updater called before beeing initialized
2025-05-05 13:26:39,262 [ERROR] CADModel:125 - Updater not yet initialized, retry later 
2025-05-05 13:26:39,487 [FATAL] Updater:351 - Updater called before beeing initialized
2025-05-05 13:26:39,491 [INFO] CADModel:165 - CPN selected for project level
2025-05-05 13:26:39,491 [INFO] CADModel:114 - Register for checkConnection events
2025-05-05 13:26:39,491 [FATAL] Updater:351 - Updater called before beeing initialized
2025-05-05 13:26:39,491 [ERROR] CADModel:125 - Updater not yet initialized, retry later 
2025-05-05 13:26:39,495 [FATAL] Updater:351 - Updater called before beeing initialized
2025-05-05 13:26:39,672 [FATAL] Updater:351 - Updater called before beeing initialized
2025-05-05 13:26:39,679 [INFO] DbMcusAds:53 - JSON generation date=Thu Mar 06 21:54:22 ICT 2025 (1741272862078)
2025-05-05 13:26:39,680 [FATAL] Updater:351 - Updater called before beeing initialized
2025-05-05 13:26:39,722 [WARN] DetailPanel:346 - Failed to get advertising image, set to default
2025-05-05 13:26:39,933 [FATAL] Updater:351 - Updater called before beeing initialized
2025-05-05 13:26:39,936 [FATAL] Updater:351 - Updater called before beeing initialized
2025-05-05 13:26:39,936 [FATAL] Updater:351 - Updater called before beeing initialized
2025-05-05 13:26:39,936 [WARN] DetailPanel:346 - Failed to get advertising image, set to default
2025-05-05 13:26:39,937 [FATAL] Updater:351 - Updater called before beeing initialized
2025-05-05 13:26:39,989 [ERROR] Updater:1198 - MainUpdater not yet initialized. External WinMGr cannot be set.
2025-05-05 13:26:39,992 [INFO] Updater:1134 - Updater Version found : 6.13.0
2025-05-05 13:26:40,012 [INFO] ApplicationProperties:184 - Using Application install path: C:\ST\STM32CubeIDE_1.16.1\STM32CubeIDE\plugins\com.st.stm32cube.common.mx_6.13.0.202411220809
2025-05-05 13:26:40,545 [INFO] MainUpdater:2872 - connection check result : 10
2025-05-05 13:26:40,546 [INFO] MainUpdater:289 - Updater Check For Update Now.
2025-05-05 13:26:40,546 [INFO] MicroXplorer:498 - Change Database Version : DB.6.0.130
2025-05-05 13:26:40,552 [INFO] McuFinderGlobals:63 - Set McuFinder mode to 2 (CubeIDE integrated)
2025-05-05 13:26:40,557 [INFO] UserAuth:486 - Internet connection configuration mode: 1
2025-05-05 13:26:40,643 [INFO] JxBrowserEngine:152 - Initiate JxBrowser Engine with user profile folder
2025-05-05 13:26:40,797 [INFO] CheckServerUpdateThread:120 - End of CheckServer Thread
2025-05-05 13:26:41,561 [WARN] PackLoader:240 - Cannot read IP mode file for STMicroelectronics.FP-SNS-MOTENVWB1.1.4.0
2025-05-05 13:26:41,577 [WARN] PackLoader:240 - Cannot read IP mode file for STMicroelectronics.FP-ATR-ASTRA1.2.0.2
2025-05-05 13:26:41,586 [WARN] PackLoader:240 - Cannot read IP mode file for STMicroelectronics.FP-ATR-ASTRA1.2.0.1
2025-05-05 13:26:41,612 [WARN] PackLoader:240 - Cannot read IP mode file for STMicroelectronics.X-CUBE-SMBUS.2.1.0
2025-05-05 13:26:41,635 [WARN] PackLoader:240 - Cannot read IP mode file for STMicroelectronics.X-CUBE-WB05N.1.1.0
2025-05-05 13:26:41,650 [WARN] PackLoader:240 - Cannot read IP mode file for STMicroelectronics.X-CUBE-TOUCHGFX.4.23.2
2025-05-05 13:26:41,774 [WARN] PackLoader:240 - Cannot read IP mode file for STMicroelectronics.X-CUBE-AZRTOS-F7.1.1.0
2025-05-05 13:26:41,872 [WARN] PackLoader:240 - Cannot read IP mode file for STMicroelectronics.X-CUBE-MEMS1.11.0.0
2025-05-05 13:26:41,944 [INFO] WebApp:168 - Instantiating new browser for Auth
2025-05-05 13:26:42,067 [WARN] PackLoader:240 - Cannot read IP mode file for STMicroelectronics.FP-SNS-FLIGHT1.5.0.2
2025-05-05 13:26:42,096 [WARN] PackLoader:240 - Cannot read IP mode file for Infineon.AIROC-Wi-Fi-Bluetooth-STM32.1.7.0
2025-05-05 13:26:42,113 [WARN] PackLoader:240 - Cannot read IP mode file for STMicroelectronics.X-CUBE-DISPLAY.3.0.0
2025-05-05 13:26:42,125 [WARN] PackLoader:240 - Cannot read IP mode file for STMicroelectronics.X-CUBE-BLE1.7.0.0
2025-05-05 13:26:42,133 [WARN] PackLoader:240 - Cannot read IP mode file for STMicroelectronics.X-CUBE-NFC10.1.0.0
2025-05-05 13:26:42,146 [WARN] PackLoader:240 - Cannot read IP mode file for STMicroelectronics.X-CUBE-BLEMGR.4.0.0
2025-05-05 13:26:42,154 [WARN] PackLoader:240 - Cannot read IP mode file for emotas.I-CUBE-CANOPEN.1.3.0
2025-05-05 13:26:42,158 [WARN] PackLoader:240 - Cannot read IP mode file for STMicroelectronics.X-CUBE-TOUCHGFX.4.22.0
2025-05-05 13:26:42,171 [WARN] PackLoader:240 - Cannot read IP mode file for STMicroelectronics.X-CUBE-BLEMGR.3.1.0
2025-05-05 13:26:42,179 [WARN] PackLoader:240 - Cannot read IP mode file for STMicroelectronics.X-CUBE-AI.10.0.0
2025-05-05 13:26:42,184 [WARN] PackLoader:240 - Cannot read IP mode file for STMicroelectronics.FP-SNS-SMARTAG2.1.2.0
2025-05-05 13:26:42,187 [WARN] PackLoader:240 - Cannot read IP mode file for STMicroelectronics.FP-SNS-FLIGHT1.5.1.0
2025-05-05 13:26:42,445 [WARN] PackLoader:240 - Cannot read IP mode file for STMicroelectronics.X-CUBE-MEMS1.11.1.0
2025-05-05 13:26:42,618 [INFO] LogOutputStream:77 - [STDOUT_REDIRECT] 1 : Invalid condition id : UX_CORESTACK_Condition cause : null
2025-05-05 13:26:42,619 [INFO] LogOutputStream:77 - [STDOUT_REDIRECT] 1 : Invalid condition id : UX_CORESTACK_Condition cause : null
2025-05-05 13:26:42,621 [INFO] LogOutputStream:77 - [STDOUT_REDIRECT] 1 : Invalid condition id : UX_CORESTACK_Condition cause : null
2025-05-05 13:26:42,623 [INFO] LogOutputStream:77 - [STDOUT_REDIRECT] 1 : Invalid condition id : UX_CORESTACK_Condition cause : null
2025-05-05 13:26:42,624 [INFO] LogOutputStream:77 - [STDOUT_REDIRECT] 1 : Invalid condition id : UX_CORESTACK_Condition cause : null
2025-05-05 13:26:42,627 [WARN] PackLoader:240 - Cannot read IP mode file for STMicroelectronics.X-CUBE-AZRTOS-WL.2.0.0
2025-05-05 13:26:42,633 [WARN] PackLoader:240 - Cannot read IP mode file for STMicroelectronics.FP-SNS-MOTENV1.5.0.0
2025-05-05 13:26:42,642 [WARN] PackLoader:240 - Cannot read IP mode file for wolfSSL.I-CUBE-wolfMQTT.1.19.0
2025-05-05 13:26:42,650 [WARN] PackLoader:240 - Cannot read IP mode file for WES.I-CUBE-Cesium.1.3.0
2025-05-05 13:26:42,659 [WARN] PackLoader:240 - Cannot read IP mode file for STMicroelectronics.X-CUBE-BLE2.3.3.0
2025-05-05 13:26:42,668 [WARN] PackLoader:240 - Cannot read IP mode file for STMicroelectronics.X-CUBE-NFC9.1.0.0
2025-05-05 13:26:42,673 [WARN] PackLoader:240 - Cannot read IP mode file for STMicroelectronics.X-CUBE-BLE1.7.1.0
2025-05-05 13:26:42,677 [WARN] PackLoader:240 - Cannot read IP mode file for wolfSSL.I-CUBE-wolfMQTT.1.19.2
2025-05-05 13:26:42,686 [WARN] PackLoader:240 - Cannot read IP mode file for STMicroelectronics.X-CUBE-TCPP.4.1.0
2025-05-05 13:26:42,692 [WARN] PackLoader:240 - Cannot read IP mode file for STMicroelectronics.X-CUBE-TOUCHGFX.4.21.4
2025-05-05 13:26:42,746 [WARN] PackLoader:240 - Cannot read IP mode file for STMicroelectronics.X-CUBE-MEMS1.11.2.0
2025-05-05 13:26:43,053 [WARN] PackLoader:240 - Cannot read IP mode file for STMicroelectronics.X-CUBE-AZRTOS-G0.1.1.0
2025-05-05 13:26:43,065 [WARN] PackLoader:240 - Cannot read IP mode file for STMicroelectronics.X-CUBE-SAFEA1.1.2.2
2025-05-05 13:26:43,074 [WARN] PackLoader:240 - Cannot read IP mode file for STMicroelectronics.X-CUBE-NFC4.3.0.0
2025-05-05 13:26:43,087 [WARN] PackLoader:240 - Cannot read IP mode file for EmbeddedOffice.I-CUBE-FS-RTOS.1.0.1
2025-05-05 13:26:43,095 [WARN] PackLoader:240 - Cannot read IP mode file for STMicroelectronics.X-CUBE-WB05N.2.0.0
2025-05-05 13:26:43,100 [WARN] PackLoader:240 - Cannot read IP mode file for wolfSSL.I-CUBE-wolfTPM.3.8.0
2025-05-05 13:26:43,107 [WARN] PackLoader:240 - Cannot read IP mode file for STMicroelectronics.X-CUBE-TCPP.4.2.0
2025-05-05 13:26:43,116 [WARN] PackLoader:240 - Cannot read IP mode file for RealThread.X-CUBE-RT-Thread_Nano.4.1.1
2025-05-05 13:26:43,129 [WARN] PackLoader:240 - Cannot read IP mode file for wolfSSL.I-CUBE-wolfSSL.5.7.0
2025-05-05 13:26:43,135 [WARN] PackLoader:240 - Cannot read IP mode file for STMicroelectronics.FP-ATR-SIGFOX1.3.2.0
2025-05-05 13:26:43,143 [WARN] ConditionMgr:438 - getConditionDescription Invalid condition id : Cortex-A Device cause : null
2025-05-05 13:26:43,161 [WARN] ConditionMgr:1044 - genDependencies : Invalid condition id : Cortex-A Device cause : null
2025-05-05 13:26:43,161 [WARN] ConditionMgr:1044 - genDependencies : Invalid condition id : Cortex-A Device cause : null
2025-05-05 13:26:43,162 [WARN] ConditionMgr:1044 - genDependencies : Invalid condition id : Cortex-A Device cause : null
2025-05-05 13:26:43,169 [WARN] PackLoader:240 - Cannot read IP mode file for STMicroelectronics.X-CUBE-EEPRMA1.5.1.0
2025-05-05 13:26:43,176 [WARN] PackLoader:240 - Cannot read IP mode file for wolfSSL.I-CUBE-wolfSSL.5.7.6
2025-05-05 13:26:43,184 [WARN] PackLoader:240 - Cannot read IP mode file for ITTIA_DB.I-CUBE-ITTIADB.8.9.0
2025-05-05 13:26:43,434 [WARN] PackLoader:240 - Cannot read IP mode file for SEGGER.I-CUBE-embOS.1.3.1
2025-05-05 13:26:43,500 [WARN] PackLoader:240 - Cannot read IP mode file for STMicroelectronics.X-CUBE-ALGOBUILD.1.4.0
2025-05-05 13:26:43,511 [WARN] PackLoader:240 - Cannot read IP mode file for STMicroelectronics.X-CUBE-AI.9.1.0
2025-05-05 13:26:43,550 [WARN] PackLoader:240 - Cannot read IP mode file for STMicroelectronics.X-CUBE-GNSS1.6.0.0
2025-05-05 13:26:43,569 [WARN] PackLoader:240 - Cannot read IP mode file for STMicroelectronics.X-CUBE-AZRTOS-F4.1.1.0
2025-05-05 13:26:43,577 [WARN] PackLoader:240 - Cannot read IP mode file for Avnet-IotConnect.X-CUBE-IoTC-DA16k-PMOD.1.0.0
2025-05-05 13:26:43,591 [WARN] PackLoader:240 - Cannot read IP mode file for STMicroelectronics.X-CUBE-ISPU.2.1.0
2025-05-05 13:26:43,606 [WARN] PackLoader:240 - Cannot read IP mode file for STMicroelectronics.X-CUBE-FREERTOS.1.2.0
2025-05-05 13:26:43,632 [WARN] PackLoader:240 - Cannot read IP mode file for STMicroelectronics.X-CUBE-AZRTOS-L5.2.0.0
2025-05-05 13:26:43,647 [WARN] PackLoader:240 - Cannot read IP mode file for STMicroelectronics.X-CUBE-NFC6.3.1.0
2025-05-05 13:26:43,662 [WARN] PackLoader:240 - Cannot read IP mode file for STMicroelectronics.X-CUBE-DPower.1.2.0
2025-05-05 13:26:43,670 [WARN] PackLoader:240 - Cannot read IP mode file for STMicroelectronics.X-CUBE-AI.9.0.0
2025-05-05 13:26:43,678 [WARN] PackLoader:240 - Cannot read IP mode file for STMicroelectronics.X-CUBE-FREERTOS.1.3.0
2025-05-05 13:26:43,692 [WARN] PackLoader:240 - Cannot read IP mode file for STMicroelectronics.X-CUBE-NFC7.1.0.1
2025-05-05 13:26:43,698 [WARN] PackLoader:240 - Cannot read IP mode file for wolfSSL.I-CUBE-wolfTPM.3.2.0
2025-05-05 13:26:43,724 [WARN] PackLoader:240 - Cannot read IP mode file for STMicroelectronics.X-CUBE-DPower.1.3.0
2025-05-05 13:26:43,761 [WARN] ConditionMgr:438 - getConditionDescription Invalid condition id : LAN8742 Phy interface Condition cause : null
2025-05-05 13:26:43,762 [WARN] PackLoader:240 - Cannot read IP mode file for STMicroelectronics.X-CUBE-AZRTOS-L4.2.0.0
2025-05-05 13:26:43,763 [WARN] ConditionMgr:1044 - genDependencies : Invalid condition id : LAN8742 Phy interface Condition cause : null
2025-05-05 13:26:43,764 [WARN] ConditionMgr:1044 - genDependencies : Invalid condition id : LAN8742 Phy interface Condition cause : null
2025-05-05 13:26:43,764 [WARN] ConditionMgr:1044 - genDependencies : Invalid condition id : LAN8742 Phy interface Condition cause : null
2025-05-05 13:26:43,774 [WARN] PackLoader:240 - Cannot read IP mode file for STMicroelectronics.X-CUBE-SFXS2LP1.4.0.0
2025-05-05 13:26:43,801 [WARN] PackLoader:240 - Cannot read IP mode file for STMicroelectronics.X-CUBE-AZRTOS-H7.3.3.0
2025-05-05 13:26:43,881 [WARN] PackLoader:240 - Cannot read IP mode file for STMicroelectronics.X-CUBE-IPS.3.0.0
2025-05-05 13:26:43,904 [WARN] ConditionMgr:438 - getConditionDescription Invalid condition id : UX DEVICE CLASS RTOS Condition cause : null
2025-05-05 13:26:43,905 [WARN] ConditionMgr:438 - getConditionDescription Invalid condition id : UX DEVICE CLASS RTOS Condition cause : null
2025-05-05 13:26:43,907 [WARN] PackLoader:240 - Cannot read IP mode file for STMicroelectronics.X-CUBE-AZRTOS-WB.2.0.0
2025-05-05 13:26:43,913 [WARN] ConditionMgr:1044 - genDependencies : Invalid condition id : UX DEVICE CLASS RTOS Condition cause : null
2025-05-05 13:26:43,913 [WARN] ConditionMgr:1044 - genDependencies : Invalid condition id : UX DEVICE CLASS RTOS Condition cause : null
2025-05-05 13:26:43,914 [WARN] ConditionMgr:1044 - genDependencies : Invalid condition id : UX DEVICE CLASS RTOS Condition cause : null
2025-05-05 13:26:43,915 [WARN] ConditionMgr:1044 - genDependencies : Invalid condition id : UX DEVICE CLASS RTOS Condition cause : null
2025-05-05 13:26:43,916 [WARN] ConditionMgr:1044 - genDependencies : Invalid condition id : UX DEVICE CLASS RTOS Condition cause : null
2025-05-05 13:26:43,926 [WARN] PackLoader:240 - Cannot read IP mode file for STMicroelectronics.X-CUBE-GNSS1.7.0.0
2025-05-05 13:26:43,935 [WARN] PackLoader:240 - Cannot read IP mode file for STMicroelectronics.X-CUBE-GNSS1.7.0.1
2025-05-05 13:26:43,940 [WARN] PackLoader:240 - Cannot read IP mode file for STMicroelectronics.X-CUBE-TOUCHGFX.4.25.0
2025-05-05 13:26:43,951 [WARN] PackLoader:240 - Cannot read IP mode file for STMicroelectronics.FP-SNS-STBOX1.2.0.0
2025-05-05 13:26:43,967 [WARN] PackLoader:240 - Cannot read IP mode file for STMicroelectronics.X-CUBE-SUBG2.5.0.0
2025-05-05 13:26:43,992 [WARN] PackLoader:240 - Cannot read IP mode file for STMicroelectronics.X-CUBE-AZRTOS-H7RS.1.1.0
2025-05-05 13:26:44,001 [WARN] PackLoader:240 - Cannot read IP mode file for Cesanta.I-CUBE-Mongoose.7.13.0
2025-05-05 13:26:44,021 [WARN] PackLoader:240 - Cannot read IP mode file for STMicroelectronics.X-CUBE-AZRTOS-G4.2.0.0
2025-05-05 13:26:44,033 [WARN] PackLoader:240 - Cannot read IP mode file for wolfSSL.I-CUBE-wolfSSH.1.4.20
2025-05-05 13:26:44,037 [WARN] PackLoader:240 - Cannot read IP mode file for STMicroelectronics.X-CUBE-NFC7.2.0.0
2025-05-05 13:26:44,051 [WARN] PackLoader:240 - Cannot read IP mode file for STMicroelectronics.X-CUBE-ISPU.2.0.0
2025-05-05 13:26:44,064 [WARN] PackLoader:240 - Cannot read IP mode file for STMicroelectronics.X-CUBE-IPS.3.1.0
2025-05-05 13:26:44,084 [WARN] PackLoader:240 - Cannot read IP mode file for STMicroelectronics.X-CUBE-ALS.1.0.2
2025-05-05 13:26:44,121 [WARN] PackLoader:240 - Cannot read IP mode file for STMicroelectronics.X-CUBE-MEMS1.10.0.0
2025-05-05 13:26:44,255 [WARN] PackLoader:240 - Cannot read IP mode file for STMicroelectronics.X-CUBE-TOUCHGFX.4.24.0
2025-05-05 13:26:44,263 [WARN] PackLoader:240 - Cannot read IP mode file for STMicroelectronics.X-CUBE-TOUCHGFX.4.24.2
2025-05-05 13:26:44,268 [WARN] PackLoader:240 - Cannot read IP mode file for STMicroelectronics.X-CUBE-TOUCHGFX.4.24.1
2025-05-05 13:26:44,276 [WARN] PackLoader:240 - Cannot read IP mode file for wolfSSL.I-CUBE-wolfTPM.3.4.0
2025-05-05 13:26:44,282 [WARN] PackLoader:240 - Cannot read IP mode file for portGmbH.I-Cube-SoM-uGOAL.1.1.0
2025-05-05 13:26:44,299 [WARN] PackLoader:240 - Cannot read IP mode file for STMicroelectronics.X-CUBE-AZRTOS-H7RS.1.0.0
2025-05-05 13:26:44,307 [WARN] PackLoader:240 - Cannot read IP mode file for STMicroelectronics.FP-ATR-ASTRA1.2.0.0
2025-05-05 13:26:44,316 [WARN] PackLoader:240 - Cannot read IP mode file for STMicroelectronics.X-CUBE-TOF1.3.4.2
2025-05-05 13:26:44,331 [WARN] PackLoader:240 - Cannot read IP mode file for STMicroelectronics.X-CUBE-TOF1.3.4.3
2025-05-05 13:26:44,347 [WARN] PackLoader:240 - Cannot read IP mode file for STMicroelectronics.X-CUBE-TOF1.3.4.1
2025-05-05 13:26:44,367 [WARN] PackLoader:240 - Cannot read IP mode file for STMicroelectronics.X-CUBE-AZRTOS-H7.3.2.0
2025-05-05 13:26:44,573 [WARN] PackLoader:240 - Cannot read IP mode file for Infineon.AIROC-Wi-Fi-Bluetooth-STM32.1.6.0
2025-05-05 13:26:44,591 [WARN] PackLoader:240 - Cannot read IP mode file for wolfSSL.I-CUBE-wolfSSH.1.4.17
2025-05-05 13:26:44,592 [INFO] ThirdParty:978 - Integrity check success = true
2025-05-05 13:26:44,592 [INFO] IntegrityCheckThread:100 - exiting critical section [integrity check]
2025-05-05 13:26:44,592 [INFO] IntegrityCheckThread:103 - End integrity checks thread
2025-05-05 13:26:45,879 [INFO] WebApp:449 - Apply proxy settings
2025-05-05 13:26:45,880 [INFO] WebApp:534 - Chromium requires no authentication
2025-05-05 13:26:45,900 [INFO] WebApp:477 - Direct internet connection detected
2025-05-05 13:26:45,929 [INFO] WebApp:880 - Register for checkConnection events
2025-05-05 13:26:45,929 [INFO] WebApp:449 - Apply proxy settings
2025-05-05 13:26:45,929 [INFO] WebApp:534 - Chromium requires no authentication
2025-05-05 13:26:45,930 [INFO] WebApp:477 - Direct internet connection detected
2025-05-05 13:26:46,123 [INFO] WebApp:221 - Starting web application
2025-05-05 13:26:46,124 [INFO] WebApp:579 - Web application path used C:\ST\STM32CubeIDE_1.16.1\STM32CubeIDE\plugins\com.st.stm32cube.common.mx_6.13.0.202411220809\db\plugins\mcufinder\reactClient1\index.html
2025-05-05 13:26:46,235 [INFO] UserAuth:486 - Internet connection configuration mode: 1
2025-05-05 13:26:46,568 [INFO] WebApp:187 - Connection restablished
2025-05-05 13:31:35,649 [ERROR] LogOutputStream:75 - [STDERR_REDIRECT] 
