2025-03-31 08:38:45,756 [INFO] Activator:176 - 


2025-03-31 08:38:45,765 [INFO] Activator:177 - !SESSION log4j initialized
2025-03-31 08:38:53,744 [INFO] LogOutputStream:77 - [STDOUT_REDIRECT] 
2025-03-31 08:38:54,885 [INFO] ApplicationProperties:184 - Using Application install path: C:\ST\STM32CubeIDE_1.16.1\STM32CubeIDE\plugins\com.st.stm32cube.common.mx_6.13.0.202411220809
2025-03-31 08:38:54,908 [INFO] DbMcusXml:78 - Set database path to: C:\ST\STM32CubeIDE_1.16.1\STM32CubeIDE\plugins\com.st.stm32cube.common.mx_6.13.0.202411220809\\db\/mcu/
2025-03-31 08:38:54,908 [INFO] ApiDb:274 - Set plugin database path to: C:\ST\STM32CubeIDE_1.16.1\STM32CubeIDE\plugins\com.st.stm32cube.common.mx_6.13.0.202411220809\\db\/plugins/boardmanager/
2025-03-31 08:38:54,908 [WARN] ApiDb:259 - Overriding images path with different value:  => C:\ST\STM32CubeIDE_1.16.1\STM32CubeIDE\plugins\com.st.stm32cube.common.mx_6.13.0.202411220809\\db\/plugins/mcufinder/images/
2025-03-31 08:38:54,917 [INFO] ApiDb:250 - Set database path to: C:\Users\user\.stmcufinder\plugins\mcufinder//mcu/
2025-03-31 08:38:54,918 [INFO] DbMcusAds:125 - Set database path to: C:\Users\user\.stmcufinder\plugins\mcufinder//mcu/
2025-03-31 08:38:54,922 [INFO] CrossReferenceDbSqlite:203 - Set database path to: C:\Users\user\.stmcufinder\plugins\mcufinder//mcu/cs/
2025-03-31 08:38:55,055 [INFO] RulesReader:64 - Compatibility file has been processed (297 Rules)
2025-03-31 08:38:55,160 [INFO] DbMcusXml:78 - Set database path to: C:\ST\STM32CubeIDE_1.16.1\STM32CubeIDE\plugins\com.st.stm32cube.common.mx_6.13.0.202411220809\\db\/mcu/
2025-03-31 08:38:55,162 [INFO] ApiDb:274 - Set plugin database path to: C:\ST\STM32CubeIDE_1.16.1\STM32CubeIDE\plugins\com.st.stm32cube.common.mx_6.13.0.202411220809\\db\/plugins/boardmanager/
2025-03-31 08:38:55,162 [INFO] ApiDb:261 - Set plugin images path to: C:\ST\STM32CubeIDE_1.16.1\STM32CubeIDE\plugins\com.st.stm32cube.common.mx_6.13.0.202411220809\\db\/plugins/mcufinder/images/
2025-03-31 08:38:55,162 [WARN] DbFile:41 - Overriding database path with different value: C:\Users\user\.stmcufinder\plugins\mcufinder/ => C:\Users\user\.stmcufinder\plugins\mcufinder
2025-03-31 08:38:55,162 [INFO] ApiDb:250 - Set database path to: C:\Users\user\.stmcufinder\plugins\mcufinder//mcu/
2025-03-31 08:38:55,162 [WARN] DbFile:41 - Overriding database path with different value: C:\Users\user\.stmcufinder\plugins\mcufinder/ => C:\Users\user\.stmcufinder\plugins\mcufinder
2025-03-31 08:38:55,162 [INFO] DbMcusAds:125 - Set database path to: C:\Users\user\.stmcufinder\plugins\mcufinder//mcu/
2025-03-31 08:38:55,162 [WARN] DbFile:41 - Overriding database path with different value: C:\Users\user\.stmcufinder\plugins\mcufinder/ => C:\Users\user\.stmcufinder\plugins\mcufinder
2025-03-31 08:38:55,162 [WARN] DbFile:41 - Overriding database path with different value: C:\Users\user\.stmcufinder\plugins\mcufinder/ => C:\Users\user\.stmcufinder\plugins\mcufinder
2025-03-31 08:38:55,162 [INFO] CrossReferenceDbSqlite:203 - Set database path to: C:\Users\user\.stmcufinder\plugins\mcufinder//mcu/cs/
2025-03-31 08:38:55,266 [INFO] MainPanel:272 - HeapMemory: 268435456
2025-03-31 08:38:55,409 [INFO] DbMcusXml:78 - Set database path to: C:\ST\STM32CubeIDE_1.16.1\STM32CubeIDE\plugins\com.st.stm32cube.common.mx_6.13.0.202411220809\\db\/mcu/
2025-03-31 08:38:55,409 [INFO] ApiDb:274 - Set plugin database path to: C:\ST\STM32CubeIDE_1.16.1\STM32CubeIDE\plugins\com.st.stm32cube.common.mx_6.13.0.202411220809\\db\/plugins/boardmanager/
2025-03-31 08:38:55,409 [INFO] ApiDb:261 - Set plugin images path to: C:\ST\STM32CubeIDE_1.16.1\STM32CubeIDE\plugins\com.st.stm32cube.common.mx_6.13.0.202411220809\\db\/plugins/mcufinder/images/
2025-03-31 08:38:55,409 [WARN] DbFile:41 - Overriding database path with different value: C:\Users\user\.stmcufinder\plugins\mcufinder/ => C:\Users\user\.stmcufinder\plugins\mcufinder
2025-03-31 08:38:55,409 [INFO] ApiDb:250 - Set database path to: C:\Users\user\.stmcufinder\plugins\mcufinder//mcu/
2025-03-31 08:38:55,409 [WARN] DbFile:41 - Overriding database path with different value: C:\Users\user\.stmcufinder\plugins\mcufinder/ => C:\Users\user\.stmcufinder\plugins\mcufinder
2025-03-31 08:38:55,410 [INFO] DbMcusAds:125 - Set database path to: C:\Users\user\.stmcufinder\plugins\mcufinder//mcu/
2025-03-31 08:38:55,410 [WARN] DbFile:41 - Overriding database path with different value: C:\Users\user\.stmcufinder\plugins\mcufinder/ => C:\Users\user\.stmcufinder\plugins\mcufinder
2025-03-31 08:38:55,410 [WARN] DbFile:41 - Overriding database path with different value: C:\Users\user\.stmcufinder\plugins\mcufinder/ => C:\Users\user\.stmcufinder\plugins\mcufinder
2025-03-31 08:38:55,410 [INFO] CrossReferenceDbSqlite:203 - Set database path to: C:\Users\user\.stmcufinder\plugins\mcufinder//mcu/cs/
2025-03-31 08:38:55,433 [INFO] ApplicationProperties:184 - Using Application install path: C:\ST\STM32CubeIDE_1.16.1\STM32CubeIDE\plugins\com.st.stm32cube.common.mx_6.13.0.202411220809
2025-03-31 08:38:55,434 [INFO] PluginManage:196 - Search for loadable plugins [exclusion list=, ]
2025-03-31 08:38:55,437 [INFO] PluginManage:310 - Check plugin analytics
2025-03-31 08:38:55,680 [INFO] AnalyticsPlugin:253 - Accepted Software Licenses: 
2025-03-31 08:38:55,680 [INFO] AnalyticsPlugin:255 - Accepted CMSIS Pack Licenses: 
2025-03-31 08:38:55,680 [INFO] AnalyticsPlugin:257 - Accepted Firmware Licenses: 
2025-03-31 08:38:55,684 [INFO] PluginManage:359 - Loaded plugin analytics (category:tool,tabindex:-1)
2025-03-31 08:38:55,685 [INFO] PluginManage:310 - Check plugin cadmodel
2025-03-31 08:38:55,694 [INFO] CADModel:105 - Init CAD model plugin
2025-03-31 08:38:55,696 [INFO] PluginManage:359 - Loaded plugin cadmodel (category:power,tabindex:5)
2025-03-31 08:38:55,696 [INFO] PluginManage:310 - Check plugin clock
2025-03-31 08:38:55,717 [INFO] PluginManage:359 - Loaded plugin clock (category:base,tabindex:2)
2025-03-31 08:38:55,717 [INFO] PluginManage:310 - Check plugin ddr
2025-03-31 08:38:55,724 [INFO] PluginManage:359 - Loaded plugin ddr (category:tool,tabindex:6)
2025-03-31 08:38:55,724 [INFO] PluginManage:310 - Check plugin filemanager
2025-03-31 08:38:55,934 [INFO] PluginManage:359 - Loaded plugin filemanager (category:base,tabindex:10)
2025-03-31 08:38:55,934 [INFO] PluginManage:310 - Check plugin ipmanager
2025-03-31 08:38:55,947 [INFO] PluginManage:359 - Loaded plugin ipmanager (category:base,tabindex:5)
2025-03-31 08:38:55,947 [INFO] PluginManage:310 - Check plugin lpbam
2025-03-31 08:38:55,961 [INFO] PluginManage:359 - Loaded plugin lpbam (category:base,tabindex:0)
2025-03-31 08:38:55,962 [INFO] PluginManage:310 - Check plugin memorymap
2025-03-31 08:38:55,988 [INFO] PluginManage:359 - Loaded plugin memorymap (category:base,tabindex:4)
2025-03-31 08:38:55,988 [INFO] PluginManage:310 - Check plugin pinoutandconfiguration
2025-03-31 08:38:56,010 [INFO] PluginManage:359 - Loaded plugin pinoutandconfiguration (category:base,tabindex:1)
2025-03-31 08:38:56,010 [INFO] PluginManage:310 - Check plugin pinoutconfig
2025-03-31 08:38:56,140 [WARN] SupportedApi:132 - Cannot load RTOS API schema: s4s-elt-must-match.1: The content of 'definitions' must match (annotation?, (simpleType | complexType)?, (unique | key | keyref)*)). A problem was found starting at: attribute.
2025-03-31 08:38:56,312 [INFO] PluginManage:359 - Loaded plugin pinoutconfig (category:base,tabindex:0)
2025-03-31 08:38:56,312 [INFO] PluginManage:310 - Check plugin power
2025-03-31 08:38:56,327 [INFO] PluginManage:359 - Loaded plugin power (category:power,tabindex:4)
2025-03-31 08:38:56,327 [INFO] PluginManage:310 - Check plugin projectmanager
2025-03-31 08:38:56,352 [INFO] PluginManage:359 - Loaded plugin projectmanager (category:projectmanager,tabindex:4)
2025-03-31 08:38:56,353 [INFO] PluginManage:310 - Check plugin rif
2025-03-31 08:38:56,362 [INFO] PluginManage:359 - Loaded plugin rif (category:base,tabindex:3)
2025-03-31 08:38:56,362 [INFO] PluginManage:310 - Check plugin thirdparty
2025-03-31 08:38:56,584 [WARN] IntegrityCheckThread:84 - waiting for thirdparty lock release [integrity check]
2025-03-31 08:38:56,584 [INFO] PluginManage:359 - Loaded plugin thirdparty (category:base,tabindex:-1)
2025-03-31 08:38:56,584 [INFO] IntegrityCheckThread:86 - entering critical section [integrity check]
2025-03-31 08:38:56,584 [INFO] PluginManage:310 - Check plugin tools
2025-03-31 08:38:56,584 [INFO] ThirdPartyUpdaterWithRetryManager:70 - Updater plugin not ready yet. [1/15]
2025-03-31 08:38:56,588 [INFO] PluginManage:359 - Loaded plugin tools (category:base,tabindex:7)
2025-03-31 08:38:56,589 [INFO] PluginManage:310 - Check plugin tutovideos
2025-03-31 08:38:56,843 [INFO] PluginManage:359 - Loaded plugin tutovideos (category:base,tabindex:-1)
2025-03-31 08:38:56,843 [INFO] PluginManage:310 - Check plugin updater
2025-03-31 08:38:56,874 [INFO] PluginManage:359 - Loaded plugin updater (category:base,tabindex:12)
2025-03-31 08:38:56,874 [INFO] PluginManage:310 - Check plugin userauth
2025-03-31 08:38:56,880 [INFO] UserAuth:118 - Init User Auth plugin
2025-03-31 08:38:56,881 [INFO] PluginManage:359 - Loaded plugin userauth (category:base,tabindex:14)
2025-03-31 08:38:56,881 [INFO] PluginManage:283 - PluginManage : Loaded plugins [18]
2025-03-31 08:38:57,161 [INFO] PinOutPanel:1589 - setPackage(No Configuration,No Configuration)
2025-03-31 08:38:57,275 [INFO] CADModel:165 - CPN selected for project level
2025-03-31 08:38:57,275 [INFO] CADModel:114 - Register for checkConnection events
2025-03-31 08:38:57,304 [INFO] IPUIPlugin:80 - create IPUIPlugin
2025-03-31 08:38:57,304 [INFO] PluginManager:220 - loadIPPluginJar : add adc
2025-03-31 08:38:57,310 [INFO] IPUIPlugin:80 - create IPUIPlugin
2025-03-31 08:38:57,310 [INFO] PluginManager:220 - loadIPPluginJar : add aes
2025-03-31 08:38:57,313 [INFO] IPUIPlugin:80 - create IPUIPlugin
2025-03-31 08:38:57,313 [INFO] PluginManager:220 - loadIPPluginJar : add can
2025-03-31 08:38:57,317 [INFO] IPUIPlugin:80 - create IPUIPlugin
2025-03-31 08:38:57,317 [INFO] PluginManager:220 - loadIPPluginJar : add comp
2025-03-31 08:38:57,323 [INFO] IPUIPlugin:80 - create IPUIPlugin
2025-03-31 08:38:57,323 [INFO] PluginManager:220 - loadIPPluginJar : add cryp
2025-03-31 08:38:57,328 [INFO] IPUIPlugin:80 - create IPUIPlugin
2025-03-31 08:38:57,329 [INFO] PluginManager:220 - loadIPPluginJar : add ddr_ctrl_phy
2025-03-31 08:38:57,335 [INFO] IPUIPlugin:80 - create IPUIPlugin
2025-03-31 08:38:57,335 [INFO] PluginManager:220 - loadIPPluginJar : add dfsdm
2025-03-31 08:38:57,348 [INFO] IPUIPlugin:80 - create IPUIPlugin
2025-03-31 08:38:57,349 [INFO] PluginManager:220 - loadIPPluginJar : add dma
2025-03-31 08:38:57,358 [INFO] IPUIPlugin:80 - create IPUIPlugin
2025-03-31 08:38:57,358 [INFO] PluginManager:220 - loadIPPluginJar : add dma3
2025-03-31 08:38:57,363 [INFO] IPUIPlugin:80 - create IPUIPlugin
2025-03-31 08:38:57,363 [INFO] PluginManager:220 - loadIPPluginJar : add extmemmanager
2025-03-31 08:38:57,366 [INFO] IPUIPlugin:80 - create IPUIPlugin
2025-03-31 08:38:57,367 [INFO] PluginManager:220 - loadIPPluginJar : add fatfs
2025-03-31 08:38:57,381 [INFO] IPUIPlugin:80 - create IPUIPlugin
2025-03-31 08:38:57,381 [INFO] PluginManager:220 - loadIPPluginJar : add fmc
2025-03-31 08:38:57,392 [INFO] IPUIPlugin:80 - create IPUIPlugin
2025-03-31 08:38:57,393 [INFO] PluginManager:220 - loadIPPluginJar : add freertos
2025-03-31 08:38:57,397 [INFO] IPUIPlugin:80 - create IPUIPlugin
2025-03-31 08:38:57,397 [INFO] PluginManager:220 - loadIPPluginJar : add genericplugin
2025-03-31 08:38:57,401 [INFO] IPUIPlugin:80 - create IPUIPlugin
2025-03-31 08:38:57,402 [INFO] PluginManager:220 - loadIPPluginJar : add gfxmmu
2025-03-31 08:38:57,413 [INFO] IPUIPlugin:80 - create IPUIPlugin
2025-03-31 08:38:57,414 [INFO] PluginManager:220 - loadIPPluginJar : add gic
2025-03-31 08:38:57,422 [INFO] IPUIPlugin:80 - create IPUIPlugin
2025-03-31 08:38:57,422 [INFO] PluginManager:220 - loadIPPluginJar : add gpio
2025-03-31 08:38:57,431 [INFO] IPUIPlugin:80 - create IPUIPlugin
2025-03-31 08:38:57,431 [INFO] PluginManager:220 - loadIPPluginJar : add gtzc
2025-03-31 08:38:57,438 [INFO] IPUIPlugin:80 - create IPUIPlugin
2025-03-31 08:38:57,440 [INFO] PluginManager:220 - loadIPPluginJar : add hash
2025-03-31 08:38:57,446 [INFO] IPUIPlugin:80 - create IPUIPlugin
2025-03-31 08:38:57,447 [INFO] PluginManager:220 - loadIPPluginJar : add i2c
2025-03-31 08:38:57,450 [INFO] IPUIPlugin:80 - create IPUIPlugin
2025-03-31 08:38:57,451 [INFO] PluginManager:220 - loadIPPluginJar : add i2s
2025-03-31 08:38:57,459 [INFO] IPUIPlugin:80 - create IPUIPlugin
2025-03-31 08:38:57,459 [INFO] PluginManager:220 - loadIPPluginJar : add i3c
2025-03-31 08:38:57,465 [INFO] IPUIPlugin:80 - create IPUIPlugin
2025-03-31 08:38:57,465 [INFO] PluginManager:220 - loadIPPluginJar : add ipddr
2025-03-31 08:38:57,481 [INFO] IPUIPlugin:80 - create IPUIPlugin
2025-03-31 08:38:57,481 [INFO] PluginManager:220 - loadIPPluginJar : add linkedlist
2025-03-31 08:38:57,489 [INFO] IPUIPlugin:80 - create IPUIPlugin
2025-03-31 08:38:57,490 [INFO] PluginManager:220 - loadIPPluginJar : add lorawan
2025-03-31 08:38:57,498 [INFO] IPUIPlugin:80 - create IPUIPlugin
2025-03-31 08:38:57,498 [INFO] PluginManager:220 - loadIPPluginJar : add ltdc
2025-03-31 08:38:57,513 [INFO] IPUIPlugin:80 - create IPUIPlugin
2025-03-31 08:38:57,513 [INFO] PluginManager:220 - loadIPPluginJar : add mdma
2025-03-31 08:38:57,522 [INFO] IPUIPlugin:80 - create IPUIPlugin
2025-03-31 08:38:57,522 [INFO] PluginManager:220 - loadIPPluginJar : add nvic
2025-03-31 08:38:57,528 [INFO] IPUIPlugin:80 - create IPUIPlugin
2025-03-31 08:38:57,528 [INFO] PluginManager:220 - loadIPPluginJar : add opamp
2025-03-31 08:38:57,570 [INFO] IPUIPlugin:80 - create IPUIPlugin
2025-03-31 08:38:57,570 [INFO] PluginManager:220 - loadIPPluginJar : add openamp
2025-03-31 08:38:57,578 [INFO] IPUIPlugin:80 - create IPUIPlugin
2025-03-31 08:38:57,578 [INFO] PluginManager:220 - loadIPPluginJar : add pdm2pcm
2025-03-31 08:38:57,592 [INFO] IPUIPlugin:80 - create IPUIPlugin
2025-03-31 08:38:57,596 [INFO] PluginManager:220 - loadIPPluginJar : add plateformsettings
2025-03-31 08:38:57,599 [INFO] IPUIPlugin:80 - create IPUIPlugin
2025-03-31 08:38:57,600 [INFO] PluginManager:220 - loadIPPluginJar : add quadspi
2025-03-31 08:38:57,606 [INFO] IPUIPlugin:80 - create IPUIPlugin
2025-03-31 08:38:57,607 [INFO] PluginManager:220 - loadIPPluginJar : add radio
2025-03-31 08:38:57,613 [INFO] IPUIPlugin:80 - create IPUIPlugin
2025-03-31 08:38:57,614 [INFO] PluginManager:220 - loadIPPluginJar : add resmgrutility
2025-03-31 08:38:57,624 [INFO] IPUIPlugin:80 - create IPUIPlugin
2025-03-31 08:38:57,624 [INFO] PluginManager:220 - loadIPPluginJar : add sai
2025-03-31 08:38:57,634 [INFO] IPUIPlugin:80 - create IPUIPlugin
2025-03-31 08:38:57,634 [INFO] PluginManager:220 - loadIPPluginJar : add spi
2025-03-31 08:38:57,650 [INFO] IPUIPlugin:80 - create IPUIPlugin
2025-03-31 08:38:57,650 [INFO] PluginManager:220 - loadIPPluginJar : add stm32_wpan
2025-03-31 08:38:57,655 [INFO] IPUIPlugin:80 - create IPUIPlugin
2025-03-31 08:38:57,655 [INFO] PluginManager:220 - loadIPPluginJar : add tim
2025-03-31 08:38:57,663 [INFO] IPUIPlugin:80 - create IPUIPlugin
2025-03-31 08:38:57,663 [INFO] PluginManager:220 - loadIPPluginJar : add touchsensing
2025-03-31 08:38:57,667 [INFO] IPUIPlugin:80 - create IPUIPlugin
2025-03-31 08:38:57,667 [INFO] PluginManager:220 - loadIPPluginJar : add tracer_emb
2025-03-31 08:38:57,674 [INFO] IPUIPlugin:80 - create IPUIPlugin
2025-03-31 08:38:57,674 [INFO] PluginManager:220 - loadIPPluginJar : add ts
2025-03-31 08:38:57,677 [INFO] IPUIPlugin:80 - create IPUIPlugin
2025-03-31 08:38:57,677 [INFO] PluginManager:220 - loadIPPluginJar : add tsc
2025-03-31 08:38:57,680 [INFO] IPUIPlugin:80 - create IPUIPlugin
2025-03-31 08:38:57,680 [INFO] PluginManager:220 - loadIPPluginJar : add ucpd
2025-03-31 08:38:57,690 [INFO] IPUIPlugin:80 - create IPUIPlugin
2025-03-31 08:38:57,690 [INFO] PluginManager:220 - loadIPPluginJar : add usart
2025-03-31 08:38:57,697 [INFO] IPUIPlugin:80 - create IPUIPlugin
2025-03-31 08:38:57,697 [INFO] PluginManager:220 - loadIPPluginJar : add usbx
2025-03-31 08:38:57,873 [FATAL] Updater:351 - Updater called before beeing initialized
2025-03-31 08:38:57,912 [INFO] RulesReader:64 - Compatibility file has been processed (297 Rules)
2025-03-31 08:38:57,930 [INFO] RulesReader:64 - Compatibility file has been processed (297 Rules)
2025-03-31 08:38:57,944 [INFO] CADModel:165 - CPN selected for project level
2025-03-31 08:38:57,944 [INFO] CADModel:114 - Register for checkConnection events
2025-03-31 08:38:57,944 [FATAL] Updater:351 - Updater called before beeing initialized
2025-03-31 08:38:57,944 [ERROR] CADModel:125 - Updater not yet initialized, retry later 
2025-03-31 08:38:58,151 [FATAL] Updater:351 - Updater called before beeing initialized
2025-03-31 08:38:58,156 [INFO] CADModel:165 - CPN selected for project level
2025-03-31 08:38:58,156 [INFO] CADModel:114 - Register for checkConnection events
2025-03-31 08:38:58,156 [FATAL] Updater:351 - Updater called before beeing initialized
2025-03-31 08:38:58,156 [ERROR] CADModel:125 - Updater not yet initialized, retry later 
2025-03-31 08:38:58,159 [FATAL] Updater:351 - Updater called before beeing initialized
2025-03-31 08:38:58,288 [FATAL] Updater:351 - Updater called before beeing initialized
2025-03-31 08:38:58,292 [INFO] DbMcusAds:53 - JSON generation date=Thu Mar 06 21:54:21 ICT 2025 (1741272861825)
2025-03-31 08:38:58,292 [FATAL] Updater:351 - Updater called before beeing initialized
2025-03-31 08:38:58,343 [WARN] DetailPanel:346 - Failed to get advertising image, set to default
2025-03-31 08:38:58,578 [FATAL] Updater:351 - Updater called before beeing initialized
2025-03-31 08:38:58,580 [FATAL] Updater:351 - Updater called before beeing initialized
2025-03-31 08:38:58,581 [FATAL] Updater:351 - Updater called before beeing initialized
2025-03-31 08:38:58,581 [WARN] DetailPanel:346 - Failed to get advertising image, set to default
2025-03-31 08:38:58,581 [FATAL] Updater:351 - Updater called before beeing initialized
2025-03-31 08:38:58,642 [ERROR] Updater:1198 - MainUpdater not yet initialized. External WinMGr cannot be set.
2025-03-31 08:38:58,645 [INFO] Updater:1134 - Updater Version found : 6.13.0
2025-03-31 08:38:58,667 [INFO] ApplicationProperties:184 - Using Application install path: C:\ST\STM32CubeIDE_1.16.1\STM32CubeIDE\plugins\com.st.stm32cube.common.mx_6.13.0.202411220809
2025-03-31 08:38:59,428 [INFO] MainUpdater:2872 - connection check result : 10
2025-03-31 08:38:59,428 [INFO] MainUpdater:3566 - Updater definition file requires update
2025-03-31 08:38:59,430 [INFO] MainUpdater:289 - Updater Check For Update Now.
2025-03-31 08:38:59,430 [INFO] MicroXplorer:498 - Change Database Version : DB.6.0.130
2025-03-31 08:38:59,440 [INFO] McuFinderGlobals:63 - Set McuFinder mode to 2 (CubeIDE integrated)
2025-03-31 08:38:59,441 [INFO] UserAuth:486 - Internet connection configuration mode: 1
2025-03-31 08:38:59,468 [INFO] JxBrowserEngine:152 - Initiate JxBrowser Engine with user profile folder
2025-03-31 08:38:59,512 [INFO] ServerAccessManage:473 - Download File updaters.zip
2025-03-31 08:38:59,586 [WARN] MainUpdater:1193 - Updater busy. Cannot search thirdparties
2025-03-31 08:38:59,587 [INFO] ThirdPartyUpdaterWithRetryManager:96 - Updater plugin is busy. [1/15]
2025-03-31 08:38:59,614 [INFO] FileExtend:240 - Unzip File : updaters.zip
2025-03-31 08:38:59,615 [INFO] FileExtend:255 - Standard Zip Deflate
2025-03-31 08:39:00,225 [INFO] ServerAccessManage:473 - Download File PacksControlFlags.xml
2025-03-31 08:39:00,299 [INFO] ServerAccessManage:473 - Download File cubemx.pidx
2025-03-31 08:39:01,670 [INFO] ServerAccessManage:473 - Download File STMicroelectronics.X-CUBE-DPOWER.pdsc
2025-03-31 08:39:02,172 [INFO] WebApp:168 - Instantiating new browser for Auth
2025-03-31 08:39:02,431 [ERROR] ServerAccessManage:1089 - Problem, file not found on Server
2025-03-31 08:39:02,589 [WARN] MainUpdater:1193 - Updater busy. Cannot search thirdparties
2025-03-31 08:39:02,590 [INFO] ThirdPartyUpdaterWithRetryManager:96 - Updater plugin is busy. [2/15]
2025-03-31 08:39:03,082 [ERROR] ServerAccessManage:1089 - Problem, file not found on Server
2025-03-31 08:39:03,767 [ERROR] ServerAccessManage:1089 - Problem, file not found on Server
2025-03-31 08:39:04,246 [INFO] WebApp:449 - Apply proxy settings
2025-03-31 08:39:04,246 [INFO] WebApp:534 - Chromium requires no authentication
2025-03-31 08:39:04,260 [INFO] WebApp:477 - Direct internet connection detected
2025-03-31 08:39:04,297 [INFO] WebApp:880 - Register for checkConnection events
2025-03-31 08:39:04,297 [INFO] WebApp:449 - Apply proxy settings
2025-03-31 08:39:04,297 [INFO] WebApp:534 - Chromium requires no authentication
2025-03-31 08:39:04,298 [INFO] WebApp:477 - Direct internet connection detected
2025-03-31 08:39:04,444 [ERROR] ServerAccessManage:1089 - Problem, file not found on Server
2025-03-31 08:39:04,584 [INFO] WebApp:221 - Starting web application
2025-03-31 08:39:04,584 [INFO] WebApp:579 - Web application path used C:\ST\STM32CubeIDE_1.16.1\STM32CubeIDE\plugins\com.st.stm32cube.common.mx_6.13.0.202411220809\db\plugins\mcufinder\reactClient1\index.html
2025-03-31 08:39:04,598 [INFO] WebApp:187 - Connection restablished
2025-03-31 08:39:04,737 [INFO] UserAuth:486 - Internet connection configuration mode: 1
2025-03-31 08:39:05,107 [ERROR] ServerAccessManage:1089 - Problem, file not found on Server
2025-03-31 08:39:05,591 [WARN] MainUpdater:1193 - Updater busy. Cannot search thirdparties
2025-03-31 08:39:05,591 [INFO] ThirdPartyUpdaterWithRetryManager:96 - Updater plugin is busy. [3/15]
2025-03-31 08:39:05,746 [ERROR] ServerAccessManage:1089 - Problem, file not found on Server
2025-03-31 08:39:06,457 [ERROR] ServerAccessManage:1089 - Problem, file not found on Server
2025-03-31 08:39:07,123 [ERROR] ServerAccessManage:1089 - Problem, file not found on Server
2025-03-31 08:39:07,777 [ERROR] ServerAccessManage:1089 - Problem, file not found on Server
2025-03-31 08:39:08,433 [ERROR] ServerAccessManage:1089 - Problem, file not found on Server
2025-03-31 08:39:08,592 [WARN] MainUpdater:1193 - Updater busy. Cannot search thirdparties
2025-03-31 08:39:08,593 [INFO] ThirdPartyUpdaterWithRetryManager:96 - Updater plugin is busy. [4/15]
2025-03-31 08:39:09,303 [ERROR] ServerAccessManage:1089 - Problem, file not found on Server
2025-03-31 08:39:10,600 [WARN] PackLoader:240 - Cannot read IP mode file for STMicroelectronics.X-CUBE-DPower.1.3.0
2025-03-31 08:39:10,604 [INFO] PopulateThirdPartyThread:66 - Ending populate Thread
2025-03-31 08:39:10,607 [INFO] ThirdParty:1030 - CMSIS Pack Vendor :STMicroelectronics X-CUBE-DPower 1.3.0
2025-03-31 08:39:10,607 [INFO] LoadServerUpdatesThread:375 - End of LoadServerUpdate Thread
2025-03-31 08:39:10,697 [INFO] CheckServerUpdateThread:120 - End of CheckServer Thread
2025-03-31 08:39:12,059 [WARN] PackLoader:240 - Cannot read IP mode file for STMicroelectronics.FP-SNS-MOTENVWB1.1.4.0
2025-03-31 08:39:12,065 [WARN] PackLoader:240 - Cannot read IP mode file for STMicroelectronics.FP-ATR-ASTRA1.2.0.2
2025-03-31 08:39:12,075 [WARN] PackLoader:240 - Cannot read IP mode file for STMicroelectronics.FP-ATR-ASTRA1.2.0.1
2025-03-31 08:39:12,081 [WARN] PackLoader:240 - Cannot read IP mode file for STMicroelectronics.X-CUBE-SMBUS.2.1.0
2025-03-31 08:39:12,095 [WARN] PackLoader:240 - Cannot read IP mode file for STMicroelectronics.X-CUBE-WB05N.1.1.0
2025-03-31 08:39:12,123 [WARN] PackLoader:240 - Cannot read IP mode file for STMicroelectronics.X-CUBE-TOUCHGFX.4.23.2
2025-03-31 08:39:12,163 [WARN] PackLoader:240 - Cannot read IP mode file for STMicroelectronics.X-CUBE-AZRTOS-F7.1.1.0
2025-03-31 08:39:12,263 [WARN] PackLoader:240 - Cannot read IP mode file for STMicroelectronics.X-CUBE-MEMS1.11.0.0
2025-03-31 08:39:12,610 [WARN] PackLoader:240 - Cannot read IP mode file for STMicroelectronics.FP-SNS-FLIGHT1.5.0.2
2025-03-31 08:39:12,631 [WARN] PackLoader:240 - Cannot read IP mode file for Infineon.AIROC-Wi-Fi-Bluetooth-STM32.1.7.0
2025-03-31 08:39:12,649 [WARN] PackLoader:240 - Cannot read IP mode file for STMicroelectronics.X-CUBE-DISPLAY.3.0.0
2025-03-31 08:39:12,666 [WARN] PackLoader:240 - Cannot read IP mode file for STMicroelectronics.X-CUBE-BLE1.7.0.0
2025-03-31 08:39:12,678 [WARN] PackLoader:240 - Cannot read IP mode file for STMicroelectronics.X-CUBE-NFC10.1.0.0
2025-03-31 08:39:12,692 [WARN] PackLoader:240 - Cannot read IP mode file for STMicroelectronics.X-CUBE-BLEMGR.4.0.0
2025-03-31 08:39:12,699 [WARN] PackLoader:240 - Cannot read IP mode file for emotas.I-CUBE-CANOPEN.1.3.0
2025-03-31 08:39:12,706 [WARN] PackLoader:240 - Cannot read IP mode file for STMicroelectronics.X-CUBE-TOUCHGFX.4.22.0
2025-03-31 08:39:12,714 [WARN] PackLoader:240 - Cannot read IP mode file for STMicroelectronics.X-CUBE-BLEMGR.3.1.0
2025-03-31 08:39:12,723 [WARN] PackLoader:240 - Cannot read IP mode file for STMicroelectronics.X-CUBE-AI.10.0.0
2025-03-31 08:39:12,729 [WARN] PackLoader:240 - Cannot read IP mode file for STMicroelectronics.FP-SNS-SMARTAG2.1.2.0
2025-03-31 08:39:12,733 [WARN] PackLoader:240 - Cannot read IP mode file for STMicroelectronics.FP-SNS-FLIGHT1.5.1.0
2025-03-31 08:39:12,858 [WARN] PackLoader:240 - Cannot read IP mode file for STMicroelectronics.X-CUBE-MEMS1.11.1.0
2025-03-31 08:39:12,999 [INFO] LogOutputStream:77 - [STDOUT_REDIRECT] 1 : Invalid condition id : UX_CORESTACK_Condition cause : null
2025-03-31 08:39:13,000 [INFO] LogOutputStream:77 - [STDOUT_REDIRECT] 1 : Invalid condition id : UX_CORESTACK_Condition cause : null
2025-03-31 08:39:13,001 [INFO] LogOutputStream:77 - [STDOUT_REDIRECT] 1 : Invalid condition id : UX_CORESTACK_Condition cause : null
2025-03-31 08:39:13,003 [INFO] LogOutputStream:77 - [STDOUT_REDIRECT] 1 : Invalid condition id : UX_CORESTACK_Condition cause : null
2025-03-31 08:39:13,006 [INFO] LogOutputStream:77 - [STDOUT_REDIRECT] 1 : Invalid condition id : UX_CORESTACK_Condition cause : null
2025-03-31 08:39:13,010 [WARN] PackLoader:240 - Cannot read IP mode file for STMicroelectronics.X-CUBE-AZRTOS-WL.2.0.0
2025-03-31 08:39:13,016 [WARN] PackLoader:240 - Cannot read IP mode file for STMicroelectronics.FP-SNS-MOTENV1.5.0.0
2025-03-31 08:39:13,023 [WARN] PackLoader:240 - Cannot read IP mode file for wolfSSL.I-CUBE-wolfMQTT.1.19.0
2025-03-31 08:39:13,031 [WARN] PackLoader:240 - Cannot read IP mode file for WES.I-CUBE-Cesium.1.3.0
2025-03-31 08:39:13,037 [WARN] PackLoader:240 - Cannot read IP mode file for STMicroelectronics.X-CUBE-BLE2.3.3.0
2025-03-31 08:39:13,046 [WARN] PackLoader:240 - Cannot read IP mode file for STMicroelectronics.X-CUBE-NFC9.1.0.0
2025-03-31 08:39:13,059 [WARN] PackLoader:240 - Cannot read IP mode file for STMicroelectronics.X-CUBE-BLE1.7.1.0
2025-03-31 08:39:13,064 [WARN] PackLoader:240 - Cannot read IP mode file for wolfSSL.I-CUBE-wolfMQTT.1.19.2
2025-03-31 08:39:13,068 [WARN] PackLoader:240 - Cannot read IP mode file for STMicroelectronics.X-CUBE-TCPP.4.1.0
2025-03-31 08:39:13,077 [WARN] PackLoader:240 - Cannot read IP mode file for STMicroelectronics.X-CUBE-TOUCHGFX.4.21.4
2025-03-31 08:39:13,094 [WARN] PackLoader:240 - Cannot read IP mode file for STMicroelectronics.X-CUBE-AZRTOS-G0.1.1.0
2025-03-31 08:39:13,102 [WARN] PackLoader:240 - Cannot read IP mode file for STMicroelectronics.X-CUBE-SAFEA1.1.2.2
2025-03-31 08:39:13,111 [WARN] PackLoader:240 - Cannot read IP mode file for STMicroelectronics.X-CUBE-NFC4.3.0.0
2025-03-31 08:39:13,120 [WARN] PackLoader:240 - Cannot read IP mode file for EmbeddedOffice.I-CUBE-FS-RTOS.1.0.1
2025-03-31 08:39:13,127 [WARN] PackLoader:240 - Cannot read IP mode file for wolfSSL.I-CUBE-wolfTPM.3.8.0
2025-03-31 08:39:13,132 [WARN] PackLoader:240 - Cannot read IP mode file for STMicroelectronics.X-CUBE-TCPP.4.2.0
2025-03-31 08:39:13,140 [WARN] PackLoader:240 - Cannot read IP mode file for RealThread.X-CUBE-RT-Thread_Nano.4.1.1
2025-03-31 08:39:13,146 [WARN] PackLoader:240 - Cannot read IP mode file for wolfSSL.I-CUBE-wolfSSL.5.7.0
2025-03-31 08:39:13,149 [WARN] PackLoader:240 - Cannot read IP mode file for STMicroelectronics.FP-ATR-SIGFOX1.3.2.0
2025-03-31 08:39:13,157 [WARN] ConditionMgr:438 - getConditionDescription Invalid condition id : Cortex-A Device cause : null
2025-03-31 08:39:13,176 [WARN] ConditionMgr:1044 - genDependencies : Invalid condition id : Cortex-A Device cause : null
2025-03-31 08:39:13,177 [WARN] ConditionMgr:1044 - genDependencies : Invalid condition id : Cortex-A Device cause : null
2025-03-31 08:39:13,177 [WARN] ConditionMgr:1044 - genDependencies : Invalid condition id : Cortex-A Device cause : null
2025-03-31 08:39:13,187 [WARN] PackLoader:240 - Cannot read IP mode file for STMicroelectronics.X-CUBE-EEPRMA1.5.1.0
2025-03-31 08:39:13,199 [WARN] PackLoader:240 - Cannot read IP mode file for wolfSSL.I-CUBE-wolfSSL.5.7.6
2025-03-31 08:39:13,208 [WARN] PackLoader:240 - Cannot read IP mode file for ITTIA_DB.I-CUBE-ITTIADB.8.9.0
2025-03-31 08:39:13,241 [WARN] PackLoader:240 - Cannot read IP mode file for SEGGER.I-CUBE-embOS.1.3.1
2025-03-31 08:39:13,276 [WARN] PackLoader:240 - Cannot read IP mode file for STMicroelectronics.X-CUBE-ALGOBUILD.1.4.0
2025-03-31 08:39:13,280 [WARN] PackLoader:240 - Cannot read IP mode file for STMicroelectronics.X-CUBE-AI.9.1.0
2025-03-31 08:39:13,288 [WARN] PackLoader:240 - Cannot read IP mode file for STMicroelectronics.X-CUBE-GNSS1.6.0.0
2025-03-31 08:39:13,309 [WARN] PackLoader:240 - Cannot read IP mode file for STMicroelectronics.X-CUBE-AZRTOS-F4.1.1.0
2025-03-31 08:39:13,316 [WARN] PackLoader:240 - Cannot read IP mode file for STMicroelectronics.X-CUBE-ISPU.2.1.0
2025-03-31 08:39:13,324 [WARN] PackLoader:240 - Cannot read IP mode file for STMicroelectronics.X-CUBE-FREERTOS.1.2.0
2025-03-31 08:39:13,342 [WARN] PackLoader:240 - Cannot read IP mode file for STMicroelectronics.X-CUBE-AZRTOS-L5.2.0.0
2025-03-31 08:39:13,351 [WARN] PackLoader:240 - Cannot read IP mode file for STMicroelectronics.X-CUBE-NFC6.3.1.0
2025-03-31 08:39:13,363 [WARN] PackLoader:240 - Cannot read IP mode file for STMicroelectronics.X-CUBE-DPower.1.2.0
2025-03-31 08:39:13,369 [WARN] PackLoader:240 - Cannot read IP mode file for STMicroelectronics.X-CUBE-AI.9.0.0
2025-03-31 08:39:13,376 [WARN] PackLoader:240 - Cannot read IP mode file for STMicroelectronics.X-CUBE-FREERTOS.1.3.0
2025-03-31 08:39:13,382 [WARN] PackLoader:240 - Cannot read IP mode file for STMicroelectronics.X-CUBE-NFC7.1.0.1
2025-03-31 08:39:13,387 [WARN] PackLoader:240 - Cannot read IP mode file for wolfSSL.I-CUBE-wolfTPM.3.2.0
2025-03-31 08:39:13,393 [WARN] PackLoader:240 - Cannot read IP mode file for STMicroelectronics.X-CUBE-DPower.1.3.0
2025-03-31 08:39:13,414 [WARN] ConditionMgr:438 - getConditionDescription Invalid condition id : LAN8742 Phy interface Condition cause : null
2025-03-31 08:39:13,415 [WARN] PackLoader:240 - Cannot read IP mode file for STMicroelectronics.X-CUBE-AZRTOS-L4.2.0.0
2025-03-31 08:39:13,417 [WARN] ConditionMgr:1044 - genDependencies : Invalid condition id : LAN8742 Phy interface Condition cause : null
2025-03-31 08:39:13,417 [WARN] ConditionMgr:1044 - genDependencies : Invalid condition id : LAN8742 Phy interface Condition cause : null
2025-03-31 08:39:13,417 [WARN] ConditionMgr:1044 - genDependencies : Invalid condition id : LAN8742 Phy interface Condition cause : null
2025-03-31 08:39:13,428 [WARN] PackLoader:240 - Cannot read IP mode file for STMicroelectronics.X-CUBE-SFXS2LP1.4.0.0
2025-03-31 08:39:13,474 [WARN] PackLoader:240 - Cannot read IP mode file for STMicroelectronics.X-CUBE-AZRTOS-H7.3.3.0
2025-03-31 08:39:13,487 [WARN] PackLoader:240 - Cannot read IP mode file for STMicroelectronics.X-CUBE-IPS.3.0.0
2025-03-31 08:39:13,508 [WARN] ConditionMgr:438 - getConditionDescription Invalid condition id : UX DEVICE CLASS RTOS Condition cause : null
2025-03-31 08:39:13,508 [WARN] ConditionMgr:438 - getConditionDescription Invalid condition id : UX DEVICE CLASS RTOS Condition cause : null
2025-03-31 08:39:13,510 [WARN] PackLoader:240 - Cannot read IP mode file for STMicroelectronics.X-CUBE-AZRTOS-WB.2.0.0
2025-03-31 08:39:13,511 [WARN] ConditionMgr:1044 - genDependencies : Invalid condition id : UX DEVICE CLASS RTOS Condition cause : null
2025-03-31 08:39:13,511 [WARN] ConditionMgr:1044 - genDependencies : Invalid condition id : UX DEVICE CLASS RTOS Condition cause : null
2025-03-31 08:39:13,514 [WARN] ConditionMgr:1044 - genDependencies : Invalid condition id : UX DEVICE CLASS RTOS Condition cause : null
2025-03-31 08:39:13,514 [WARN] ConditionMgr:1044 - genDependencies : Invalid condition id : UX DEVICE CLASS RTOS Condition cause : null
2025-03-31 08:39:13,514 [WARN] ConditionMgr:1044 - genDependencies : Invalid condition id : UX DEVICE CLASS RTOS Condition cause : null
2025-03-31 08:39:13,524 [WARN] PackLoader:240 - Cannot read IP mode file for STMicroelectronics.X-CUBE-GNSS1.7.0.0
2025-03-31 08:39:13,589 [WARN] PackLoader:240 - Cannot read IP mode file for STMicroelectronics.X-CUBE-GNSS1.7.0.1
2025-03-31 08:39:13,596 [WARN] PackLoader:240 - Cannot read IP mode file for STMicroelectronics.X-CUBE-TOUCHGFX.4.25.0
2025-03-31 08:39:13,606 [WARN] PackLoader:240 - Cannot read IP mode file for STMicroelectronics.FP-SNS-STBOX1.2.0.0
2025-03-31 08:39:13,622 [WARN] PackLoader:240 - Cannot read IP mode file for STMicroelectronics.X-CUBE-SUBG2.5.0.0
2025-03-31 08:39:13,654 [WARN] PackLoader:240 - Cannot read IP mode file for STMicroelectronics.X-CUBE-AZRTOS-H7RS.1.1.0
2025-03-31 08:39:13,664 [WARN] PackLoader:240 - Cannot read IP mode file for Cesanta.I-CUBE-Mongoose.7.13.0
2025-03-31 08:39:13,687 [WARN] PackLoader:240 - Cannot read IP mode file for STMicroelectronics.X-CUBE-AZRTOS-G4.2.0.0
2025-03-31 08:39:13,696 [WARN] PackLoader:240 - Cannot read IP mode file for wolfSSL.I-CUBE-wolfSSH.1.4.20
2025-03-31 08:39:13,709 [WARN] PackLoader:240 - Cannot read IP mode file for STMicroelectronics.X-CUBE-ISPU.2.0.0
2025-03-31 08:39:14,081 [WARN] PackLoader:240 - Cannot read IP mode file for STMicroelectronics.X-CUBE-IPS.3.1.0
2025-03-31 08:39:14,142 [WARN] PackLoader:240 - Cannot read IP mode file for STMicroelectronics.X-CUBE-ALS.1.0.2
2025-03-31 08:39:14,191 [WARN] PackLoader:240 - Cannot read IP mode file for STMicroelectronics.X-CUBE-MEMS1.10.0.0
2025-03-31 08:39:14,327 [WARN] PackLoader:240 - Cannot read IP mode file for STMicroelectronics.X-CUBE-TOUCHGFX.4.24.0
2025-03-31 08:39:14,330 [WARN] PackLoader:240 - Cannot read IP mode file for STMicroelectronics.X-CUBE-TOUCHGFX.4.24.2
2025-03-31 08:39:14,333 [WARN] PackLoader:240 - Cannot read IP mode file for STMicroelectronics.X-CUBE-TOUCHGFX.4.24.1
2025-03-31 08:39:14,344 [WARN] PackLoader:240 - Cannot read IP mode file for wolfSSL.I-CUBE-wolfTPM.3.4.0
2025-03-31 08:39:14,349 [WARN] PackLoader:240 - Cannot read IP mode file for portGmbH.I-Cube-SoM-uGOAL.1.1.0
2025-03-31 08:39:14,375 [WARN] PackLoader:240 - Cannot read IP mode file for STMicroelectronics.X-CUBE-AZRTOS-H7RS.1.0.0
2025-03-31 08:39:14,381 [WARN] PackLoader:240 - Cannot read IP mode file for STMicroelectronics.FP-ATR-ASTRA1.2.0.0
2025-03-31 08:39:14,394 [WARN] PackLoader:240 - Cannot read IP mode file for STMicroelectronics.X-CUBE-TOF1.3.4.2
2025-03-31 08:39:14,424 [WARN] PackLoader:240 - Cannot read IP mode file for STMicroelectronics.X-CUBE-TOF1.3.4.1
2025-03-31 08:39:14,452 [WARN] PackLoader:240 - Cannot read IP mode file for STMicroelectronics.X-CUBE-AZRTOS-H7.3.2.0
2025-03-31 08:39:14,512 [WARN] PackLoader:240 - Cannot read IP mode file for Infineon.AIROC-Wi-Fi-Bluetooth-STM32.1.6.0
2025-03-31 08:39:14,575 [WARN] PackLoader:240 - Cannot read IP mode file for wolfSSL.I-CUBE-wolfSSH.1.4.17
2025-03-31 08:39:14,577 [INFO] ThirdParty:978 - Integrity check success = true
2025-03-31 08:39:14,577 [INFO] IntegrityCheckThread:100 - exiting critical section [integrity check]
2025-03-31 08:39:14,578 [INFO] IntegrityCheckThread:103 - End integrity checks thread
2025-03-31 17:39:23,237 [INFO] WebApp:389 - JxBrowser engine has been closed 
