2025-03-27 08:55:50,174 [INFO] Activator:176 - 


2025-03-27 08:55:50,181 [INFO] Activator:177 - !SESSION log4j initialized
2025-03-27 08:56:00,150 [INFO] LogOutputStream:77 - [STDOUT_REDIRECT] 
2025-03-27 08:56:01,353 [INFO] ApplicationProperties:184 - Using Application install path: C:\ST\STM32CubeIDE_1.16.1\STM32CubeIDE\plugins\com.st.stm32cube.common.mx_6.13.0.202411220809
2025-03-27 08:56:01,390 [INFO] DbMcusXml:78 - Set database path to: C:\ST\STM32CubeIDE_1.16.1\STM32CubeIDE\plugins\com.st.stm32cube.common.mx_6.13.0.202411220809\\db\/mcu/
2025-03-27 08:56:01,390 [INFO] ApiDb:274 - Set plugin database path to: C:\ST\STM32CubeIDE_1.16.1\STM32CubeIDE\plugins\com.st.stm32cube.common.mx_6.13.0.202411220809\\db\/plugins/boardmanager/
2025-03-27 08:56:01,392 [WARN] ApiDb:259 - Overriding images path with different value:  => C:\ST\STM32CubeIDE_1.16.1\STM32CubeIDE\plugins\com.st.stm32cube.common.mx_6.13.0.202411220809\\db\/plugins/mcufinder/images/
2025-03-27 08:56:01,407 [INFO] ApiDb:250 - Set database path to: C:\Users\user\.stmcufinder\plugins\mcufinder//mcu/
2025-03-27 08:56:01,410 [INFO] DbMcusAds:125 - Set database path to: C:\Users\user\.stmcufinder\plugins\mcufinder//mcu/
2025-03-27 08:56:01,414 [INFO] CrossReferenceDbSqlite:203 - Set database path to: C:\Users\user\.stmcufinder\plugins\mcufinder//mcu/cs/
2025-03-27 08:56:01,666 [INFO] RulesReader:64 - Compatibility file has been processed (297 Rules)
2025-03-27 08:56:01,768 [INFO] DbMcusXml:78 - Set database path to: C:\ST\STM32CubeIDE_1.16.1\STM32CubeIDE\plugins\com.st.stm32cube.common.mx_6.13.0.202411220809\\db\/mcu/
2025-03-27 08:56:01,768 [INFO] ApiDb:274 - Set plugin database path to: C:\ST\STM32CubeIDE_1.16.1\STM32CubeIDE\plugins\com.st.stm32cube.common.mx_6.13.0.202411220809\\db\/plugins/boardmanager/
2025-03-27 08:56:01,768 [INFO] ApiDb:261 - Set plugin images path to: C:\ST\STM32CubeIDE_1.16.1\STM32CubeIDE\plugins\com.st.stm32cube.common.mx_6.13.0.202411220809\\db\/plugins/mcufinder/images/
2025-03-27 08:56:01,769 [WARN] DbFile:41 - Overriding database path with different value: C:\Users\user\.stmcufinder\plugins\mcufinder/ => C:\Users\user\.stmcufinder\plugins\mcufinder
2025-03-27 08:56:01,769 [INFO] ApiDb:250 - Set database path to: C:\Users\user\.stmcufinder\plugins\mcufinder//mcu/
2025-03-27 08:56:01,769 [WARN] DbFile:41 - Overriding database path with different value: C:\Users\user\.stmcufinder\plugins\mcufinder/ => C:\Users\user\.stmcufinder\plugins\mcufinder
2025-03-27 08:56:01,769 [INFO] DbMcusAds:125 - Set database path to: C:\Users\user\.stmcufinder\plugins\mcufinder//mcu/
2025-03-27 08:56:01,769 [WARN] DbFile:41 - Overriding database path with different value: C:\Users\user\.stmcufinder\plugins\mcufinder/ => C:\Users\user\.stmcufinder\plugins\mcufinder
2025-03-27 08:56:01,769 [WARN] DbFile:41 - Overriding database path with different value: C:\Users\user\.stmcufinder\plugins\mcufinder/ => C:\Users\user\.stmcufinder\plugins\mcufinder
2025-03-27 08:56:01,770 [INFO] CrossReferenceDbSqlite:203 - Set database path to: C:\Users\user\.stmcufinder\plugins\mcufinder//mcu/cs/
2025-03-27 08:56:01,880 [INFO] MainPanel:272 - HeapMemory: 276824064
2025-03-27 08:56:02,045 [INFO] DbMcusXml:78 - Set database path to: C:\ST\STM32CubeIDE_1.16.1\STM32CubeIDE\plugins\com.st.stm32cube.common.mx_6.13.0.202411220809\\db\/mcu/
2025-03-27 08:56:02,045 [INFO] ApiDb:274 - Set plugin database path to: C:\ST\STM32CubeIDE_1.16.1\STM32CubeIDE\plugins\com.st.stm32cube.common.mx_6.13.0.202411220809\\db\/plugins/boardmanager/
2025-03-27 08:56:02,045 [INFO] ApiDb:261 - Set plugin images path to: C:\ST\STM32CubeIDE_1.16.1\STM32CubeIDE\plugins\com.st.stm32cube.common.mx_6.13.0.202411220809\\db\/plugins/mcufinder/images/
2025-03-27 08:56:02,046 [WARN] DbFile:41 - Overriding database path with different value: C:\Users\user\.stmcufinder\plugins\mcufinder/ => C:\Users\user\.stmcufinder\plugins\mcufinder
2025-03-27 08:56:02,046 [INFO] ApiDb:250 - Set database path to: C:\Users\user\.stmcufinder\plugins\mcufinder//mcu/
2025-03-27 08:56:02,046 [WARN] DbFile:41 - Overriding database path with different value: C:\Users\user\.stmcufinder\plugins\mcufinder/ => C:\Users\user\.stmcufinder\plugins\mcufinder
2025-03-27 08:56:02,046 [INFO] DbMcusAds:125 - Set database path to: C:\Users\user\.stmcufinder\plugins\mcufinder//mcu/
2025-03-27 08:56:02,046 [WARN] DbFile:41 - Overriding database path with different value: C:\Users\user\.stmcufinder\plugins\mcufinder/ => C:\Users\user\.stmcufinder\plugins\mcufinder
2025-03-27 08:56:02,046 [WARN] DbFile:41 - Overriding database path with different value: C:\Users\user\.stmcufinder\plugins\mcufinder/ => C:\Users\user\.stmcufinder\plugins\mcufinder
2025-03-27 08:56:02,046 [INFO] CrossReferenceDbSqlite:203 - Set database path to: C:\Users\user\.stmcufinder\plugins\mcufinder//mcu/cs/
2025-03-27 08:56:02,068 [INFO] ApplicationProperties:184 - Using Application install path: C:\ST\STM32CubeIDE_1.16.1\STM32CubeIDE\plugins\com.st.stm32cube.common.mx_6.13.0.202411220809
2025-03-27 08:56:02,069 [INFO] PluginManage:196 - Search for loadable plugins [exclusion list=, ]
2025-03-27 08:56:02,075 [INFO] PluginManage:310 - Check plugin analytics
2025-03-27 08:56:02,330 [INFO] AnalyticsPlugin:253 - Accepted Software Licenses: 
2025-03-27 08:56:02,330 [INFO] AnalyticsPlugin:255 - Accepted CMSIS Pack Licenses: 
2025-03-27 08:56:02,330 [INFO] AnalyticsPlugin:257 - Accepted Firmware Licenses: 
2025-03-27 08:56:02,345 [INFO] PluginManage:359 - Loaded plugin analytics (category:tool,tabindex:-1)
2025-03-27 08:56:02,345 [INFO] PluginManage:310 - Check plugin cadmodel
2025-03-27 08:56:02,353 [INFO] CADModel:105 - Init CAD model plugin
2025-03-27 08:56:02,355 [INFO] PluginManage:359 - Loaded plugin cadmodel (category:power,tabindex:5)
2025-03-27 08:56:02,356 [INFO] PluginManage:310 - Check plugin clock
2025-03-27 08:56:02,373 [INFO] PluginManage:359 - Loaded plugin clock (category:base,tabindex:2)
2025-03-27 08:56:02,373 [INFO] PluginManage:310 - Check plugin ddr
2025-03-27 08:56:02,378 [INFO] PluginManage:359 - Loaded plugin ddr (category:tool,tabindex:6)
2025-03-27 08:56:02,380 [INFO] PluginManage:310 - Check plugin filemanager
2025-03-27 08:56:02,584 [INFO] PluginManage:359 - Loaded plugin filemanager (category:base,tabindex:10)
2025-03-27 08:56:02,585 [INFO] PluginManage:310 - Check plugin ipmanager
2025-03-27 08:56:02,594 [INFO] PluginManage:359 - Loaded plugin ipmanager (category:base,tabindex:5)
2025-03-27 08:56:02,594 [INFO] PluginManage:310 - Check plugin lpbam
2025-03-27 08:56:02,603 [INFO] PluginManage:359 - Loaded plugin lpbam (category:base,tabindex:0)
2025-03-27 08:56:02,604 [INFO] PluginManage:310 - Check plugin memorymap
2025-03-27 08:56:02,619 [INFO] PluginManage:359 - Loaded plugin memorymap (category:base,tabindex:4)
2025-03-27 08:56:02,619 [INFO] PluginManage:310 - Check plugin pinoutandconfiguration
2025-03-27 08:56:02,629 [INFO] PluginManage:359 - Loaded plugin pinoutandconfiguration (category:base,tabindex:1)
2025-03-27 08:56:02,629 [INFO] PluginManage:310 - Check plugin pinoutconfig
2025-03-27 08:56:02,749 [WARN] SupportedApi:132 - Cannot load RTOS API schema: s4s-elt-must-match.1: The content of 'definitions' must match (annotation?, (simpleType | complexType)?, (unique | key | keyref)*)). A problem was found starting at: attribute.
2025-03-27 08:56:02,927 [INFO] PluginManage:359 - Loaded plugin pinoutconfig (category:base,tabindex:0)
2025-03-27 08:56:02,927 [INFO] PluginManage:310 - Check plugin power
2025-03-27 08:56:02,941 [INFO] PluginManage:359 - Loaded plugin power (category:power,tabindex:4)
2025-03-27 08:56:02,941 [INFO] PluginManage:310 - Check plugin projectmanager
2025-03-27 08:56:02,964 [INFO] PluginManage:359 - Loaded plugin projectmanager (category:projectmanager,tabindex:4)
2025-03-27 08:56:02,965 [INFO] PluginManage:310 - Check plugin rif
2025-03-27 08:56:02,978 [INFO] PluginManage:359 - Loaded plugin rif (category:base,tabindex:3)
2025-03-27 08:56:02,978 [INFO] PluginManage:310 - Check plugin thirdparty
2025-03-27 08:56:03,178 [INFO] PluginManage:359 - Loaded plugin thirdparty (category:base,tabindex:-1)
2025-03-27 08:56:03,178 [INFO] PluginManage:310 - Check plugin tools
2025-03-27 08:56:03,179 [WARN] IntegrityCheckThread:84 - waiting for thirdparty lock release [integrity check]
2025-03-27 08:56:03,180 [INFO] IntegrityCheckThread:86 - entering critical section [integrity check]
2025-03-27 08:56:03,180 [INFO] ThirdPartyUpdaterWithRetryManager:70 - Updater plugin not ready yet. [1/15]
2025-03-27 08:56:03,182 [INFO] PluginManage:359 - Loaded plugin tools (category:base,tabindex:7)
2025-03-27 08:56:03,182 [INFO] PluginManage:310 - Check plugin tutovideos
2025-03-27 08:56:03,358 [INFO] PluginManage:359 - Loaded plugin tutovideos (category:base,tabindex:-1)
2025-03-27 08:56:03,358 [INFO] PluginManage:310 - Check plugin updater
2025-03-27 08:56:03,384 [INFO] PluginManage:359 - Loaded plugin updater (category:base,tabindex:12)
2025-03-27 08:56:03,384 [INFO] PluginManage:310 - Check plugin userauth
2025-03-27 08:56:03,390 [INFO] UserAuth:118 - Init User Auth plugin
2025-03-27 08:56:03,391 [INFO] PluginManage:359 - Loaded plugin userauth (category:base,tabindex:14)
2025-03-27 08:56:03,391 [INFO] PluginManage:283 - PluginManage : Loaded plugins [18]
2025-03-27 08:56:03,642 [INFO] PinOutPanel:1589 - setPackage(No Configuration,No Configuration)
2025-03-27 08:56:03,731 [INFO] CADModel:165 - CPN selected for project level
2025-03-27 08:56:03,731 [INFO] CADModel:114 - Register for checkConnection events
2025-03-27 08:56:03,756 [INFO] IPUIPlugin:80 - create IPUIPlugin
2025-03-27 08:56:03,756 [INFO] PluginManager:220 - loadIPPluginJar : add adc
2025-03-27 08:56:03,759 [INFO] IPUIPlugin:80 - create IPUIPlugin
2025-03-27 08:56:03,761 [INFO] PluginManager:220 - loadIPPluginJar : add aes
2025-03-27 08:56:03,764 [INFO] IPUIPlugin:80 - create IPUIPlugin
2025-03-27 08:56:03,764 [INFO] PluginManager:220 - loadIPPluginJar : add can
2025-03-27 08:56:03,766 [INFO] IPUIPlugin:80 - create IPUIPlugin
2025-03-27 08:56:03,766 [INFO] PluginManager:220 - loadIPPluginJar : add comp
2025-03-27 08:56:03,769 [INFO] IPUIPlugin:80 - create IPUIPlugin
2025-03-27 08:56:03,769 [INFO] PluginManager:220 - loadIPPluginJar : add cryp
2025-03-27 08:56:03,775 [INFO] IPUIPlugin:80 - create IPUIPlugin
2025-03-27 08:56:03,775 [INFO] PluginManager:220 - loadIPPluginJar : add ddr_ctrl_phy
2025-03-27 08:56:03,778 [INFO] IPUIPlugin:80 - create IPUIPlugin
2025-03-27 08:56:03,778 [INFO] PluginManager:220 - loadIPPluginJar : add dfsdm
2025-03-27 08:56:03,785 [INFO] IPUIPlugin:80 - create IPUIPlugin
2025-03-27 08:56:03,786 [INFO] PluginManager:220 - loadIPPluginJar : add dma
2025-03-27 08:56:03,791 [INFO] IPUIPlugin:80 - create IPUIPlugin
2025-03-27 08:56:03,791 [INFO] PluginManager:220 - loadIPPluginJar : add dma3
2025-03-27 08:56:03,796 [INFO] IPUIPlugin:80 - create IPUIPlugin
2025-03-27 08:56:03,796 [INFO] PluginManager:220 - loadIPPluginJar : add extmemmanager
2025-03-27 08:56:03,798 [INFO] IPUIPlugin:80 - create IPUIPlugin
2025-03-27 08:56:03,799 [INFO] PluginManager:220 - loadIPPluginJar : add fatfs
2025-03-27 08:56:03,806 [INFO] IPUIPlugin:80 - create IPUIPlugin
2025-03-27 08:56:03,806 [INFO] PluginManager:220 - loadIPPluginJar : add fmc
2025-03-27 08:56:03,811 [INFO] IPUIPlugin:80 - create IPUIPlugin
2025-03-27 08:56:03,813 [INFO] PluginManager:220 - loadIPPluginJar : add freertos
2025-03-27 08:56:03,815 [INFO] IPUIPlugin:80 - create IPUIPlugin
2025-03-27 08:56:03,815 [INFO] PluginManager:220 - loadIPPluginJar : add genericplugin
2025-03-27 08:56:03,820 [INFO] IPUIPlugin:80 - create IPUIPlugin
2025-03-27 08:56:03,820 [INFO] PluginManager:220 - loadIPPluginJar : add gfxmmu
2025-03-27 08:56:03,831 [INFO] IPUIPlugin:80 - create IPUIPlugin
2025-03-27 08:56:03,831 [INFO] PluginManager:220 - loadIPPluginJar : add gic
2025-03-27 08:56:03,839 [INFO] IPUIPlugin:80 - create IPUIPlugin
2025-03-27 08:56:03,839 [INFO] PluginManager:220 - loadIPPluginJar : add gpio
2025-03-27 08:56:03,845 [INFO] IPUIPlugin:80 - create IPUIPlugin
2025-03-27 08:56:03,845 [INFO] PluginManager:220 - loadIPPluginJar : add gtzc
2025-03-27 08:56:03,848 [INFO] IPUIPlugin:80 - create IPUIPlugin
2025-03-27 08:56:03,848 [INFO] PluginManager:220 - loadIPPluginJar : add hash
2025-03-27 08:56:03,853 [INFO] IPUIPlugin:80 - create IPUIPlugin
2025-03-27 08:56:03,853 [INFO] PluginManager:220 - loadIPPluginJar : add i2c
2025-03-27 08:56:03,859 [INFO] IPUIPlugin:80 - create IPUIPlugin
2025-03-27 08:56:03,860 [INFO] PluginManager:220 - loadIPPluginJar : add i2s
2025-03-27 08:56:03,864 [INFO] IPUIPlugin:80 - create IPUIPlugin
2025-03-27 08:56:03,865 [INFO] PluginManager:220 - loadIPPluginJar : add i3c
2025-03-27 08:56:03,873 [INFO] IPUIPlugin:80 - create IPUIPlugin
2025-03-27 08:56:03,874 [INFO] PluginManager:220 - loadIPPluginJar : add ipddr
2025-03-27 08:56:03,884 [INFO] IPUIPlugin:80 - create IPUIPlugin
2025-03-27 08:56:03,884 [INFO] PluginManager:220 - loadIPPluginJar : add linkedlist
2025-03-27 08:56:03,891 [INFO] IPUIPlugin:80 - create IPUIPlugin
2025-03-27 08:56:03,891 [INFO] PluginManager:220 - loadIPPluginJar : add lorawan
2025-03-27 08:56:03,894 [INFO] IPUIPlugin:80 - create IPUIPlugin
2025-03-27 08:56:03,894 [INFO] PluginManager:220 - loadIPPluginJar : add ltdc
2025-03-27 08:56:03,901 [INFO] IPUIPlugin:80 - create IPUIPlugin
2025-03-27 08:56:03,901 [INFO] PluginManager:220 - loadIPPluginJar : add mdma
2025-03-27 08:56:03,909 [INFO] IPUIPlugin:80 - create IPUIPlugin
2025-03-27 08:56:03,911 [INFO] PluginManager:220 - loadIPPluginJar : add nvic
2025-03-27 08:56:03,918 [INFO] IPUIPlugin:80 - create IPUIPlugin
2025-03-27 08:56:03,918 [INFO] PluginManager:220 - loadIPPluginJar : add opamp
2025-03-27 08:56:03,925 [INFO] IPUIPlugin:80 - create IPUIPlugin
2025-03-27 08:56:03,925 [INFO] PluginManager:220 - loadIPPluginJar : add openamp
2025-03-27 08:56:03,929 [INFO] IPUIPlugin:80 - create IPUIPlugin
2025-03-27 08:56:03,929 [INFO] PluginManager:220 - loadIPPluginJar : add pdm2pcm
2025-03-27 08:56:03,936 [INFO] IPUIPlugin:80 - create IPUIPlugin
2025-03-27 08:56:03,942 [INFO] PluginManager:220 - loadIPPluginJar : add plateformsettings
2025-03-27 08:56:03,945 [INFO] IPUIPlugin:80 - create IPUIPlugin
2025-03-27 08:56:03,945 [INFO] PluginManager:220 - loadIPPluginJar : add quadspi
2025-03-27 08:56:03,947 [INFO] IPUIPlugin:80 - create IPUIPlugin
2025-03-27 08:56:03,947 [INFO] PluginManager:220 - loadIPPluginJar : add radio
2025-03-27 08:56:03,952 [INFO] IPUIPlugin:80 - create IPUIPlugin
2025-03-27 08:56:03,952 [INFO] PluginManager:220 - loadIPPluginJar : add resmgrutility
2025-03-27 08:56:03,957 [INFO] IPUIPlugin:80 - create IPUIPlugin
2025-03-27 08:56:03,957 [INFO] PluginManager:220 - loadIPPluginJar : add sai
2025-03-27 08:56:03,959 [INFO] IPUIPlugin:80 - create IPUIPlugin
2025-03-27 08:56:03,959 [INFO] PluginManager:220 - loadIPPluginJar : add spi
2025-03-27 08:56:03,964 [INFO] IPUIPlugin:80 - create IPUIPlugin
2025-03-27 08:56:03,964 [INFO] PluginManager:220 - loadIPPluginJar : add stm32_wpan
2025-03-27 08:56:03,965 [INFO] IPUIPlugin:80 - create IPUIPlugin
2025-03-27 08:56:03,965 [INFO] PluginManager:220 - loadIPPluginJar : add tim
2025-03-27 08:56:03,972 [INFO] IPUIPlugin:80 - create IPUIPlugin
2025-03-27 08:56:03,972 [INFO] PluginManager:220 - loadIPPluginJar : add touchsensing
2025-03-27 08:56:03,974 [INFO] IPUIPlugin:80 - create IPUIPlugin
2025-03-27 08:56:03,974 [INFO] PluginManager:220 - loadIPPluginJar : add tracer_emb
2025-03-27 08:56:03,976 [INFO] IPUIPlugin:80 - create IPUIPlugin
2025-03-27 08:56:03,976 [INFO] PluginManager:220 - loadIPPluginJar : add ts
2025-03-27 08:56:03,979 [INFO] IPUIPlugin:80 - create IPUIPlugin
2025-03-27 08:56:03,979 [INFO] PluginManager:220 - loadIPPluginJar : add tsc
2025-03-27 08:56:03,981 [INFO] IPUIPlugin:80 - create IPUIPlugin
2025-03-27 08:56:03,981 [INFO] PluginManager:220 - loadIPPluginJar : add ucpd
2025-03-27 08:56:03,984 [INFO] IPUIPlugin:80 - create IPUIPlugin
2025-03-27 08:56:03,984 [INFO] PluginManager:220 - loadIPPluginJar : add usart
2025-03-27 08:56:03,990 [INFO] IPUIPlugin:80 - create IPUIPlugin
2025-03-27 08:56:03,990 [INFO] PluginManager:220 - loadIPPluginJar : add usbx
2025-03-27 08:56:04,126 [FATAL] Updater:351 - Updater called before beeing initialized
2025-03-27 08:56:04,166 [INFO] RulesReader:64 - Compatibility file has been processed (297 Rules)
2025-03-27 08:56:04,184 [INFO] RulesReader:64 - Compatibility file has been processed (297 Rules)
2025-03-27 08:56:04,194 [INFO] CADModel:165 - CPN selected for project level
2025-03-27 08:56:04,194 [INFO] CADModel:114 - Register for checkConnection events
2025-03-27 08:56:04,195 [FATAL] Updater:351 - Updater called before beeing initialized
2025-03-27 08:56:04,195 [ERROR] CADModel:125 - Updater not yet initialized, retry later 
2025-03-27 08:56:04,395 [FATAL] Updater:351 - Updater called before beeing initialized
2025-03-27 08:56:04,397 [INFO] CADModel:165 - CPN selected for project level
2025-03-27 08:56:04,397 [INFO] CADModel:114 - Register for checkConnection events
2025-03-27 08:56:04,397 [FATAL] Updater:351 - Updater called before beeing initialized
2025-03-27 08:56:04,397 [ERROR] CADModel:125 - Updater not yet initialized, retry later 
2025-03-27 08:56:04,402 [FATAL] Updater:351 - Updater called before beeing initialized
2025-03-27 08:56:04,591 [FATAL] Updater:351 - Updater called before beeing initialized
2025-03-27 08:56:04,595 [INFO] DbMcusAds:53 - JSON generation date=Thu Mar 06 21:54:21 ICT 2025 (1741272861825)
2025-03-27 08:56:04,595 [FATAL] Updater:351 - Updater called before beeing initialized
2025-03-27 08:56:04,646 [WARN] DetailPanel:346 - Failed to get advertising image, set to default
2025-03-27 08:56:04,851 [FATAL] Updater:351 - Updater called before beeing initialized
2025-03-27 08:56:04,855 [FATAL] Updater:351 - Updater called before beeing initialized
2025-03-27 08:56:04,855 [FATAL] Updater:351 - Updater called before beeing initialized
2025-03-27 08:56:04,855 [WARN] DetailPanel:346 - Failed to get advertising image, set to default
2025-03-27 08:56:04,856 [FATAL] Updater:351 - Updater called before beeing initialized
2025-03-27 08:56:04,906 [ERROR] Updater:1198 - MainUpdater not yet initialized. External WinMGr cannot be set.
2025-03-27 08:56:04,909 [INFO] Updater:1134 - Updater Version found : 6.13.0
2025-03-27 08:56:04,927 [INFO] ApplicationProperties:184 - Using Application install path: C:\ST\STM32CubeIDE_1.16.1\STM32CubeIDE\plugins\com.st.stm32cube.common.mx_6.13.0.202411220809
2025-03-27 08:56:06,181 [INFO] ThirdPartyUpdaterWithRetryManager:70 - Updater plugin not ready yet. [2/15]
2025-03-27 08:56:06,682 [INFO] MainUpdater:2872 - connection check result : 10
2025-03-27 08:56:06,682 [INFO] MainUpdater:289 - Updater Check For Update Now.
2025-03-27 08:56:06,682 [INFO] MicroXplorer:498 - Change Database Version : DB.6.0.130
2025-03-27 08:56:06,691 [INFO] McuFinderGlobals:63 - Set McuFinder mode to 2 (CubeIDE integrated)
2025-03-27 08:56:06,693 [INFO] UserAuth:486 - Internet connection configuration mode: 1
2025-03-27 08:56:06,724 [INFO] JxBrowserEngine:152 - Initiate JxBrowser Engine with user profile folder
2025-03-27 08:56:06,916 [INFO] CheckServerUpdateThread:120 - End of CheckServer Thread
2025-03-27 08:56:07,949 [INFO] WebApp:168 - Instantiating new browser for Auth
2025-03-27 08:56:09,001 [INFO] WebApp:449 - Apply proxy settings
2025-03-27 08:56:09,001 [INFO] WebApp:534 - Chromium requires no authentication
2025-03-27 08:56:09,049 [INFO] WebApp:477 - Direct internet connection detected
2025-03-27 08:56:09,095 [INFO] WebApp:880 - Register for checkConnection events
2025-03-27 08:56:09,095 [INFO] WebApp:449 - Apply proxy settings
2025-03-27 08:56:09,095 [INFO] WebApp:534 - Chromium requires no authentication
2025-03-27 08:56:09,095 [INFO] WebApp:477 - Direct internet connection detected
2025-03-27 08:56:09,455 [INFO] WebApp:221 - Starting web application
2025-03-27 08:56:09,455 [INFO] WebApp:579 - Web application path used C:\ST\STM32CubeIDE_1.16.1\STM32CubeIDE\plugins\com.st.stm32cube.common.mx_6.13.0.202411220809\db\plugins\mcufinder\reactClient1\index.html
2025-03-27 08:56:09,636 [INFO] UserAuth:486 - Internet connection configuration mode: 1
2025-03-27 08:56:09,663 [WARN] PackLoader:240 - Cannot read IP mode file for STMicroelectronics.FP-SNS-MOTENVWB1.1.4.0
2025-03-27 08:56:09,686 [WARN] PackLoader:240 - Cannot read IP mode file for STMicroelectronics.FP-ATR-ASTRA1.2.0.2
2025-03-27 08:56:09,700 [WARN] PackLoader:240 - Cannot read IP mode file for STMicroelectronics.FP-ATR-ASTRA1.2.0.1
2025-03-27 08:56:09,718 [WARN] PackLoader:240 - Cannot read IP mode file for STMicroelectronics.X-CUBE-SMBUS.2.1.0
2025-03-27 08:56:09,764 [WARN] PackLoader:240 - Cannot read IP mode file for STMicroelectronics.X-CUBE-WB05N.1.1.0
2025-03-27 08:56:09,774 [WARN] PackLoader:240 - Cannot read IP mode file for STMicroelectronics.X-CUBE-TOUCHGFX.4.23.2
2025-03-27 08:56:09,879 [WARN] PackLoader:240 - Cannot read IP mode file for STMicroelectronics.X-CUBE-AZRTOS-F7.1.1.0
2025-03-27 08:56:10,115 [WARN] PackLoader:240 - Cannot read IP mode file for STMicroelectronics.X-CUBE-MEMS1.11.0.0
2025-03-27 08:56:10,768 [WARN] PackLoader:240 - Cannot read IP mode file for STMicroelectronics.FP-SNS-FLIGHT1.5.0.2
2025-03-27 08:56:10,886 [WARN] PackLoader:240 - Cannot read IP mode file for Infineon.AIROC-Wi-Fi-Bluetooth-STM32.1.7.0
2025-03-27 08:56:10,909 [WARN] PackLoader:240 - Cannot read IP mode file for STMicroelectronics.X-CUBE-DISPLAY.3.0.0
2025-03-27 08:56:10,929 [WARN] PackLoader:240 - Cannot read IP mode file for STMicroelectronics.X-CUBE-BLE1.7.0.0
2025-03-27 08:56:10,941 [WARN] PackLoader:240 - Cannot read IP mode file for STMicroelectronics.X-CUBE-NFC10.1.0.0
2025-03-27 08:56:10,953 [WARN] PackLoader:240 - Cannot read IP mode file for STMicroelectronics.X-CUBE-BLEMGR.4.0.0
2025-03-27 08:56:10,965 [WARN] PackLoader:240 - Cannot read IP mode file for emotas.I-CUBE-CANOPEN.1.3.0
2025-03-27 08:56:10,969 [WARN] PackLoader:240 - Cannot read IP mode file for STMicroelectronics.X-CUBE-TOUCHGFX.4.22.0
2025-03-27 08:56:10,981 [WARN] PackLoader:240 - Cannot read IP mode file for STMicroelectronics.X-CUBE-BLEMGR.3.1.0
2025-03-27 08:56:10,995 [WARN] PackLoader:240 - Cannot read IP mode file for STMicroelectronics.X-CUBE-AI.10.0.0
2025-03-27 08:56:11,001 [WARN] PackLoader:240 - Cannot read IP mode file for STMicroelectronics.FP-SNS-SMARTAG2.1.2.0
2025-03-27 08:56:11,013 [WARN] PackLoader:240 - Cannot read IP mode file for STMicroelectronics.FP-SNS-FLIGHT1.5.1.0
2025-03-27 08:56:11,144 [WARN] PackLoader:240 - Cannot read IP mode file for STMicroelectronics.X-CUBE-MEMS1.11.1.0
2025-03-27 08:56:11,370 [INFO] LogOutputStream:77 - [STDOUT_REDIRECT] 1 : Invalid condition id : UX_CORESTACK_Condition cause : null
2025-03-27 08:56:11,370 [INFO] LogOutputStream:77 - [STDOUT_REDIRECT] 1 : Invalid condition id : UX_CORESTACK_Condition cause : null
2025-03-27 08:56:11,378 [INFO] LogOutputStream:77 - [STDOUT_REDIRECT] 1 : Invalid condition id : UX_CORESTACK_Condition cause : null
2025-03-27 08:56:11,380 [INFO] LogOutputStream:77 - [STDOUT_REDIRECT] 1 : Invalid condition id : UX_CORESTACK_Condition cause : null
2025-03-27 08:56:11,381 [INFO] LogOutputStream:77 - [STDOUT_REDIRECT] 1 : Invalid condition id : UX_CORESTACK_Condition cause : null
2025-03-27 08:56:11,384 [WARN] PackLoader:240 - Cannot read IP mode file for STMicroelectronics.X-CUBE-AZRTOS-WL.2.0.0
2025-03-27 08:56:11,399 [WARN] PackLoader:240 - Cannot read IP mode file for STMicroelectronics.FP-SNS-MOTENV1.5.0.0
2025-03-27 08:56:11,409 [WARN] PackLoader:240 - Cannot read IP mode file for wolfSSL.I-CUBE-wolfMQTT.1.19.0
2025-03-27 08:56:11,424 [WARN] PackLoader:240 - Cannot read IP mode file for WES.I-CUBE-Cesium.1.3.0
2025-03-27 08:56:11,429 [WARN] PackLoader:240 - Cannot read IP mode file for STMicroelectronics.X-CUBE-BLE2.3.3.0
2025-03-27 08:56:11,435 [WARN] PackLoader:240 - Cannot read IP mode file for STMicroelectronics.X-CUBE-NFC9.1.0.0
2025-03-27 08:56:11,446 [WARN] PackLoader:240 - Cannot read IP mode file for STMicroelectronics.X-CUBE-BLE1.7.1.0
2025-03-27 08:56:11,450 [WARN] PackLoader:240 - Cannot read IP mode file for wolfSSL.I-CUBE-wolfMQTT.1.19.2
2025-03-27 08:56:11,476 [WARN] PackLoader:240 - Cannot read IP mode file for STMicroelectronics.X-CUBE-TCPP.4.1.0
2025-03-27 08:56:11,549 [WARN] PackLoader:240 - Cannot read IP mode file for STMicroelectronics.X-CUBE-TOUCHGFX.4.21.4
2025-03-27 08:56:11,933 [WARN] PackLoader:240 - Cannot read IP mode file for STMicroelectronics.X-CUBE-AZRTOS-G0.1.1.0
2025-03-27 08:56:11,953 [WARN] PackLoader:240 - Cannot read IP mode file for STMicroelectronics.X-CUBE-SAFEA1.1.2.2
2025-03-27 08:56:11,965 [WARN] PackLoader:240 - Cannot read IP mode file for STMicroelectronics.X-CUBE-NFC4.3.0.0
2025-03-27 08:56:11,999 [WARN] PackLoader:240 - Cannot read IP mode file for EmbeddedOffice.I-CUBE-FS-RTOS.1.0.1
2025-03-27 08:56:12,077 [WARN] PackLoader:240 - Cannot read IP mode file for wolfSSL.I-CUBE-wolfTPM.3.8.0
2025-03-27 08:56:12,145 [WARN] PackLoader:240 - Cannot read IP mode file for STMicroelectronics.X-CUBE-TCPP.4.2.0
2025-03-27 08:56:12,415 [WARN] PackLoader:240 - Cannot read IP mode file for RealThread.X-CUBE-RT-Thread_Nano.4.1.1
2025-03-27 08:56:12,460 [WARN] PackLoader:240 - Cannot read IP mode file for wolfSSL.I-CUBE-wolfSSL.5.7.0
2025-03-27 08:56:12,484 [WARN] PackLoader:240 - Cannot read IP mode file for STMicroelectronics.FP-ATR-SIGFOX1.3.2.0
2025-03-27 08:56:12,491 [WARN] ConditionMgr:438 - getConditionDescription Invalid condition id : Cortex-A Device cause : null
2025-03-27 08:56:12,535 [WARN] ConditionMgr:1044 - genDependencies : Invalid condition id : Cortex-A Device cause : null
2025-03-27 08:56:12,535 [WARN] ConditionMgr:1044 - genDependencies : Invalid condition id : Cortex-A Device cause : null
2025-03-27 08:56:12,535 [WARN] ConditionMgr:1044 - genDependencies : Invalid condition id : Cortex-A Device cause : null
2025-03-27 08:56:12,574 [WARN] PackLoader:240 - Cannot read IP mode file for STMicroelectronics.X-CUBE-EEPRMA1.5.1.0
2025-03-27 08:56:12,579 [WARN] PackLoader:240 - Cannot read IP mode file for wolfSSL.I-CUBE-wolfSSL.5.7.6
2025-03-27 08:56:12,586 [WARN] PackLoader:240 - Cannot read IP mode file for ITTIA_DB.I-CUBE-ITTIADB.8.9.0
2025-03-27 08:56:12,647 [WARN] PackLoader:240 - Cannot read IP mode file for SEGGER.I-CUBE-embOS.1.3.1
2025-03-27 08:56:12,701 [WARN] PackLoader:240 - Cannot read IP mode file for STMicroelectronics.X-CUBE-ALGOBUILD.1.4.0
2025-03-27 08:56:12,711 [WARN] PackLoader:240 - Cannot read IP mode file for STMicroelectronics.X-CUBE-AI.9.1.0
2025-03-27 08:56:12,717 [WARN] PackLoader:240 - Cannot read IP mode file for STMicroelectronics.X-CUBE-GNSS1.6.0.0
2025-03-27 08:56:12,761 [WARN] PackLoader:240 - Cannot read IP mode file for STMicroelectronics.X-CUBE-AZRTOS-F4.1.1.0
2025-03-27 08:56:12,782 [WARN] PackLoader:240 - Cannot read IP mode file for STMicroelectronics.X-CUBE-ISPU.2.1.0
2025-03-27 08:56:12,794 [WARN] PackLoader:240 - Cannot read IP mode file for STMicroelectronics.X-CUBE-FREERTOS.1.2.0
2025-03-27 08:56:12,830 [WARN] PackLoader:240 - Cannot read IP mode file for STMicroelectronics.X-CUBE-AZRTOS-L5.2.0.0
2025-03-27 08:56:12,851 [WARN] PackLoader:240 - Cannot read IP mode file for STMicroelectronics.X-CUBE-NFC6.3.1.0
2025-03-27 08:56:12,882 [WARN] PackLoader:240 - Cannot read IP mode file for STMicroelectronics.X-CUBE-DPower.1.2.0
2025-03-27 08:56:12,886 [WARN] PackLoader:240 - Cannot read IP mode file for STMicroelectronics.X-CUBE-AI.9.0.0
2025-03-27 08:56:12,893 [WARN] PackLoader:240 - Cannot read IP mode file for STMicroelectronics.X-CUBE-FREERTOS.1.3.0
2025-03-27 08:56:12,909 [WARN] PackLoader:240 - Cannot read IP mode file for STMicroelectronics.X-CUBE-NFC7.1.0.1
2025-03-27 08:56:12,915 [WARN] PackLoader:240 - Cannot read IP mode file for wolfSSL.I-CUBE-wolfTPM.3.2.0
2025-03-27 08:56:13,219 [WARN] ConditionMgr:438 - getConditionDescription Invalid condition id : LAN8742 Phy interface Condition cause : null
2025-03-27 08:56:13,220 [WARN] PackLoader:240 - Cannot read IP mode file for STMicroelectronics.X-CUBE-AZRTOS-L4.2.0.0
2025-03-27 08:56:13,230 [WARN] ConditionMgr:1044 - genDependencies : Invalid condition id : LAN8742 Phy interface Condition cause : null
2025-03-27 08:56:13,230 [WARN] ConditionMgr:1044 - genDependencies : Invalid condition id : LAN8742 Phy interface Condition cause : null
2025-03-27 08:56:13,231 [WARN] ConditionMgr:1044 - genDependencies : Invalid condition id : LAN8742 Phy interface Condition cause : null
2025-03-27 08:56:13,296 [WARN] PackLoader:240 - Cannot read IP mode file for STMicroelectronics.X-CUBE-SFXS2LP1.4.0.0
2025-03-27 08:56:13,351 [WARN] PackLoader:240 - Cannot read IP mode file for STMicroelectronics.X-CUBE-AZRTOS-H7.3.3.0
2025-03-27 08:56:13,399 [WARN] PackLoader:240 - Cannot read IP mode file for STMicroelectronics.X-CUBE-IPS.3.0.0
2025-03-27 08:56:13,428 [WARN] ConditionMgr:438 - getConditionDescription Invalid condition id : UX DEVICE CLASS RTOS Condition cause : null
2025-03-27 08:56:13,429 [WARN] ConditionMgr:438 - getConditionDescription Invalid condition id : UX DEVICE CLASS RTOS Condition cause : null
2025-03-27 08:56:13,430 [WARN] PackLoader:240 - Cannot read IP mode file for STMicroelectronics.X-CUBE-AZRTOS-WB.2.0.0
2025-03-27 08:56:13,434 [WARN] ConditionMgr:1044 - genDependencies : Invalid condition id : UX DEVICE CLASS RTOS Condition cause : null
2025-03-27 08:56:13,435 [WARN] ConditionMgr:1044 - genDependencies : Invalid condition id : UX DEVICE CLASS RTOS Condition cause : null
2025-03-27 08:56:13,435 [WARN] ConditionMgr:1044 - genDependencies : Invalid condition id : UX DEVICE CLASS RTOS Condition cause : null
2025-03-27 08:56:13,435 [WARN] ConditionMgr:1044 - genDependencies : Invalid condition id : UX DEVICE CLASS RTOS Condition cause : null
2025-03-27 08:56:13,435 [WARN] ConditionMgr:1044 - genDependencies : Invalid condition id : UX DEVICE CLASS RTOS Condition cause : null
2025-03-27 08:56:13,448 [WARN] PackLoader:240 - Cannot read IP mode file for STMicroelectronics.X-CUBE-GNSS1.7.0.0
2025-03-27 08:56:13,458 [WARN] PackLoader:240 - Cannot read IP mode file for STMicroelectronics.X-CUBE-GNSS1.7.0.1
2025-03-27 08:56:13,463 [WARN] PackLoader:240 - Cannot read IP mode file for STMicroelectronics.X-CUBE-TOUCHGFX.4.25.0
2025-03-27 08:56:13,484 [WARN] PackLoader:240 - Cannot read IP mode file for STMicroelectronics.FP-SNS-STBOX1.2.0.0
2025-03-27 08:56:13,500 [WARN] PackLoader:240 - Cannot read IP mode file for STMicroelectronics.X-CUBE-SUBG2.5.0.0
2025-03-27 08:56:13,529 [WARN] PackLoader:240 - Cannot read IP mode file for STMicroelectronics.X-CUBE-AZRTOS-H7RS.1.1.0
2025-03-27 08:56:13,536 [WARN] PackLoader:240 - Cannot read IP mode file for Cesanta.I-CUBE-Mongoose.7.13.0
2025-03-27 08:56:13,551 [WARN] PackLoader:240 - Cannot read IP mode file for STMicroelectronics.X-CUBE-AZRTOS-G4.2.0.0
2025-03-27 08:56:13,561 [WARN] PackLoader:240 - Cannot read IP mode file for wolfSSL.I-CUBE-wolfSSH.1.4.20
2025-03-27 08:56:13,568 [WARN] PackLoader:240 - Cannot read IP mode file for STMicroelectronics.X-CUBE-ISPU.2.0.0
2025-03-27 08:56:13,582 [WARN] PackLoader:240 - Cannot read IP mode file for STMicroelectronics.X-CUBE-IPS.3.1.0
2025-03-27 08:56:13,597 [WARN] PackLoader:240 - Cannot read IP mode file for STMicroelectronics.X-CUBE-ALS.1.0.2
2025-03-27 08:56:13,634 [WARN] PackLoader:240 - Cannot read IP mode file for STMicroelectronics.X-CUBE-MEMS1.10.0.0
2025-03-27 08:56:13,800 [WARN] PackLoader:240 - Cannot read IP mode file for STMicroelectronics.X-CUBE-TOUCHGFX.4.24.0
2025-03-27 08:56:13,808 [WARN] PackLoader:240 - Cannot read IP mode file for STMicroelectronics.X-CUBE-TOUCHGFX.4.24.2
2025-03-27 08:56:13,813 [WARN] PackLoader:240 - Cannot read IP mode file for STMicroelectronics.X-CUBE-TOUCHGFX.4.24.1
2025-03-27 08:56:13,818 [WARN] PackLoader:240 - Cannot read IP mode file for wolfSSL.I-CUBE-wolfTPM.3.4.0
2025-03-27 08:56:13,859 [WARN] PackLoader:240 - Cannot read IP mode file for portGmbH.I-Cube-SoM-uGOAL.1.1.0
2025-03-27 08:56:13,896 [WARN] PackLoader:240 - Cannot read IP mode file for STMicroelectronics.X-CUBE-AZRTOS-H7RS.1.0.0
2025-03-27 08:56:13,975 [WARN] PackLoader:240 - Cannot read IP mode file for STMicroelectronics.FP-ATR-ASTRA1.2.0.0
2025-03-27 08:56:13,985 [WARN] PackLoader:240 - Cannot read IP mode file for STMicroelectronics.X-CUBE-TOF1.3.4.2
2025-03-27 08:56:14,064 [WARN] PackLoader:240 - Cannot read IP mode file for STMicroelectronics.X-CUBE-TOF1.3.4.1
2025-03-27 08:56:14,103 [WARN] PackLoader:240 - Cannot read IP mode file for STMicroelectronics.X-CUBE-AZRTOS-H7.3.2.0
2025-03-27 08:56:14,133 [WARN] PackLoader:240 - Cannot read IP mode file for Infineon.AIROC-Wi-Fi-Bluetooth-STM32.1.6.0
2025-03-27 08:56:14,150 [WARN] PackLoader:240 - Cannot read IP mode file for wolfSSL.I-CUBE-wolfSSH.1.4.17
2025-03-27 08:56:14,151 [INFO] ThirdParty:978 - Integrity check success = true
2025-03-27 08:56:14,151 [INFO] IntegrityCheckThread:100 - exiting critical section [integrity check]
2025-03-27 08:56:14,151 [INFO] IntegrityCheckThread:103 - End integrity checks thread
2025-03-27 08:56:14,691 [INFO] WebApp:187 - Connection restablished
2025-03-27 17:30:27,618 [ERROR] LogOutputStream:75 - [STDERR_REDIRECT] 
