2025-04-04 10:17:29,029 [INFO] Activator:176 - 


2025-04-04 10:17:29,034 [INFO] Activator:177 - !SESSION log4j initialized
2025-04-04 10:17:32,874 [INFO] LogOutputStream:77 - [STDOUT_REDIRECT] 
2025-04-04 10:17:34,882 [INFO] ApplicationProperties:184 - Using Application install path: C:\ST\STM32CubeIDE_1.16.1\STM32CubeIDE\plugins\com.st.stm32cube.common.mx_6.13.0.202411220809
2025-04-04 10:17:34,902 [INFO] DbMcusXml:78 - Set database path to: C:\ST\STM32CubeIDE_1.16.1\STM32CubeIDE\plugins\com.st.stm32cube.common.mx_6.13.0.202411220809\\db\/mcu/
2025-04-04 10:17:34,902 [INFO] ApiDb:274 - Set plugin database path to: C:\ST\STM32CubeIDE_1.16.1\STM32CubeIDE\plugins\com.st.stm32cube.common.mx_6.13.0.202411220809\\db\/plugins/boardmanager/
2025-04-04 10:17:34,903 [WARN] ApiDb:259 - Overriding images path with different value:  => C:\ST\STM32CubeIDE_1.16.1\STM32CubeIDE\plugins\com.st.stm32cube.common.mx_6.13.0.202411220809\\db\/plugins/mcufinder/images/
2025-04-04 10:17:34,913 [INFO] ApiDb:250 - Set database path to: C:\Users\user\.stmcufinder\plugins\mcufinder//mcu/
2025-04-04 10:17:34,915 [INFO] DbMcusAds:125 - Set database path to: C:\Users\user\.stmcufinder\plugins\mcufinder//mcu/
2025-04-04 10:17:34,918 [INFO] CrossReferenceDbSqlite:203 - Set database path to: C:\Users\user\.stmcufinder\plugins\mcufinder//mcu/cs/
2025-04-04 10:17:35,047 [INFO] RulesReader:64 - Compatibility file has been processed (297 Rules)
2025-04-04 10:17:35,140 [INFO] DbMcusXml:78 - Set database path to: C:\ST\STM32CubeIDE_1.16.1\STM32CubeIDE\plugins\com.st.stm32cube.common.mx_6.13.0.202411220809\\db\/mcu/
2025-04-04 10:17:35,140 [INFO] ApiDb:274 - Set plugin database path to: C:\ST\STM32CubeIDE_1.16.1\STM32CubeIDE\plugins\com.st.stm32cube.common.mx_6.13.0.202411220809\\db\/plugins/boardmanager/
2025-04-04 10:17:35,140 [INFO] ApiDb:261 - Set plugin images path to: C:\ST\STM32CubeIDE_1.16.1\STM32CubeIDE\plugins\com.st.stm32cube.common.mx_6.13.0.202411220809\\db\/plugins/mcufinder/images/
2025-04-04 10:17:35,140 [WARN] DbFile:41 - Overriding database path with different value: C:\Users\user\.stmcufinder\plugins\mcufinder/ => C:\Users\user\.stmcufinder\plugins\mcufinder
2025-04-04 10:17:35,140 [INFO] ApiDb:250 - Set database path to: C:\Users\user\.stmcufinder\plugins\mcufinder//mcu/
2025-04-04 10:17:35,140 [WARN] DbFile:41 - Overriding database path with different value: C:\Users\user\.stmcufinder\plugins\mcufinder/ => C:\Users\user\.stmcufinder\plugins\mcufinder
2025-04-04 10:17:35,140 [INFO] DbMcusAds:125 - Set database path to: C:\Users\user\.stmcufinder\plugins\mcufinder//mcu/
2025-04-04 10:17:35,140 [WARN] DbFile:41 - Overriding database path with different value: C:\Users\user\.stmcufinder\plugins\mcufinder/ => C:\Users\user\.stmcufinder\plugins\mcufinder
2025-04-04 10:17:35,141 [WARN] DbFile:41 - Overriding database path with different value: C:\Users\user\.stmcufinder\plugins\mcufinder/ => C:\Users\user\.stmcufinder\plugins\mcufinder
2025-04-04 10:17:35,141 [INFO] CrossReferenceDbSqlite:203 - Set database path to: C:\Users\user\.stmcufinder\plugins\mcufinder//mcu/cs/
2025-04-04 10:17:35,231 [INFO] MainPanel:272 - HeapMemory: 268435456
2025-04-04 10:17:35,359 [INFO] DbMcusXml:78 - Set database path to: C:\ST\STM32CubeIDE_1.16.1\STM32CubeIDE\plugins\com.st.stm32cube.common.mx_6.13.0.202411220809\\db\/mcu/
2025-04-04 10:17:35,359 [INFO] ApiDb:274 - Set plugin database path to: C:\ST\STM32CubeIDE_1.16.1\STM32CubeIDE\plugins\com.st.stm32cube.common.mx_6.13.0.202411220809\\db\/plugins/boardmanager/
2025-04-04 10:17:35,359 [INFO] ApiDb:261 - Set plugin images path to: C:\ST\STM32CubeIDE_1.16.1\STM32CubeIDE\plugins\com.st.stm32cube.common.mx_6.13.0.202411220809\\db\/plugins/mcufinder/images/
2025-04-04 10:17:35,359 [WARN] DbFile:41 - Overriding database path with different value: C:\Users\user\.stmcufinder\plugins\mcufinder/ => C:\Users\user\.stmcufinder\plugins\mcufinder
2025-04-04 10:17:35,359 [INFO] ApiDb:250 - Set database path to: C:\Users\user\.stmcufinder\plugins\mcufinder//mcu/
2025-04-04 10:17:35,359 [WARN] DbFile:41 - Overriding database path with different value: C:\Users\user\.stmcufinder\plugins\mcufinder/ => C:\Users\user\.stmcufinder\plugins\mcufinder
2025-04-04 10:17:35,359 [INFO] DbMcusAds:125 - Set database path to: C:\Users\user\.stmcufinder\plugins\mcufinder//mcu/
2025-04-04 10:17:35,359 [WARN] DbFile:41 - Overriding database path with different value: C:\Users\user\.stmcufinder\plugins\mcufinder/ => C:\Users\user\.stmcufinder\plugins\mcufinder
2025-04-04 10:17:35,359 [WARN] DbFile:41 - Overriding database path with different value: C:\Users\user\.stmcufinder\plugins\mcufinder/ => C:\Users\user\.stmcufinder\plugins\mcufinder
2025-04-04 10:17:35,359 [INFO] CrossReferenceDbSqlite:203 - Set database path to: C:\Users\user\.stmcufinder\plugins\mcufinder//mcu/cs/
2025-04-04 10:17:35,379 [INFO] ApplicationProperties:184 - Using Application install path: C:\ST\STM32CubeIDE_1.16.1\STM32CubeIDE\plugins\com.st.stm32cube.common.mx_6.13.0.202411220809
2025-04-04 10:17:35,381 [INFO] PluginManage:196 - Search for loadable plugins [exclusion list=, ]
2025-04-04 10:17:35,383 [INFO] PluginManage:310 - Check plugin analytics
2025-04-04 10:17:35,605 [INFO] AnalyticsPlugin:253 - Accepted Software Licenses: 
2025-04-04 10:17:35,605 [INFO] AnalyticsPlugin:255 - Accepted CMSIS Pack Licenses: 
2025-04-04 10:17:35,606 [INFO] AnalyticsPlugin:257 - Accepted Firmware Licenses: 
2025-04-04 10:17:35,610 [INFO] PluginManage:359 - Loaded plugin analytics (category:tool,tabindex:-1)
2025-04-04 10:17:35,611 [INFO] PluginManage:310 - Check plugin cadmodel
2025-04-04 10:17:35,625 [INFO] CADModel:105 - Init CAD model plugin
2025-04-04 10:17:35,625 [INFO] PluginManage:359 - Loaded plugin cadmodel (category:power,tabindex:5)
2025-04-04 10:17:35,626 [INFO] PluginManage:310 - Check plugin clock
2025-04-04 10:17:35,642 [INFO] PluginManage:359 - Loaded plugin clock (category:base,tabindex:2)
2025-04-04 10:17:35,643 [INFO] PluginManage:310 - Check plugin ddr
2025-04-04 10:17:35,645 [INFO] PluginManage:359 - Loaded plugin ddr (category:tool,tabindex:6)
2025-04-04 10:17:35,645 [INFO] PluginManage:310 - Check plugin filemanager
2025-04-04 10:17:35,817 [INFO] PluginManage:359 - Loaded plugin filemanager (category:base,tabindex:10)
2025-04-04 10:17:35,817 [INFO] PluginManage:310 - Check plugin ipmanager
2025-04-04 10:17:35,825 [INFO] PluginManage:359 - Loaded plugin ipmanager (category:base,tabindex:5)
2025-04-04 10:17:35,825 [INFO] PluginManage:310 - Check plugin lpbam
2025-04-04 10:17:35,867 [INFO] PluginManage:359 - Loaded plugin lpbam (category:base,tabindex:0)
2025-04-04 10:17:35,868 [INFO] PluginManage:310 - Check plugin memorymap
2025-04-04 10:17:35,892 [INFO] PluginManage:359 - Loaded plugin memorymap (category:base,tabindex:4)
2025-04-04 10:17:35,892 [INFO] PluginManage:310 - Check plugin pinoutandconfiguration
2025-04-04 10:17:35,929 [INFO] PluginManage:359 - Loaded plugin pinoutandconfiguration (category:base,tabindex:1)
2025-04-04 10:17:35,929 [INFO] PluginManage:310 - Check plugin pinoutconfig
2025-04-04 10:17:36,134 [WARN] SupportedApi:132 - Cannot load RTOS API schema: s4s-elt-must-match.1: The content of 'definitions' must match (annotation?, (simpleType | complexType)?, (unique | key | keyref)*)). A problem was found starting at: attribute.
2025-04-04 10:17:36,317 [INFO] PluginManage:359 - Loaded plugin pinoutconfig (category:base,tabindex:0)
2025-04-04 10:17:36,318 [INFO] PluginManage:310 - Check plugin power
2025-04-04 10:17:36,336 [INFO] PluginManage:359 - Loaded plugin power (category:power,tabindex:4)
2025-04-04 10:17:36,336 [INFO] PluginManage:310 - Check plugin projectmanager
2025-04-04 10:17:36,359 [INFO] PluginManage:359 - Loaded plugin projectmanager (category:projectmanager,tabindex:4)
2025-04-04 10:17:36,359 [INFO] PluginManage:310 - Check plugin rif
2025-04-04 10:17:36,370 [INFO] PluginManage:359 - Loaded plugin rif (category:base,tabindex:3)
2025-04-04 10:17:36,371 [INFO] PluginManage:310 - Check plugin thirdparty
2025-04-04 10:17:36,559 [WARN] IntegrityCheckThread:84 - waiting for thirdparty lock release [integrity check]
2025-04-04 10:17:36,560 [INFO] PluginManage:359 - Loaded plugin thirdparty (category:base,tabindex:-1)
2025-04-04 10:17:36,560 [INFO] PluginManage:310 - Check plugin tools
2025-04-04 10:17:36,560 [INFO] IntegrityCheckThread:86 - entering critical section [integrity check]
2025-04-04 10:17:36,560 [INFO] ThirdPartyUpdaterWithRetryManager:70 - Updater plugin not ready yet. [1/15]
2025-04-04 10:17:36,563 [INFO] PluginManage:359 - Loaded plugin tools (category:base,tabindex:7)
2025-04-04 10:17:36,563 [INFO] PluginManage:310 - Check plugin tutovideos
2025-04-04 10:17:36,742 [INFO] PluginManage:359 - Loaded plugin tutovideos (category:base,tabindex:-1)
2025-04-04 10:17:36,743 [INFO] PluginManage:310 - Check plugin updater
2025-04-04 10:17:36,770 [INFO] PluginManage:359 - Loaded plugin updater (category:base,tabindex:12)
2025-04-04 10:17:36,770 [INFO] PluginManage:310 - Check plugin userauth
2025-04-04 10:17:36,776 [INFO] UserAuth:118 - Init User Auth plugin
2025-04-04 10:17:36,777 [INFO] PluginManage:359 - Loaded plugin userauth (category:base,tabindex:14)
2025-04-04 10:17:36,778 [INFO] PluginManage:283 - PluginManage : Loaded plugins [18]
2025-04-04 10:17:37,006 [INFO] PinOutPanel:1589 - setPackage(No Configuration,No Configuration)
2025-04-04 10:17:37,099 [INFO] CADModel:165 - CPN selected for project level
2025-04-04 10:17:37,099 [INFO] CADModel:114 - Register for checkConnection events
2025-04-04 10:17:37,126 [INFO] IPUIPlugin:80 - create IPUIPlugin
2025-04-04 10:17:37,126 [INFO] PluginManager:220 - loadIPPluginJar : add adc
2025-04-04 10:17:37,130 [INFO] IPUIPlugin:80 - create IPUIPlugin
2025-04-04 10:17:37,130 [INFO] PluginManager:220 - loadIPPluginJar : add aes
2025-04-04 10:17:37,134 [INFO] IPUIPlugin:80 - create IPUIPlugin
2025-04-04 10:17:37,135 [INFO] PluginManager:220 - loadIPPluginJar : add can
2025-04-04 10:17:37,140 [INFO] IPUIPlugin:80 - create IPUIPlugin
2025-04-04 10:17:37,140 [INFO] PluginManager:220 - loadIPPluginJar : add comp
2025-04-04 10:17:37,145 [INFO] IPUIPlugin:80 - create IPUIPlugin
2025-04-04 10:17:37,145 [INFO] PluginManager:220 - loadIPPluginJar : add cryp
2025-04-04 10:17:37,149 [INFO] IPUIPlugin:80 - create IPUIPlugin
2025-04-04 10:17:37,149 [INFO] PluginManager:220 - loadIPPluginJar : add ddr_ctrl_phy
2025-04-04 10:17:37,153 [INFO] IPUIPlugin:80 - create IPUIPlugin
2025-04-04 10:17:37,153 [INFO] PluginManager:220 - loadIPPluginJar : add dfsdm
2025-04-04 10:17:37,160 [INFO] IPUIPlugin:80 - create IPUIPlugin
2025-04-04 10:17:37,161 [INFO] PluginManager:220 - loadIPPluginJar : add dma
2025-04-04 10:17:37,164 [INFO] IPUIPlugin:80 - create IPUIPlugin
2025-04-04 10:17:37,164 [INFO] PluginManager:220 - loadIPPluginJar : add dma3
2025-04-04 10:17:37,170 [INFO] IPUIPlugin:80 - create IPUIPlugin
2025-04-04 10:17:37,170 [INFO] PluginManager:220 - loadIPPluginJar : add extmemmanager
2025-04-04 10:17:37,173 [INFO] IPUIPlugin:80 - create IPUIPlugin
2025-04-04 10:17:37,173 [INFO] PluginManager:220 - loadIPPluginJar : add fatfs
2025-04-04 10:17:37,179 [INFO] IPUIPlugin:80 - create IPUIPlugin
2025-04-04 10:17:37,179 [INFO] PluginManager:220 - loadIPPluginJar : add fmc
2025-04-04 10:17:37,187 [INFO] IPUIPlugin:80 - create IPUIPlugin
2025-04-04 10:17:37,188 [INFO] PluginManager:220 - loadIPPluginJar : add freertos
2025-04-04 10:17:37,190 [INFO] IPUIPlugin:80 - create IPUIPlugin
2025-04-04 10:17:37,190 [INFO] PluginManager:220 - loadIPPluginJar : add genericplugin
2025-04-04 10:17:37,195 [INFO] IPUIPlugin:80 - create IPUIPlugin
2025-04-04 10:17:37,195 [INFO] PluginManager:220 - loadIPPluginJar : add gfxmmu
2025-04-04 10:17:37,202 [INFO] IPUIPlugin:80 - create IPUIPlugin
2025-04-04 10:17:37,202 [INFO] PluginManager:220 - loadIPPluginJar : add gic
2025-04-04 10:17:37,207 [INFO] IPUIPlugin:80 - create IPUIPlugin
2025-04-04 10:17:37,207 [INFO] PluginManager:220 - loadIPPluginJar : add gpio
2025-04-04 10:17:37,211 [INFO] IPUIPlugin:80 - create IPUIPlugin
2025-04-04 10:17:37,211 [INFO] PluginManager:220 - loadIPPluginJar : add gtzc
2025-04-04 10:17:37,216 [INFO] IPUIPlugin:80 - create IPUIPlugin
2025-04-04 10:17:37,216 [INFO] PluginManager:220 - loadIPPluginJar : add hash
2025-04-04 10:17:37,222 [INFO] IPUIPlugin:80 - create IPUIPlugin
2025-04-04 10:17:37,222 [INFO] PluginManager:220 - loadIPPluginJar : add i2c
2025-04-04 10:17:37,225 [INFO] IPUIPlugin:80 - create IPUIPlugin
2025-04-04 10:17:37,226 [INFO] PluginManager:220 - loadIPPluginJar : add i2s
2025-04-04 10:17:37,230 [INFO] IPUIPlugin:80 - create IPUIPlugin
2025-04-04 10:17:37,230 [INFO] PluginManager:220 - loadIPPluginJar : add i3c
2025-04-04 10:17:37,239 [INFO] IPUIPlugin:80 - create IPUIPlugin
2025-04-04 10:17:37,240 [INFO] PluginManager:220 - loadIPPluginJar : add ipddr
2025-04-04 10:17:37,248 [INFO] IPUIPlugin:80 - create IPUIPlugin
2025-04-04 10:17:37,252 [INFO] PluginManager:220 - loadIPPluginJar : add linkedlist
2025-04-04 10:17:37,259 [INFO] IPUIPlugin:80 - create IPUIPlugin
2025-04-04 10:17:37,259 [INFO] PluginManager:220 - loadIPPluginJar : add lorawan
2025-04-04 10:17:37,262 [INFO] IPUIPlugin:80 - create IPUIPlugin
2025-04-04 10:17:37,262 [INFO] PluginManager:220 - loadIPPluginJar : add ltdc
2025-04-04 10:17:37,272 [INFO] IPUIPlugin:80 - create IPUIPlugin
2025-04-04 10:17:37,272 [INFO] PluginManager:220 - loadIPPluginJar : add mdma
2025-04-04 10:17:37,279 [INFO] IPUIPlugin:80 - create IPUIPlugin
2025-04-04 10:17:37,279 [INFO] PluginManager:220 - loadIPPluginJar : add nvic
2025-04-04 10:17:37,284 [INFO] IPUIPlugin:80 - create IPUIPlugin
2025-04-04 10:17:37,285 [INFO] PluginManager:220 - loadIPPluginJar : add opamp
2025-04-04 10:17:37,292 [INFO] IPUIPlugin:80 - create IPUIPlugin
2025-04-04 10:17:37,292 [INFO] PluginManager:220 - loadIPPluginJar : add openamp
2025-04-04 10:17:37,296 [INFO] IPUIPlugin:80 - create IPUIPlugin
2025-04-04 10:17:37,296 [INFO] PluginManager:220 - loadIPPluginJar : add pdm2pcm
2025-04-04 10:17:37,303 [INFO] IPUIPlugin:80 - create IPUIPlugin
2025-04-04 10:17:37,305 [INFO] PluginManager:220 - loadIPPluginJar : add plateformsettings
2025-04-04 10:17:37,309 [INFO] IPUIPlugin:80 - create IPUIPlugin
2025-04-04 10:17:37,309 [INFO] PluginManager:220 - loadIPPluginJar : add quadspi
2025-04-04 10:17:37,312 [INFO] IPUIPlugin:80 - create IPUIPlugin
2025-04-04 10:17:37,312 [INFO] PluginManager:220 - loadIPPluginJar : add radio
2025-04-04 10:17:37,318 [INFO] IPUIPlugin:80 - create IPUIPlugin
2025-04-04 10:17:37,318 [INFO] PluginManager:220 - loadIPPluginJar : add resmgrutility
2025-04-04 10:17:37,322 [INFO] IPUIPlugin:80 - create IPUIPlugin
2025-04-04 10:17:37,322 [INFO] PluginManager:220 - loadIPPluginJar : add sai
2025-04-04 10:17:37,324 [INFO] IPUIPlugin:80 - create IPUIPlugin
2025-04-04 10:17:37,324 [INFO] PluginManager:220 - loadIPPluginJar : add spi
2025-04-04 10:17:37,331 [INFO] IPUIPlugin:80 - create IPUIPlugin
2025-04-04 10:17:37,331 [INFO] PluginManager:220 - loadIPPluginJar : add stm32_wpan
2025-04-04 10:17:37,335 [INFO] IPUIPlugin:80 - create IPUIPlugin
2025-04-04 10:17:37,335 [INFO] PluginManager:220 - loadIPPluginJar : add tim
2025-04-04 10:17:37,340 [INFO] IPUIPlugin:80 - create IPUIPlugin
2025-04-04 10:17:37,341 [INFO] PluginManager:220 - loadIPPluginJar : add touchsensing
2025-04-04 10:17:37,344 [INFO] IPUIPlugin:80 - create IPUIPlugin
2025-04-04 10:17:37,344 [INFO] PluginManager:220 - loadIPPluginJar : add tracer_emb
2025-04-04 10:17:37,348 [INFO] IPUIPlugin:80 - create IPUIPlugin
2025-04-04 10:17:37,348 [INFO] PluginManager:220 - loadIPPluginJar : add ts
2025-04-04 10:17:37,352 [INFO] IPUIPlugin:80 - create IPUIPlugin
2025-04-04 10:17:37,352 [INFO] PluginManager:220 - loadIPPluginJar : add tsc
2025-04-04 10:17:37,355 [INFO] IPUIPlugin:80 - create IPUIPlugin
2025-04-04 10:17:37,355 [INFO] PluginManager:220 - loadIPPluginJar : add ucpd
2025-04-04 10:17:37,357 [INFO] IPUIPlugin:80 - create IPUIPlugin
2025-04-04 10:17:37,357 [INFO] PluginManager:220 - loadIPPluginJar : add usart
2025-04-04 10:17:37,360 [INFO] IPUIPlugin:80 - create IPUIPlugin
2025-04-04 10:17:37,361 [INFO] PluginManager:220 - loadIPPluginJar : add usbx
2025-04-04 10:17:37,501 [FATAL] Updater:351 - Updater called before beeing initialized
2025-04-04 10:17:37,538 [INFO] RulesReader:64 - Compatibility file has been processed (297 Rules)
2025-04-04 10:17:37,556 [INFO] RulesReader:64 - Compatibility file has been processed (297 Rules)
2025-04-04 10:17:37,562 [INFO] CADModel:165 - CPN selected for project level
2025-04-04 10:17:37,562 [INFO] CADModel:114 - Register for checkConnection events
2025-04-04 10:17:37,562 [FATAL] Updater:351 - Updater called before beeing initialized
2025-04-04 10:17:37,563 [ERROR] CADModel:125 - Updater not yet initialized, retry later 
2025-04-04 10:17:37,739 [FATAL] Updater:351 - Updater called before beeing initialized
2025-04-04 10:17:37,740 [INFO] CADModel:165 - CPN selected for project level
2025-04-04 10:17:37,740 [INFO] CADModel:114 - Register for checkConnection events
2025-04-04 10:17:37,740 [FATAL] Updater:351 - Updater called before beeing initialized
2025-04-04 10:17:37,740 [ERROR] CADModel:125 - Updater not yet initialized, retry later 
2025-04-04 10:17:37,743 [FATAL] Updater:351 - Updater called before beeing initialized
2025-04-04 10:17:37,862 [FATAL] Updater:351 - Updater called before beeing initialized
2025-04-04 10:17:37,869 [INFO] DbMcusAds:53 - JSON generation date=Thu Mar 06 21:54:21 ICT 2025 (1741272861825)
2025-04-04 10:17:37,869 [FATAL] Updater:351 - Updater called before beeing initialized
2025-04-04 10:17:37,916 [WARN] DetailPanel:346 - Failed to get advertising image, set to default
2025-04-04 10:17:38,134 [FATAL] Updater:351 - Updater called before beeing initialized
2025-04-04 10:17:38,136 [FATAL] Updater:351 - Updater called before beeing initialized
2025-04-04 10:17:38,136 [FATAL] Updater:351 - Updater called before beeing initialized
2025-04-04 10:17:38,136 [WARN] DetailPanel:346 - Failed to get advertising image, set to default
2025-04-04 10:17:38,137 [FATAL] Updater:351 - Updater called before beeing initialized
2025-04-04 10:17:38,192 [ERROR] Updater:1198 - MainUpdater not yet initialized. External WinMGr cannot be set.
2025-04-04 10:17:38,194 [INFO] Updater:1134 - Updater Version found : 6.13.0
2025-04-04 10:17:38,210 [INFO] ApplicationProperties:184 - Using Application install path: C:\ST\STM32CubeIDE_1.16.1\STM32CubeIDE\plugins\com.st.stm32cube.common.mx_6.13.0.202411220809
2025-04-04 10:17:39,105 [INFO] MainUpdater:2872 - connection check result : 10
2025-04-04 10:17:39,106 [INFO] MainUpdater:289 - Updater Check For Update Now.
2025-04-04 10:17:39,107 [INFO] MicroXplorer:498 - Change Database Version : DB.6.0.130
2025-04-04 10:17:39,128 [INFO] McuFinderGlobals:63 - Set McuFinder mode to 2 (CubeIDE integrated)
2025-04-04 10:17:39,130 [INFO] UserAuth:486 - Internet connection configuration mode: 1
2025-04-04 10:17:39,174 [INFO] JxBrowserEngine:152 - Initiate JxBrowser Engine with user profile folder
2025-04-04 10:17:39,340 [INFO] CheckServerUpdateThread:120 - End of CheckServer Thread
2025-04-04 10:17:39,899 [WARN] PackLoader:240 - Cannot read IP mode file for STMicroelectronics.FP-SNS-MOTENVWB1.1.4.0
2025-04-04 10:17:39,913 [WARN] PackLoader:240 - Cannot read IP mode file for STMicroelectronics.FP-ATR-ASTRA1.2.0.2
2025-04-04 10:17:39,921 [WARN] PackLoader:240 - Cannot read IP mode file for STMicroelectronics.FP-ATR-ASTRA1.2.0.1
2025-04-04 10:17:39,939 [WARN] PackLoader:240 - Cannot read IP mode file for STMicroelectronics.X-CUBE-SMBUS.2.1.0
2025-04-04 10:17:39,952 [WARN] PackLoader:240 - Cannot read IP mode file for STMicroelectronics.X-CUBE-WB05N.1.1.0
2025-04-04 10:17:39,964 [WARN] PackLoader:240 - Cannot read IP mode file for STMicroelectronics.X-CUBE-TOUCHGFX.4.23.2
2025-04-04 10:17:40,020 [WARN] PackLoader:240 - Cannot read IP mode file for STMicroelectronics.X-CUBE-AZRTOS-F7.1.1.0
2025-04-04 10:17:40,131 [WARN] PackLoader:240 - Cannot read IP mode file for STMicroelectronics.X-CUBE-MEMS1.11.0.0
2025-04-04 10:17:40,369 [WARN] PackLoader:240 - Cannot read IP mode file for STMicroelectronics.FP-SNS-FLIGHT1.5.0.2
2025-04-04 10:17:40,401 [WARN] PackLoader:240 - Cannot read IP mode file for Infineon.AIROC-Wi-Fi-Bluetooth-STM32.1.7.0
2025-04-04 10:17:40,423 [WARN] PackLoader:240 - Cannot read IP mode file for STMicroelectronics.X-CUBE-DISPLAY.3.0.0
2025-04-04 10:17:40,434 [WARN] PackLoader:240 - Cannot read IP mode file for STMicroelectronics.X-CUBE-BLE1.7.0.0
2025-04-04 10:17:40,449 [WARN] PackLoader:240 - Cannot read IP mode file for STMicroelectronics.X-CUBE-NFC10.1.0.0
2025-04-04 10:17:40,464 [WARN] PackLoader:240 - Cannot read IP mode file for STMicroelectronics.X-CUBE-BLEMGR.4.0.0
2025-04-04 10:17:40,472 [WARN] PackLoader:240 - Cannot read IP mode file for emotas.I-CUBE-CANOPEN.1.3.0
2025-04-04 10:17:40,476 [WARN] PackLoader:240 - Cannot read IP mode file for STMicroelectronics.X-CUBE-TOUCHGFX.4.22.0
2025-04-04 10:17:40,489 [WARN] PackLoader:240 - Cannot read IP mode file for STMicroelectronics.X-CUBE-BLEMGR.3.1.0
2025-04-04 10:17:40,496 [WARN] PackLoader:240 - Cannot read IP mode file for STMicroelectronics.X-CUBE-AI.10.0.0
2025-04-04 10:17:40,502 [WARN] PackLoader:240 - Cannot read IP mode file for STMicroelectronics.FP-SNS-SMARTAG2.1.2.0
2025-04-04 10:17:40,506 [WARN] PackLoader:240 - Cannot read IP mode file for STMicroelectronics.FP-SNS-FLIGHT1.5.1.0
2025-04-04 10:17:40,705 [WARN] PackLoader:240 - Cannot read IP mode file for STMicroelectronics.X-CUBE-MEMS1.11.1.0
2025-04-04 10:17:41,014 [INFO] LogOutputStream:77 - [STDOUT_REDIRECT] 1 : Invalid condition id : UX_CORESTACK_Condition cause : null
2025-04-04 10:17:41,015 [INFO] LogOutputStream:77 - [STDOUT_REDIRECT] 1 : Invalid condition id : UX_CORESTACK_Condition cause : null
2025-04-04 10:17:41,016 [INFO] LogOutputStream:77 - [STDOUT_REDIRECT] 1 : Invalid condition id : UX_CORESTACK_Condition cause : null
2025-04-04 10:17:41,022 [INFO] LogOutputStream:77 - [STDOUT_REDIRECT] 1 : Invalid condition id : UX_CORESTACK_Condition cause : null
2025-04-04 10:17:41,025 [INFO] LogOutputStream:77 - [STDOUT_REDIRECT] 1 : Invalid condition id : UX_CORESTACK_Condition cause : null
2025-04-04 10:17:41,028 [WARN] PackLoader:240 - Cannot read IP mode file for STMicroelectronics.X-CUBE-AZRTOS-WL.2.0.0
2025-04-04 10:17:41,035 [WARN] PackLoader:240 - Cannot read IP mode file for STMicroelectronics.FP-SNS-MOTENV1.5.0.0
2025-04-04 10:17:41,043 [WARN] PackLoader:240 - Cannot read IP mode file for wolfSSL.I-CUBE-wolfMQTT.1.19.0
2025-04-04 10:17:41,062 [WARN] PackLoader:240 - Cannot read IP mode file for WES.I-CUBE-Cesium.1.3.0
2025-04-04 10:17:41,070 [WARN] PackLoader:240 - Cannot read IP mode file for STMicroelectronics.X-CUBE-BLE2.3.3.0
2025-04-04 10:17:41,091 [WARN] PackLoader:240 - Cannot read IP mode file for STMicroelectronics.X-CUBE-NFC9.1.0.0
2025-04-04 10:17:41,097 [WARN] PackLoader:240 - Cannot read IP mode file for STMicroelectronics.X-CUBE-BLE1.7.1.0
2025-04-04 10:17:41,105 [WARN] PackLoader:240 - Cannot read IP mode file for wolfSSL.I-CUBE-wolfMQTT.1.19.2
2025-04-04 10:17:41,113 [WARN] PackLoader:240 - Cannot read IP mode file for STMicroelectronics.X-CUBE-TCPP.4.1.0
2025-04-04 10:17:41,120 [WARN] PackLoader:240 - Cannot read IP mode file for STMicroelectronics.X-CUBE-TOUCHGFX.4.21.4
2025-04-04 10:17:41,140 [WARN] PackLoader:240 - Cannot read IP mode file for STMicroelectronics.X-CUBE-AZRTOS-G0.1.1.0
2025-04-04 10:17:41,150 [WARN] PackLoader:240 - Cannot read IP mode file for STMicroelectronics.X-CUBE-SAFEA1.1.2.2
2025-04-04 10:17:41,159 [WARN] PackLoader:240 - Cannot read IP mode file for STMicroelectronics.X-CUBE-NFC4.3.0.0
2025-04-04 10:17:41,172 [WARN] PackLoader:240 - Cannot read IP mode file for EmbeddedOffice.I-CUBE-FS-RTOS.1.0.1
2025-04-04 10:17:41,181 [WARN] PackLoader:240 - Cannot read IP mode file for wolfSSL.I-CUBE-wolfTPM.3.8.0
2025-04-04 10:17:41,195 [WARN] PackLoader:240 - Cannot read IP mode file for STMicroelectronics.X-CUBE-TCPP.4.2.0
2025-04-04 10:17:41,208 [WARN] PackLoader:240 - Cannot read IP mode file for RealThread.X-CUBE-RT-Thread_Nano.4.1.1
2025-04-04 10:17:41,214 [WARN] PackLoader:240 - Cannot read IP mode file for wolfSSL.I-CUBE-wolfSSL.5.7.0
2025-04-04 10:17:41,221 [WARN] PackLoader:240 - Cannot read IP mode file for STMicroelectronics.FP-ATR-SIGFOX1.3.2.0
2025-04-04 10:17:41,226 [WARN] ConditionMgr:438 - getConditionDescription Invalid condition id : Cortex-A Device cause : null
2025-04-04 10:17:41,237 [INFO] WebApp:168 - Instantiating new browser for Auth
2025-04-04 10:17:41,244 [WARN] ConditionMgr:1044 - genDependencies : Invalid condition id : Cortex-A Device cause : null
2025-04-04 10:17:41,244 [WARN] ConditionMgr:1044 - genDependencies : Invalid condition id : Cortex-A Device cause : null
2025-04-04 10:17:41,244 [WARN] ConditionMgr:1044 - genDependencies : Invalid condition id : Cortex-A Device cause : null
2025-04-04 10:17:41,250 [WARN] PackLoader:240 - Cannot read IP mode file for STMicroelectronics.X-CUBE-EEPRMA1.5.1.0
2025-04-04 10:17:41,259 [WARN] PackLoader:240 - Cannot read IP mode file for wolfSSL.I-CUBE-wolfSSL.5.7.6
2025-04-04 10:17:41,269 [WARN] PackLoader:240 - Cannot read IP mode file for ITTIA_DB.I-CUBE-ITTIADB.8.9.0
2025-04-04 10:17:41,299 [WARN] PackLoader:240 - Cannot read IP mode file for SEGGER.I-CUBE-embOS.1.3.1
2025-04-04 10:17:41,360 [WARN] PackLoader:240 - Cannot read IP mode file for STMicroelectronics.X-CUBE-ALGOBUILD.1.4.0
2025-04-04 10:17:41,365 [WARN] PackLoader:240 - Cannot read IP mode file for STMicroelectronics.X-CUBE-AI.9.1.0
2025-04-04 10:17:41,379 [WARN] PackLoader:240 - Cannot read IP mode file for STMicroelectronics.X-CUBE-GNSS1.6.0.0
2025-04-04 10:17:41,399 [WARN] PackLoader:240 - Cannot read IP mode file for STMicroelectronics.X-CUBE-AZRTOS-F4.1.1.0
2025-04-04 10:17:41,413 [WARN] PackLoader:240 - Cannot read IP mode file for STMicroelectronics.X-CUBE-ISPU.2.1.0
2025-04-04 10:17:41,425 [WARN] PackLoader:240 - Cannot read IP mode file for STMicroelectronics.X-CUBE-FREERTOS.1.2.0
2025-04-04 10:17:41,447 [WARN] PackLoader:240 - Cannot read IP mode file for STMicroelectronics.X-CUBE-AZRTOS-L5.2.0.0
2025-04-04 10:17:41,461 [WARN] PackLoader:240 - Cannot read IP mode file for STMicroelectronics.X-CUBE-NFC6.3.1.0
2025-04-04 10:17:41,473 [WARN] PackLoader:240 - Cannot read IP mode file for STMicroelectronics.X-CUBE-DPower.1.2.0
2025-04-04 10:17:41,476 [WARN] PackLoader:240 - Cannot read IP mode file for STMicroelectronics.X-CUBE-AI.9.0.0
2025-04-04 10:17:41,481 [WARN] PackLoader:240 - Cannot read IP mode file for STMicroelectronics.X-CUBE-FREERTOS.1.3.0
2025-04-04 10:17:41,489 [WARN] PackLoader:240 - Cannot read IP mode file for STMicroelectronics.X-CUBE-NFC7.1.0.1
2025-04-04 10:17:41,493 [WARN] PackLoader:240 - Cannot read IP mode file for wolfSSL.I-CUBE-wolfTPM.3.2.0
2025-04-04 10:17:41,499 [WARN] PackLoader:240 - Cannot read IP mode file for STMicroelectronics.X-CUBE-DPower.1.3.0
2025-04-04 10:17:41,515 [WARN] ConditionMgr:438 - getConditionDescription Invalid condition id : LAN8742 Phy interface Condition cause : null
2025-04-04 10:17:41,516 [WARN] PackLoader:240 - Cannot read IP mode file for STMicroelectronics.X-CUBE-AZRTOS-L4.2.0.0
2025-04-04 10:17:41,519 [WARN] ConditionMgr:1044 - genDependencies : Invalid condition id : LAN8742 Phy interface Condition cause : null
2025-04-04 10:17:41,519 [WARN] ConditionMgr:1044 - genDependencies : Invalid condition id : LAN8742 Phy interface Condition cause : null
2025-04-04 10:17:41,520 [WARN] ConditionMgr:1044 - genDependencies : Invalid condition id : LAN8742 Phy interface Condition cause : null
2025-04-04 10:17:41,527 [WARN] PackLoader:240 - Cannot read IP mode file for STMicroelectronics.X-CUBE-SFXS2LP1.4.0.0
2025-04-04 10:17:41,548 [WARN] PackLoader:240 - Cannot read IP mode file for STMicroelectronics.X-CUBE-AZRTOS-H7.3.3.0
2025-04-04 10:17:41,563 [WARN] PackLoader:240 - Cannot read IP mode file for STMicroelectronics.X-CUBE-IPS.3.0.0
2025-04-04 10:17:41,581 [WARN] ConditionMgr:438 - getConditionDescription Invalid condition id : UX DEVICE CLASS RTOS Condition cause : null
2025-04-04 10:17:41,581 [WARN] ConditionMgr:438 - getConditionDescription Invalid condition id : UX DEVICE CLASS RTOS Condition cause : null
2025-04-04 10:17:41,584 [WARN] PackLoader:240 - Cannot read IP mode file for STMicroelectronics.X-CUBE-AZRTOS-WB.2.0.0
2025-04-04 10:17:41,584 [WARN] ConditionMgr:1044 - genDependencies : Invalid condition id : UX DEVICE CLASS RTOS Condition cause : null
2025-04-04 10:17:41,585 [WARN] ConditionMgr:1044 - genDependencies : Invalid condition id : UX DEVICE CLASS RTOS Condition cause : null
2025-04-04 10:17:41,585 [WARN] ConditionMgr:1044 - genDependencies : Invalid condition id : UX DEVICE CLASS RTOS Condition cause : null
2025-04-04 10:17:41,585 [WARN] ConditionMgr:1044 - genDependencies : Invalid condition id : UX DEVICE CLASS RTOS Condition cause : null
2025-04-04 10:17:41,585 [WARN] ConditionMgr:1044 - genDependencies : Invalid condition id : UX DEVICE CLASS RTOS Condition cause : null
2025-04-04 10:17:41,591 [WARN] PackLoader:240 - Cannot read IP mode file for STMicroelectronics.X-CUBE-GNSS1.7.0.0
2025-04-04 10:17:41,597 [WARN] PackLoader:240 - Cannot read IP mode file for STMicroelectronics.X-CUBE-GNSS1.7.0.1
2025-04-04 10:17:41,605 [WARN] PackLoader:240 - Cannot read IP mode file for STMicroelectronics.X-CUBE-TOUCHGFX.4.25.0
2025-04-04 10:17:41,613 [WARN] PackLoader:240 - Cannot read IP mode file for STMicroelectronics.FP-SNS-STBOX1.2.0.0
2025-04-04 10:17:41,624 [WARN] PackLoader:240 - Cannot read IP mode file for STMicroelectronics.X-CUBE-SUBG2.5.0.0
2025-04-04 10:17:41,653 [WARN] PackLoader:240 - Cannot read IP mode file for STMicroelectronics.X-CUBE-AZRTOS-H7RS.1.1.0
2025-04-04 10:17:41,659 [WARN] PackLoader:240 - Cannot read IP mode file for Cesanta.I-CUBE-Mongoose.7.13.0
2025-04-04 10:17:41,675 [WARN] PackLoader:240 - Cannot read IP mode file for STMicroelectronics.X-CUBE-AZRTOS-G4.2.0.0
2025-04-04 10:17:41,681 [WARN] PackLoader:240 - Cannot read IP mode file for wolfSSL.I-CUBE-wolfSSH.1.4.20
2025-04-04 10:17:41,688 [WARN] PackLoader:240 - Cannot read IP mode file for STMicroelectronics.X-CUBE-ISPU.2.0.0
2025-04-04 10:17:41,725 [WARN] PackLoader:240 - Cannot read IP mode file for STMicroelectronics.X-CUBE-IPS.3.1.0
2025-04-04 10:17:41,738 [WARN] PackLoader:240 - Cannot read IP mode file for STMicroelectronics.X-CUBE-ALS.1.0.2
2025-04-04 10:17:41,772 [WARN] PackLoader:240 - Cannot read IP mode file for STMicroelectronics.X-CUBE-MEMS1.10.0.0
2025-04-04 10:17:41,858 [WARN] PackLoader:240 - Cannot read IP mode file for STMicroelectronics.X-CUBE-TOUCHGFX.4.24.0
2025-04-04 10:17:41,861 [WARN] PackLoader:240 - Cannot read IP mode file for STMicroelectronics.X-CUBE-TOUCHGFX.4.24.2
2025-04-04 10:17:41,864 [WARN] PackLoader:240 - Cannot read IP mode file for STMicroelectronics.X-CUBE-TOUCHGFX.4.24.1
2025-04-04 10:17:41,868 [WARN] PackLoader:240 - Cannot read IP mode file for wolfSSL.I-CUBE-wolfTPM.3.4.0
2025-04-04 10:17:41,873 [WARN] PackLoader:240 - Cannot read IP mode file for portGmbH.I-Cube-SoM-uGOAL.1.1.0
2025-04-04 10:17:41,897 [WARN] PackLoader:240 - Cannot read IP mode file for STMicroelectronics.X-CUBE-AZRTOS-H7RS.1.0.0
2025-04-04 10:17:41,906 [WARN] PackLoader:240 - Cannot read IP mode file for STMicroelectronics.FP-ATR-ASTRA1.2.0.0
2025-04-04 10:17:41,922 [WARN] PackLoader:240 - Cannot read IP mode file for STMicroelectronics.X-CUBE-TOF1.3.4.2
2025-04-04 10:17:41,942 [WARN] PackLoader:240 - Cannot read IP mode file for STMicroelectronics.X-CUBE-TOF1.3.4.1
2025-04-04 10:17:41,973 [WARN] PackLoader:240 - Cannot read IP mode file for STMicroelectronics.X-CUBE-AZRTOS-H7.3.2.0
2025-04-04 10:17:41,991 [WARN] PackLoader:240 - Cannot read IP mode file for Infineon.AIROC-Wi-Fi-Bluetooth-STM32.1.6.0
2025-04-04 10:17:41,998 [WARN] PackLoader:240 - Cannot read IP mode file for wolfSSL.I-CUBE-wolfSSH.1.4.17
2025-04-04 10:17:42,000 [INFO] ThirdParty:978 - Integrity check success = true
2025-04-04 10:17:42,000 [INFO] IntegrityCheckThread:100 - exiting critical section [integrity check]
2025-04-04 10:17:42,000 [INFO] IntegrityCheckThread:103 - End integrity checks thread
2025-04-04 10:17:43,143 [INFO] WebApp:449 - Apply proxy settings
2025-04-04 10:17:43,144 [INFO] WebApp:534 - Chromium requires no authentication
2025-04-04 10:17:43,164 [INFO] WebApp:477 - Direct internet connection detected
2025-04-04 10:17:43,209 [INFO] WebApp:880 - Register for checkConnection events
2025-04-04 10:17:43,210 [INFO] WebApp:449 - Apply proxy settings
2025-04-04 10:17:43,210 [INFO] WebApp:534 - Chromium requires no authentication
2025-04-04 10:17:43,211 [INFO] WebApp:477 - Direct internet connection detected
2025-04-04 10:17:43,480 [INFO] WebApp:221 - Starting web application
2025-04-04 10:17:43,481 [INFO] WebApp:579 - Web application path used C:\ST\STM32CubeIDE_1.16.1\STM32CubeIDE\plugins\com.st.stm32cube.common.mx_6.13.0.202411220809\db\plugins\mcufinder\reactClient1\index.html
2025-04-04 10:17:43,595 [INFO] UserAuth:486 - Internet connection configuration mode: 1
2025-04-04 10:17:43,917 [INFO] WebApp:187 - Connection restablished
