2025-03-25 08:42:21,940 [INFO] Activator:176 - 


2025-03-25 08:42:21,945 [INFO] Activator:177 - !SESSION log4j initialized
2025-03-25 08:42:28,917 [INFO] LogOutputStream:77 - [STDOUT_REDIRECT] 
2025-03-25 08:42:29,989 [INFO] ApplicationProperties:184 - Using Application install path: C:\ST\STM32CubeIDE_1.16.1\STM32CubeIDE\plugins\com.st.stm32cube.common.mx_6.13.0.202411220809
2025-03-25 08:42:30,007 [INFO] DbMcusXml:78 - Set database path to: C:\ST\STM32CubeIDE_1.16.1\STM32CubeIDE\plugins\com.st.stm32cube.common.mx_6.13.0.202411220809\\db\/mcu/
2025-03-25 08:42:30,008 [INFO] ApiDb:274 - Set plugin database path to: C:\ST\STM32CubeIDE_1.16.1\STM32CubeIDE\plugins\com.st.stm32cube.common.mx_6.13.0.202411220809\\db\/plugins/boardmanager/
2025-03-25 08:42:30,008 [WARN] ApiDb:259 - Overriding images path with different value:  => C:\ST\STM32CubeIDE_1.16.1\STM32CubeIDE\plugins\com.st.stm32cube.common.mx_6.13.0.202411220809\\db\/plugins/mcufinder/images/
2025-03-25 08:42:30,018 [INFO] ApiDb:250 - Set database path to: C:\Users\user\.stmcufinder\plugins\mcufinder//mcu/
2025-03-25 08:42:30,020 [INFO] DbMcusAds:125 - Set database path to: C:\Users\user\.stmcufinder\plugins\mcufinder//mcu/
2025-03-25 08:42:30,024 [INFO] CrossReferenceDbSqlite:203 - Set database path to: C:\Users\user\.stmcufinder\plugins\mcufinder//mcu/cs/
2025-03-25 08:42:30,148 [INFO] RulesReader:64 - Compatibility file has been processed (297 Rules)
2025-03-25 08:42:30,241 [INFO] DbMcusXml:78 - Set database path to: C:\ST\STM32CubeIDE_1.16.1\STM32CubeIDE\plugins\com.st.stm32cube.common.mx_6.13.0.202411220809\\db\/mcu/
2025-03-25 08:42:30,242 [INFO] ApiDb:274 - Set plugin database path to: C:\ST\STM32CubeIDE_1.16.1\STM32CubeIDE\plugins\com.st.stm32cube.common.mx_6.13.0.202411220809\\db\/plugins/boardmanager/
2025-03-25 08:42:30,242 [INFO] ApiDb:261 - Set plugin images path to: C:\ST\STM32CubeIDE_1.16.1\STM32CubeIDE\plugins\com.st.stm32cube.common.mx_6.13.0.202411220809\\db\/plugins/mcufinder/images/
2025-03-25 08:42:30,242 [WARN] DbFile:41 - Overriding database path with different value: C:\Users\user\.stmcufinder\plugins\mcufinder/ => C:\Users\user\.stmcufinder\plugins\mcufinder
2025-03-25 08:42:30,242 [INFO] ApiDb:250 - Set database path to: C:\Users\user\.stmcufinder\plugins\mcufinder//mcu/
2025-03-25 08:42:30,242 [WARN] DbFile:41 - Overriding database path with different value: C:\Users\user\.stmcufinder\plugins\mcufinder/ => C:\Users\user\.stmcufinder\plugins\mcufinder
2025-03-25 08:42:30,242 [INFO] DbMcusAds:125 - Set database path to: C:\Users\user\.stmcufinder\plugins\mcufinder//mcu/
2025-03-25 08:42:30,242 [WARN] DbFile:41 - Overriding database path with different value: C:\Users\user\.stmcufinder\plugins\mcufinder/ => C:\Users\user\.stmcufinder\plugins\mcufinder
2025-03-25 08:42:30,242 [WARN] DbFile:41 - Overriding database path with different value: C:\Users\user\.stmcufinder\plugins\mcufinder/ => C:\Users\user\.stmcufinder\plugins\mcufinder
2025-03-25 08:42:30,242 [INFO] CrossReferenceDbSqlite:203 - Set database path to: C:\Users\user\.stmcufinder\plugins\mcufinder//mcu/cs/
2025-03-25 08:42:30,333 [INFO] MainPanel:272 - HeapMemory: 268435456
2025-03-25 08:42:30,461 [INFO] DbMcusXml:78 - Set database path to: C:\ST\STM32CubeIDE_1.16.1\STM32CubeIDE\plugins\com.st.stm32cube.common.mx_6.13.0.202411220809\\db\/mcu/
2025-03-25 08:42:30,461 [INFO] ApiDb:274 - Set plugin database path to: C:\ST\STM32CubeIDE_1.16.1\STM32CubeIDE\plugins\com.st.stm32cube.common.mx_6.13.0.202411220809\\db\/plugins/boardmanager/
2025-03-25 08:42:30,461 [INFO] ApiDb:261 - Set plugin images path to: C:\ST\STM32CubeIDE_1.16.1\STM32CubeIDE\plugins\com.st.stm32cube.common.mx_6.13.0.202411220809\\db\/plugins/mcufinder/images/
2025-03-25 08:42:30,461 [WARN] DbFile:41 - Overriding database path with different value: C:\Users\user\.stmcufinder\plugins\mcufinder/ => C:\Users\user\.stmcufinder\plugins\mcufinder
2025-03-25 08:42:30,461 [INFO] ApiDb:250 - Set database path to: C:\Users\user\.stmcufinder\plugins\mcufinder//mcu/
2025-03-25 08:42:30,461 [WARN] DbFile:41 - Overriding database path with different value: C:\Users\user\.stmcufinder\plugins\mcufinder/ => C:\Users\user\.stmcufinder\plugins\mcufinder
2025-03-25 08:42:30,461 [INFO] DbMcusAds:125 - Set database path to: C:\Users\user\.stmcufinder\plugins\mcufinder//mcu/
2025-03-25 08:42:30,461 [WARN] DbFile:41 - Overriding database path with different value: C:\Users\user\.stmcufinder\plugins\mcufinder/ => C:\Users\user\.stmcufinder\plugins\mcufinder
2025-03-25 08:42:30,461 [WARN] DbFile:41 - Overriding database path with different value: C:\Users\user\.stmcufinder\plugins\mcufinder/ => C:\Users\user\.stmcufinder\plugins\mcufinder
2025-03-25 08:42:30,461 [INFO] CrossReferenceDbSqlite:203 - Set database path to: C:\Users\user\.stmcufinder\plugins\mcufinder//mcu/cs/
2025-03-25 08:42:30,480 [INFO] ApplicationProperties:184 - Using Application install path: C:\ST\STM32CubeIDE_1.16.1\STM32CubeIDE\plugins\com.st.stm32cube.common.mx_6.13.0.202411220809
2025-03-25 08:42:30,482 [INFO] PluginManage:196 - Search for loadable plugins [exclusion list=, ]
2025-03-25 08:42:30,483 [INFO] PluginManage:310 - Check plugin analytics
2025-03-25 08:42:30,667 [INFO] AnalyticsPlugin:253 - Accepted Software Licenses: 
2025-03-25 08:42:30,667 [INFO] AnalyticsPlugin:255 - Accepted CMSIS Pack Licenses: 
2025-03-25 08:42:30,668 [INFO] AnalyticsPlugin:257 - Accepted Firmware Licenses: 
2025-03-25 08:42:30,676 [INFO] PluginManage:359 - Loaded plugin analytics (category:tool,tabindex:-1)
2025-03-25 08:42:30,678 [INFO] PluginManage:310 - Check plugin cadmodel
2025-03-25 08:42:30,695 [INFO] CADModel:105 - Init CAD model plugin
2025-03-25 08:42:30,696 [INFO] PluginManage:359 - Loaded plugin cadmodel (category:power,tabindex:5)
2025-03-25 08:42:30,696 [INFO] PluginManage:310 - Check plugin clock
2025-03-25 08:42:30,710 [INFO] PluginManage:359 - Loaded plugin clock (category:base,tabindex:2)
2025-03-25 08:42:30,710 [INFO] PluginManage:310 - Check plugin ddr
2025-03-25 08:42:30,713 [INFO] PluginManage:359 - Loaded plugin ddr (category:tool,tabindex:6)
2025-03-25 08:42:30,714 [INFO] PluginManage:310 - Check plugin filemanager
2025-03-25 08:42:30,871 [INFO] PluginManage:359 - Loaded plugin filemanager (category:base,tabindex:10)
2025-03-25 08:42:30,872 [INFO] PluginManage:310 - Check plugin ipmanager
2025-03-25 08:42:30,878 [INFO] PluginManage:359 - Loaded plugin ipmanager (category:base,tabindex:5)
2025-03-25 08:42:30,878 [INFO] PluginManage:310 - Check plugin lpbam
2025-03-25 08:42:30,889 [INFO] PluginManage:359 - Loaded plugin lpbam (category:base,tabindex:0)
2025-03-25 08:42:30,889 [INFO] PluginManage:310 - Check plugin memorymap
2025-03-25 08:42:30,907 [INFO] PluginManage:359 - Loaded plugin memorymap (category:base,tabindex:4)
2025-03-25 08:42:30,907 [INFO] PluginManage:310 - Check plugin pinoutandconfiguration
2025-03-25 08:42:30,916 [INFO] PluginManage:359 - Loaded plugin pinoutandconfiguration (category:base,tabindex:1)
2025-03-25 08:42:30,916 [INFO] PluginManage:310 - Check plugin pinoutconfig
2025-03-25 08:42:31,022 [WARN] SupportedApi:132 - Cannot load RTOS API schema: s4s-elt-must-match.1: The content of 'definitions' must match (annotation?, (simpleType | complexType)?, (unique | key | keyref)*)). A problem was found starting at: attribute.
2025-03-25 08:42:31,175 [INFO] PluginManage:359 - Loaded plugin pinoutconfig (category:base,tabindex:0)
2025-03-25 08:42:31,175 [INFO] PluginManage:310 - Check plugin power
2025-03-25 08:42:31,187 [INFO] PluginManage:359 - Loaded plugin power (category:power,tabindex:4)
2025-03-25 08:42:31,189 [INFO] PluginManage:310 - Check plugin projectmanager
2025-03-25 08:42:31,206 [INFO] PluginManage:359 - Loaded plugin projectmanager (category:projectmanager,tabindex:4)
2025-03-25 08:42:31,206 [INFO] PluginManage:310 - Check plugin rif
2025-03-25 08:42:31,214 [INFO] PluginManage:359 - Loaded plugin rif (category:base,tabindex:3)
2025-03-25 08:42:31,214 [INFO] PluginManage:310 - Check plugin thirdparty
2025-03-25 08:42:31,395 [WARN] IntegrityCheckThread:84 - waiting for thirdparty lock release [integrity check]
2025-03-25 08:42:31,396 [INFO] PluginManage:359 - Loaded plugin thirdparty (category:base,tabindex:-1)
2025-03-25 08:42:31,397 [INFO] IntegrityCheckThread:86 - entering critical section [integrity check]
2025-03-25 08:42:31,397 [INFO] PluginManage:310 - Check plugin tools
2025-03-25 08:42:31,397 [INFO] ThirdPartyUpdaterWithRetryManager:70 - Updater plugin not ready yet. [1/15]
2025-03-25 08:42:31,400 [INFO] PluginManage:359 - Loaded plugin tools (category:base,tabindex:7)
2025-03-25 08:42:31,400 [INFO] PluginManage:310 - Check plugin tutovideos
2025-03-25 08:42:31,595 [INFO] PluginManage:359 - Loaded plugin tutovideos (category:base,tabindex:-1)
2025-03-25 08:42:31,596 [INFO] PluginManage:310 - Check plugin updater
2025-03-25 08:42:31,627 [INFO] PluginManage:359 - Loaded plugin updater (category:base,tabindex:12)
2025-03-25 08:42:31,627 [INFO] PluginManage:310 - Check plugin userauth
2025-03-25 08:42:31,633 [INFO] UserAuth:118 - Init User Auth plugin
2025-03-25 08:42:31,634 [INFO] PluginManage:359 - Loaded plugin userauth (category:base,tabindex:14)
2025-03-25 08:42:31,639 [INFO] PluginManage:283 - PluginManage : Loaded plugins [18]
2025-03-25 08:42:31,955 [INFO] PinOutPanel:1589 - setPackage(No Configuration,No Configuration)
2025-03-25 08:42:32,113 [INFO] CADModel:165 - CPN selected for project level
2025-03-25 08:42:32,113 [INFO] CADModel:114 - Register for checkConnection events
2025-03-25 08:42:32,143 [INFO] IPUIPlugin:80 - create IPUIPlugin
2025-03-25 08:42:32,144 [INFO] PluginManager:220 - loadIPPluginJar : add adc
2025-03-25 08:42:32,148 [INFO] IPUIPlugin:80 - create IPUIPlugin
2025-03-25 08:42:32,148 [INFO] PluginManager:220 - loadIPPluginJar : add aes
2025-03-25 08:42:32,153 [INFO] IPUIPlugin:80 - create IPUIPlugin
2025-03-25 08:42:32,154 [INFO] PluginManager:220 - loadIPPluginJar : add can
2025-03-25 08:42:32,157 [INFO] IPUIPlugin:80 - create IPUIPlugin
2025-03-25 08:42:32,157 [INFO] PluginManager:220 - loadIPPluginJar : add comp
2025-03-25 08:42:32,159 [INFO] IPUIPlugin:80 - create IPUIPlugin
2025-03-25 08:42:32,160 [INFO] PluginManager:220 - loadIPPluginJar : add cryp
2025-03-25 08:42:32,164 [INFO] IPUIPlugin:80 - create IPUIPlugin
2025-03-25 08:42:32,165 [INFO] PluginManager:220 - loadIPPluginJar : add ddr_ctrl_phy
2025-03-25 08:42:32,170 [INFO] IPUIPlugin:80 - create IPUIPlugin
2025-03-25 08:42:32,171 [INFO] PluginManager:220 - loadIPPluginJar : add dfsdm
2025-03-25 08:42:32,178 [INFO] IPUIPlugin:80 - create IPUIPlugin
2025-03-25 08:42:32,178 [INFO] PluginManager:220 - loadIPPluginJar : add dma
2025-03-25 08:42:32,182 [INFO] IPUIPlugin:80 - create IPUIPlugin
2025-03-25 08:42:32,182 [INFO] PluginManager:220 - loadIPPluginJar : add dma3
2025-03-25 08:42:32,186 [INFO] IPUIPlugin:80 - create IPUIPlugin
2025-03-25 08:42:32,186 [INFO] PluginManager:220 - loadIPPluginJar : add extmemmanager
2025-03-25 08:42:32,190 [INFO] IPUIPlugin:80 - create IPUIPlugin
2025-03-25 08:42:32,190 [INFO] PluginManager:220 - loadIPPluginJar : add fatfs
2025-03-25 08:42:32,196 [INFO] IPUIPlugin:80 - create IPUIPlugin
2025-03-25 08:42:32,196 [INFO] PluginManager:220 - loadIPPluginJar : add fmc
2025-03-25 08:42:32,203 [INFO] IPUIPlugin:80 - create IPUIPlugin
2025-03-25 08:42:32,203 [INFO] PluginManager:220 - loadIPPluginJar : add freertos
2025-03-25 08:42:32,206 [INFO] IPUIPlugin:80 - create IPUIPlugin
2025-03-25 08:42:32,206 [INFO] PluginManager:220 - loadIPPluginJar : add genericplugin
2025-03-25 08:42:32,210 [INFO] IPUIPlugin:80 - create IPUIPlugin
2025-03-25 08:42:32,210 [INFO] PluginManager:220 - loadIPPluginJar : add gfxmmu
2025-03-25 08:42:32,215 [INFO] IPUIPlugin:80 - create IPUIPlugin
2025-03-25 08:42:32,215 [INFO] PluginManager:220 - loadIPPluginJar : add gic
2025-03-25 08:42:32,223 [INFO] IPUIPlugin:80 - create IPUIPlugin
2025-03-25 08:42:32,223 [INFO] PluginManager:220 - loadIPPluginJar : add gpio
2025-03-25 08:42:32,227 [INFO] IPUIPlugin:80 - create IPUIPlugin
2025-03-25 08:42:32,227 [INFO] PluginManager:220 - loadIPPluginJar : add gtzc
2025-03-25 08:42:32,230 [INFO] IPUIPlugin:80 - create IPUIPlugin
2025-03-25 08:42:32,230 [INFO] PluginManager:220 - loadIPPluginJar : add hash
2025-03-25 08:42:32,233 [INFO] IPUIPlugin:80 - create IPUIPlugin
2025-03-25 08:42:32,234 [INFO] PluginManager:220 - loadIPPluginJar : add i2c
2025-03-25 08:42:32,242 [INFO] IPUIPlugin:80 - create IPUIPlugin
2025-03-25 08:42:32,242 [INFO] PluginManager:220 - loadIPPluginJar : add i2s
2025-03-25 08:42:32,245 [INFO] IPUIPlugin:80 - create IPUIPlugin
2025-03-25 08:42:32,245 [INFO] PluginManager:220 - loadIPPluginJar : add i3c
2025-03-25 08:42:32,249 [INFO] IPUIPlugin:80 - create IPUIPlugin
2025-03-25 08:42:32,250 [INFO] PluginManager:220 - loadIPPluginJar : add ipddr
2025-03-25 08:42:32,260 [INFO] IPUIPlugin:80 - create IPUIPlugin
2025-03-25 08:42:32,260 [INFO] PluginManager:220 - loadIPPluginJar : add linkedlist
2025-03-25 08:42:32,266 [INFO] IPUIPlugin:80 - create IPUIPlugin
2025-03-25 08:42:32,266 [INFO] PluginManager:220 - loadIPPluginJar : add lorawan
2025-03-25 08:42:32,272 [INFO] IPUIPlugin:80 - create IPUIPlugin
2025-03-25 08:42:32,272 [INFO] PluginManager:220 - loadIPPluginJar : add ltdc
2025-03-25 08:42:32,281 [INFO] IPUIPlugin:80 - create IPUIPlugin
2025-03-25 08:42:32,281 [INFO] PluginManager:220 - loadIPPluginJar : add mdma
2025-03-25 08:42:32,288 [INFO] IPUIPlugin:80 - create IPUIPlugin
2025-03-25 08:42:32,289 [INFO] PluginManager:220 - loadIPPluginJar : add nvic
2025-03-25 08:42:32,295 [INFO] IPUIPlugin:80 - create IPUIPlugin
2025-03-25 08:42:32,295 [INFO] PluginManager:220 - loadIPPluginJar : add opamp
2025-03-25 08:42:32,300 [INFO] IPUIPlugin:80 - create IPUIPlugin
2025-03-25 08:42:32,300 [INFO] PluginManager:220 - loadIPPluginJar : add openamp
2025-03-25 08:42:32,307 [INFO] IPUIPlugin:80 - create IPUIPlugin
2025-03-25 08:42:32,308 [INFO] PluginManager:220 - loadIPPluginJar : add pdm2pcm
2025-03-25 08:42:32,316 [INFO] IPUIPlugin:80 - create IPUIPlugin
2025-03-25 08:42:32,323 [INFO] PluginManager:220 - loadIPPluginJar : add plateformsettings
2025-03-25 08:42:32,326 [INFO] IPUIPlugin:80 - create IPUIPlugin
2025-03-25 08:42:32,326 [INFO] PluginManager:220 - loadIPPluginJar : add quadspi
2025-03-25 08:42:32,328 [INFO] IPUIPlugin:80 - create IPUIPlugin
2025-03-25 08:42:32,329 [INFO] PluginManager:220 - loadIPPluginJar : add radio
2025-03-25 08:42:32,334 [INFO] IPUIPlugin:80 - create IPUIPlugin
2025-03-25 08:42:32,335 [INFO] PluginManager:220 - loadIPPluginJar : add resmgrutility
2025-03-25 08:42:32,343 [INFO] IPUIPlugin:80 - create IPUIPlugin
2025-03-25 08:42:32,343 [INFO] PluginManager:220 - loadIPPluginJar : add sai
2025-03-25 08:42:32,346 [INFO] IPUIPlugin:80 - create IPUIPlugin
2025-03-25 08:42:32,346 [INFO] PluginManager:220 - loadIPPluginJar : add spi
2025-03-25 08:42:32,358 [INFO] IPUIPlugin:80 - create IPUIPlugin
2025-03-25 08:42:32,358 [INFO] PluginManager:220 - loadIPPluginJar : add stm32_wpan
2025-03-25 08:42:32,361 [INFO] IPUIPlugin:80 - create IPUIPlugin
2025-03-25 08:42:32,361 [INFO] PluginManager:220 - loadIPPluginJar : add tim
2025-03-25 08:42:32,370 [INFO] IPUIPlugin:80 - create IPUIPlugin
2025-03-25 08:42:32,371 [INFO] PluginManager:220 - loadIPPluginJar : add touchsensing
2025-03-25 08:42:32,377 [INFO] IPUIPlugin:80 - create IPUIPlugin
2025-03-25 08:42:32,377 [INFO] PluginManager:220 - loadIPPluginJar : add tracer_emb
2025-03-25 08:42:32,380 [INFO] IPUIPlugin:80 - create IPUIPlugin
2025-03-25 08:42:32,380 [INFO] PluginManager:220 - loadIPPluginJar : add ts
2025-03-25 08:42:32,383 [INFO] IPUIPlugin:80 - create IPUIPlugin
2025-03-25 08:42:32,384 [INFO] PluginManager:220 - loadIPPluginJar : add tsc
2025-03-25 08:42:32,391 [INFO] IPUIPlugin:80 - create IPUIPlugin
2025-03-25 08:42:32,392 [INFO] PluginManager:220 - loadIPPluginJar : add ucpd
2025-03-25 08:42:32,396 [INFO] IPUIPlugin:80 - create IPUIPlugin
2025-03-25 08:42:32,396 [INFO] PluginManager:220 - loadIPPluginJar : add usart
2025-03-25 08:42:32,400 [INFO] IPUIPlugin:80 - create IPUIPlugin
2025-03-25 08:42:32,400 [INFO] PluginManager:220 - loadIPPluginJar : add usbx
2025-03-25 08:42:32,559 [FATAL] Updater:351 - Updater called before beeing initialized
2025-03-25 08:42:32,596 [INFO] RulesReader:64 - Compatibility file has been processed (297 Rules)
2025-03-25 08:42:32,613 [INFO] RulesReader:64 - Compatibility file has been processed (297 Rules)
2025-03-25 08:42:32,623 [INFO] CADModel:165 - CPN selected for project level
2025-03-25 08:42:32,623 [INFO] CADModel:114 - Register for checkConnection events
2025-03-25 08:42:32,623 [FATAL] Updater:351 - Updater called before beeing initialized
2025-03-25 08:42:32,623 [ERROR] CADModel:125 - Updater not yet initialized, retry later 
2025-03-25 08:42:32,807 [FATAL] Updater:351 - Updater called before beeing initialized
2025-03-25 08:42:32,809 [INFO] CADModel:165 - CPN selected for project level
2025-03-25 08:42:32,809 [INFO] CADModel:114 - Register for checkConnection events
2025-03-25 08:42:32,809 [FATAL] Updater:351 - Updater called before beeing initialized
2025-03-25 08:42:32,809 [ERROR] CADModel:125 - Updater not yet initialized, retry later 
2025-03-25 08:42:32,811 [FATAL] Updater:351 - Updater called before beeing initialized
2025-03-25 08:42:32,923 [FATAL] Updater:351 - Updater called before beeing initialized
2025-03-25 08:42:32,927 [INFO] DbMcusAds:53 - JSON generation date=Thu Mar 06 21:54:21 ICT 2025 (1741272861825)
2025-03-25 08:42:32,928 [FATAL] Updater:351 - Updater called before beeing initialized
2025-03-25 08:42:32,967 [WARN] DetailPanel:346 - Failed to get advertising image, set to default
2025-03-25 08:42:33,180 [FATAL] Updater:351 - Updater called before beeing initialized
2025-03-25 08:42:33,181 [FATAL] Updater:351 - Updater called before beeing initialized
2025-03-25 08:42:33,181 [FATAL] Updater:351 - Updater called before beeing initialized
2025-03-25 08:42:33,182 [WARN] DetailPanel:346 - Failed to get advertising image, set to default
2025-03-25 08:42:33,182 [FATAL] Updater:351 - Updater called before beeing initialized
2025-03-25 08:42:33,235 [ERROR] Updater:1198 - MainUpdater not yet initialized. External WinMGr cannot be set.
2025-03-25 08:42:33,238 [INFO] Updater:1134 - Updater Version found : 6.13.0
2025-03-25 08:42:33,260 [INFO] ApplicationProperties:184 - Using Application install path: C:\ST\STM32CubeIDE_1.16.1\STM32CubeIDE\plugins\com.st.stm32cube.common.mx_6.13.0.202411220809
2025-03-25 08:42:33,980 [INFO] MainUpdater:2872 - connection check result : 10
2025-03-25 08:42:33,980 [INFO] MainUpdater:289 - Updater Check For Update Now.
2025-03-25 08:42:33,980 [INFO] MicroXplorer:498 - Change Database Version : DB.6.0.130
2025-03-25 08:42:33,996 [INFO] McuFinderGlobals:63 - Set McuFinder mode to 2 (CubeIDE integrated)
2025-03-25 08:42:34,001 [INFO] UserAuth:486 - Internet connection configuration mode: 1
2025-03-25 08:42:34,054 [INFO] JxBrowserEngine:152 - Initiate JxBrowser Engine with user profile folder
2025-03-25 08:42:34,203 [INFO] CheckServerUpdateThread:120 - End of CheckServer Thread
2025-03-25 08:42:34,867 [WARN] PackLoader:240 - Cannot read IP mode file for STMicroelectronics.FP-SNS-MOTENVWB1.1.4.0
2025-03-25 08:42:34,883 [WARN] PackLoader:240 - Cannot read IP mode file for STMicroelectronics.FP-ATR-ASTRA1.2.0.2
2025-03-25 08:42:34,888 [WARN] PackLoader:240 - Cannot read IP mode file for STMicroelectronics.FP-ATR-ASTRA1.2.0.1
2025-03-25 08:42:34,899 [WARN] PackLoader:240 - Cannot read IP mode file for STMicroelectronics.X-CUBE-SMBUS.2.1.0
2025-03-25 08:42:34,914 [WARN] PackLoader:240 - Cannot read IP mode file for STMicroelectronics.X-CUBE-WB05N.1.1.0
2025-03-25 08:42:34,925 [WARN] PackLoader:240 - Cannot read IP mode file for STMicroelectronics.X-CUBE-TOUCHGFX.4.23.2
2025-03-25 08:42:34,966 [WARN] PackLoader:240 - Cannot read IP mode file for STMicroelectronics.X-CUBE-AZRTOS-F7.1.1.0
2025-03-25 08:42:35,053 [WARN] PackLoader:240 - Cannot read IP mode file for STMicroelectronics.X-CUBE-MEMS1.11.0.0
2025-03-25 08:42:35,540 [WARN] PackLoader:240 - Cannot read IP mode file for STMicroelectronics.FP-SNS-FLIGHT1.5.0.2
2025-03-25 08:42:35,593 [WARN] PackLoader:240 - Cannot read IP mode file for Infineon.AIROC-Wi-Fi-Bluetooth-STM32.1.7.0
2025-03-25 08:42:35,614 [WARN] PackLoader:240 - Cannot read IP mode file for STMicroelectronics.X-CUBE-DISPLAY.3.0.0
2025-03-25 08:42:35,627 [WARN] PackLoader:240 - Cannot read IP mode file for STMicroelectronics.X-CUBE-BLE1.7.0.0
2025-03-25 08:42:35,634 [WARN] PackLoader:240 - Cannot read IP mode file for STMicroelectronics.X-CUBE-NFC10.1.0.0
2025-03-25 08:42:35,648 [WARN] PackLoader:240 - Cannot read IP mode file for STMicroelectronics.X-CUBE-BLEMGR.4.0.0
2025-03-25 08:42:35,667 [WARN] PackLoader:240 - Cannot read IP mode file for emotas.I-CUBE-CANOPEN.1.3.0
2025-03-25 08:42:35,675 [WARN] PackLoader:240 - Cannot read IP mode file for STMicroelectronics.X-CUBE-TOUCHGFX.4.22.0
2025-03-25 08:42:35,683 [WARN] PackLoader:240 - Cannot read IP mode file for STMicroelectronics.X-CUBE-BLEMGR.3.1.0
2025-03-25 08:42:35,692 [WARN] PackLoader:240 - Cannot read IP mode file for STMicroelectronics.X-CUBE-AI.10.0.0
2025-03-25 08:42:35,697 [WARN] PackLoader:240 - Cannot read IP mode file for STMicroelectronics.FP-SNS-SMARTAG2.1.2.0
2025-03-25 08:42:35,702 [WARN] PackLoader:240 - Cannot read IP mode file for STMicroelectronics.FP-SNS-FLIGHT1.5.1.0
2025-03-25 08:42:35,794 [WARN] PackLoader:240 - Cannot read IP mode file for STMicroelectronics.X-CUBE-MEMS1.11.1.0
2025-03-25 08:42:35,940 [INFO] LogOutputStream:77 - [STDOUT_REDIRECT] 1 : Invalid condition id : UX_CORESTACK_Condition cause : null
2025-03-25 08:42:35,940 [INFO] LogOutputStream:77 - [STDOUT_REDIRECT] 1 : Invalid condition id : UX_CORESTACK_Condition cause : null
2025-03-25 08:42:35,942 [INFO] LogOutputStream:77 - [STDOUT_REDIRECT] 1 : Invalid condition id : UX_CORESTACK_Condition cause : null
2025-03-25 08:42:35,943 [INFO] LogOutputStream:77 - [STDOUT_REDIRECT] 1 : Invalid condition id : UX_CORESTACK_Condition cause : null
2025-03-25 08:42:35,944 [INFO] LogOutputStream:77 - [STDOUT_REDIRECT] 1 : Invalid condition id : UX_CORESTACK_Condition cause : null
2025-03-25 08:42:35,955 [WARN] PackLoader:240 - Cannot read IP mode file for STMicroelectronics.X-CUBE-AZRTOS-WL.2.0.0
2025-03-25 08:42:35,964 [WARN] PackLoader:240 - Cannot read IP mode file for STMicroelectronics.FP-SNS-MOTENV1.5.0.0
2025-03-25 08:42:35,972 [WARN] PackLoader:240 - Cannot read IP mode file for wolfSSL.I-CUBE-wolfMQTT.1.19.0
2025-03-25 08:42:35,980 [WARN] PackLoader:240 - Cannot read IP mode file for WES.I-CUBE-Cesium.1.3.0
2025-03-25 08:42:35,986 [WARN] PackLoader:240 - Cannot read IP mode file for STMicroelectronics.X-CUBE-BLE2.3.3.0
2025-03-25 08:42:35,999 [WARN] PackLoader:240 - Cannot read IP mode file for STMicroelectronics.X-CUBE-NFC9.1.0.0
2025-03-25 08:42:36,007 [WARN] PackLoader:240 - Cannot read IP mode file for STMicroelectronics.X-CUBE-BLE1.7.1.0
2025-03-25 08:42:36,014 [WARN] PackLoader:240 - Cannot read IP mode file for wolfSSL.I-CUBE-wolfMQTT.1.19.2
2025-03-25 08:42:36,031 [WARN] PackLoader:240 - Cannot read IP mode file for STMicroelectronics.X-CUBE-TCPP.4.1.0
2025-03-25 08:42:36,035 [WARN] PackLoader:240 - Cannot read IP mode file for STMicroelectronics.X-CUBE-TOUCHGFX.4.21.4
2025-03-25 08:42:36,050 [WARN] PackLoader:240 - Cannot read IP mode file for STMicroelectronics.X-CUBE-AZRTOS-G0.1.1.0
2025-03-25 08:42:36,058 [WARN] PackLoader:240 - Cannot read IP mode file for STMicroelectronics.X-CUBE-SAFEA1.1.2.2
2025-03-25 08:42:36,065 [WARN] PackLoader:240 - Cannot read IP mode file for STMicroelectronics.X-CUBE-NFC4.3.0.0
2025-03-25 08:42:36,080 [WARN] PackLoader:240 - Cannot read IP mode file for EmbeddedOffice.I-CUBE-FS-RTOS.1.0.1
2025-03-25 08:42:36,088 [WARN] PackLoader:240 - Cannot read IP mode file for wolfSSL.I-CUBE-wolfTPM.3.8.0
2025-03-25 08:42:36,094 [WARN] PackLoader:240 - Cannot read IP mode file for STMicroelectronics.X-CUBE-TCPP.4.2.0
2025-03-25 08:42:36,100 [WARN] PackLoader:240 - Cannot read IP mode file for RealThread.X-CUBE-RT-Thread_Nano.4.1.1
2025-03-25 08:42:36,107 [WARN] PackLoader:240 - Cannot read IP mode file for wolfSSL.I-CUBE-wolfSSL.5.7.0
2025-03-25 08:42:36,111 [WARN] PackLoader:240 - Cannot read IP mode file for STMicroelectronics.FP-ATR-SIGFOX1.3.2.0
2025-03-25 08:42:36,116 [WARN] ConditionMgr:438 - getConditionDescription Invalid condition id : Cortex-A Device cause : null
2025-03-25 08:42:36,135 [WARN] ConditionMgr:1044 - genDependencies : Invalid condition id : Cortex-A Device cause : null
2025-03-25 08:42:36,136 [WARN] ConditionMgr:1044 - genDependencies : Invalid condition id : Cortex-A Device cause : null
2025-03-25 08:42:36,137 [WARN] ConditionMgr:1044 - genDependencies : Invalid condition id : Cortex-A Device cause : null
2025-03-25 08:42:36,147 [WARN] PackLoader:240 - Cannot read IP mode file for STMicroelectronics.X-CUBE-EEPRMA1.5.1.0
2025-03-25 08:42:36,160 [WARN] PackLoader:240 - Cannot read IP mode file for wolfSSL.I-CUBE-wolfSSL.5.7.6
2025-03-25 08:42:36,169 [WARN] PackLoader:240 - Cannot read IP mode file for ITTIA_DB.I-CUBE-ITTIADB.8.9.0
2025-03-25 08:42:36,197 [WARN] PackLoader:240 - Cannot read IP mode file for SEGGER.I-CUBE-embOS.1.3.1
2025-03-25 08:42:36,199 [INFO] WebApp:168 - Instantiating new browser for Auth
2025-03-25 08:42:36,246 [WARN] PackLoader:240 - Cannot read IP mode file for STMicroelectronics.X-CUBE-ALGOBUILD.1.4.0
2025-03-25 08:42:36,250 [WARN] PackLoader:240 - Cannot read IP mode file for STMicroelectronics.X-CUBE-AI.9.1.0
2025-03-25 08:42:36,259 [WARN] PackLoader:240 - Cannot read IP mode file for STMicroelectronics.X-CUBE-GNSS1.6.0.0
2025-03-25 08:42:36,499 [WARN] PackLoader:240 - Cannot read IP mode file for STMicroelectronics.X-CUBE-AZRTOS-F4.1.1.0
2025-03-25 08:42:36,538 [WARN] PackLoader:240 - Cannot read IP mode file for STMicroelectronics.X-CUBE-ISPU.2.1.0
2025-03-25 08:42:36,545 [WARN] PackLoader:240 - Cannot read IP mode file for STMicroelectronics.X-CUBE-FREERTOS.1.2.0
2025-03-25 08:42:36,562 [WARN] PackLoader:240 - Cannot read IP mode file for STMicroelectronics.X-CUBE-AZRTOS-L5.2.0.0
2025-03-25 08:42:36,570 [WARN] PackLoader:240 - Cannot read IP mode file for STMicroelectronics.X-CUBE-NFC6.3.1.0
2025-03-25 08:42:36,579 [WARN] PackLoader:240 - Cannot read IP mode file for STMicroelectronics.X-CUBE-DPower.1.2.0
2025-03-25 08:42:36,583 [WARN] PackLoader:240 - Cannot read IP mode file for STMicroelectronics.X-CUBE-AI.9.0.0
2025-03-25 08:42:36,587 [WARN] PackLoader:240 - Cannot read IP mode file for STMicroelectronics.X-CUBE-FREERTOS.1.3.0
2025-03-25 08:42:36,593 [WARN] PackLoader:240 - Cannot read IP mode file for STMicroelectronics.X-CUBE-NFC7.1.0.1
2025-03-25 08:42:36,599 [WARN] PackLoader:240 - Cannot read IP mode file for wolfSSL.I-CUBE-wolfTPM.3.2.0
2025-03-25 08:42:36,617 [WARN] ConditionMgr:438 - getConditionDescription Invalid condition id : LAN8742 Phy interface Condition cause : null
2025-03-25 08:42:36,617 [WARN] PackLoader:240 - Cannot read IP mode file for STMicroelectronics.X-CUBE-AZRTOS-L4.2.0.0
2025-03-25 08:42:36,618 [WARN] ConditionMgr:1044 - genDependencies : Invalid condition id : LAN8742 Phy interface Condition cause : null
2025-03-25 08:42:36,619 [WARN] ConditionMgr:1044 - genDependencies : Invalid condition id : LAN8742 Phy interface Condition cause : null
2025-03-25 08:42:36,619 [WARN] ConditionMgr:1044 - genDependencies : Invalid condition id : LAN8742 Phy interface Condition cause : null
2025-03-25 08:42:36,628 [WARN] PackLoader:240 - Cannot read IP mode file for STMicroelectronics.X-CUBE-SFXS2LP1.4.0.0
2025-03-25 08:42:36,654 [WARN] PackLoader:240 - Cannot read IP mode file for STMicroelectronics.X-CUBE-AZRTOS-H7.3.3.0
2025-03-25 08:42:36,665 [WARN] PackLoader:240 - Cannot read IP mode file for STMicroelectronics.X-CUBE-IPS.3.0.0
2025-03-25 08:42:36,687 [WARN] ConditionMgr:438 - getConditionDescription Invalid condition id : UX DEVICE CLASS RTOS Condition cause : null
2025-03-25 08:42:36,687 [WARN] ConditionMgr:438 - getConditionDescription Invalid condition id : UX DEVICE CLASS RTOS Condition cause : null
2025-03-25 08:42:36,689 [WARN] PackLoader:240 - Cannot read IP mode file for STMicroelectronics.X-CUBE-AZRTOS-WB.2.0.0
2025-03-25 08:42:36,690 [WARN] ConditionMgr:1044 - genDependencies : Invalid condition id : UX DEVICE CLASS RTOS Condition cause : null
2025-03-25 08:42:36,690 [WARN] ConditionMgr:1044 - genDependencies : Invalid condition id : UX DEVICE CLASS RTOS Condition cause : null
2025-03-25 08:42:36,690 [WARN] ConditionMgr:1044 - genDependencies : Invalid condition id : UX DEVICE CLASS RTOS Condition cause : null
2025-03-25 08:42:36,690 [WARN] ConditionMgr:1044 - genDependencies : Invalid condition id : UX DEVICE CLASS RTOS Condition cause : null
2025-03-25 08:42:36,690 [WARN] ConditionMgr:1044 - genDependencies : Invalid condition id : UX DEVICE CLASS RTOS Condition cause : null
2025-03-25 08:42:36,695 [WARN] PackLoader:240 - Cannot read IP mode file for STMicroelectronics.X-CUBE-GNSS1.7.0.0
2025-03-25 08:42:36,703 [WARN] PackLoader:240 - Cannot read IP mode file for STMicroelectronics.X-CUBE-GNSS1.7.0.1
2025-03-25 08:42:36,707 [WARN] PackLoader:240 - Cannot read IP mode file for STMicroelectronics.X-CUBE-TOUCHGFX.4.25.0
2025-03-25 08:42:36,713 [WARN] PackLoader:240 - Cannot read IP mode file for STMicroelectronics.FP-SNS-STBOX1.2.0.0
2025-03-25 08:42:36,726 [WARN] PackLoader:240 - Cannot read IP mode file for STMicroelectronics.X-CUBE-SUBG2.5.0.0
2025-03-25 08:42:36,746 [WARN] PackLoader:240 - Cannot read IP mode file for STMicroelectronics.X-CUBE-AZRTOS-H7RS.1.1.0
2025-03-25 08:42:36,763 [WARN] PackLoader:240 - Cannot read IP mode file for Cesanta.I-CUBE-Mongoose.7.13.0
2025-03-25 08:42:36,780 [WARN] PackLoader:240 - Cannot read IP mode file for STMicroelectronics.X-CUBE-AZRTOS-G4.2.0.0
2025-03-25 08:42:36,788 [WARN] PackLoader:240 - Cannot read IP mode file for wolfSSL.I-CUBE-wolfSSH.1.4.20
2025-03-25 08:42:36,793 [WARN] PackLoader:240 - Cannot read IP mode file for STMicroelectronics.X-CUBE-ISPU.2.0.0
2025-03-25 08:42:36,803 [WARN] PackLoader:240 - Cannot read IP mode file for STMicroelectronics.X-CUBE-IPS.3.1.0
2025-03-25 08:42:36,813 [WARN] PackLoader:240 - Cannot read IP mode file for STMicroelectronics.X-CUBE-ALS.1.0.2
2025-03-25 08:42:36,850 [WARN] PackLoader:240 - Cannot read IP mode file for STMicroelectronics.X-CUBE-MEMS1.10.0.0
2025-03-25 08:42:36,983 [WARN] PackLoader:240 - Cannot read IP mode file for STMicroelectronics.X-CUBE-TOUCHGFX.4.24.0
2025-03-25 08:42:36,986 [WARN] PackLoader:240 - Cannot read IP mode file for STMicroelectronics.X-CUBE-TOUCHGFX.4.24.2
2025-03-25 08:42:36,990 [WARN] PackLoader:240 - Cannot read IP mode file for STMicroelectronics.X-CUBE-TOUCHGFX.4.24.1
2025-03-25 08:42:36,995 [WARN] PackLoader:240 - Cannot read IP mode file for wolfSSL.I-CUBE-wolfTPM.3.4.0
2025-03-25 08:42:37,000 [WARN] PackLoader:240 - Cannot read IP mode file for portGmbH.I-Cube-SoM-uGOAL.1.1.0
2025-03-25 08:42:37,015 [WARN] PackLoader:240 - Cannot read IP mode file for STMicroelectronics.X-CUBE-AZRTOS-H7RS.1.0.0
2025-03-25 08:42:37,023 [WARN] PackLoader:240 - Cannot read IP mode file for STMicroelectronics.FP-ATR-ASTRA1.2.0.0
2025-03-25 08:42:37,083 [WARN] PackLoader:240 - Cannot read IP mode file for STMicroelectronics.X-CUBE-TOF1.3.4.2
2025-03-25 08:42:37,106 [WARN] PackLoader:240 - Cannot read IP mode file for STMicroelectronics.X-CUBE-TOF1.3.4.1
2025-03-25 08:42:37,185 [WARN] PackLoader:240 - Cannot read IP mode file for STMicroelectronics.X-CUBE-AZRTOS-H7.3.2.0
2025-03-25 08:42:37,230 [WARN] PackLoader:240 - Cannot read IP mode file for Infineon.AIROC-Wi-Fi-Bluetooth-STM32.1.6.0
2025-03-25 08:42:37,264 [WARN] PackLoader:240 - Cannot read IP mode file for wolfSSL.I-CUBE-wolfSSH.1.4.17
2025-03-25 08:42:37,265 [INFO] ThirdParty:978 - Integrity check success = true
2025-03-25 08:42:37,265 [INFO] IntegrityCheckThread:100 - exiting critical section [integrity check]
2025-03-25 08:42:37,265 [INFO] IntegrityCheckThread:103 - End integrity checks thread
2025-03-25 08:42:38,430 [INFO] WebApp:449 - Apply proxy settings
2025-03-25 08:42:38,433 [INFO] WebApp:534 - Chromium requires no authentication
2025-03-25 08:42:38,463 [INFO] WebApp:477 - Direct internet connection detected
2025-03-25 08:42:38,524 [INFO] WebApp:880 - Register for checkConnection events
2025-03-25 08:42:38,524 [INFO] WebApp:449 - Apply proxy settings
2025-03-25 08:42:38,524 [INFO] WebApp:534 - Chromium requires no authentication
2025-03-25 08:42:38,526 [INFO] WebApp:477 - Direct internet connection detected
2025-03-25 08:42:38,828 [INFO] WebApp:221 - Starting web application
2025-03-25 08:42:38,828 [INFO] WebApp:579 - Web application path used C:\ST\STM32CubeIDE_1.16.1\STM32CubeIDE\plugins\com.st.stm32cube.common.mx_6.13.0.202411220809\db\plugins\mcufinder\reactClient1\index.html
2025-03-25 08:42:38,930 [INFO] WebApp:187 - Connection restablished
2025-03-25 08:42:38,977 [INFO] UserAuth:486 - Internet connection configuration mode: 1
2025-03-25 17:30:42,863 [INFO] WebApp:389 - JxBrowser engine has been closed 
