2025-04-21 15:54:28,980 [INFO] Activator:176 - 


2025-04-21 15:54:28,984 [INFO] Activator:177 - !SESSION log4j initialized
2025-04-21 15:54:35,082 [INFO] LogOutputStream:77 - [STDOUT_REDIRECT] 
2025-04-21 15:54:36,211 [INFO] ApplicationProperties:184 - Using Application install path: C:\ST\STM32CubeIDE_1.16.1\STM32CubeIDE\plugins\com.st.stm32cube.common.mx_6.13.0.202411220809
2025-04-21 15:54:36,233 [INFO] DbMcusXml:78 - Set database path to: C:\ST\STM32CubeIDE_1.16.1\STM32CubeIDE\plugins\com.st.stm32cube.common.mx_6.13.0.202411220809\\db\/mcu/
2025-04-21 15:54:36,233 [INFO] ApiDb:274 - Set plugin database path to: C:\ST\STM32CubeIDE_1.16.1\STM32CubeIDE\plugins\com.st.stm32cube.common.mx_6.13.0.202411220809\\db\/plugins/boardmanager/
2025-04-21 15:54:36,234 [WARN] ApiDb:259 - Overriding images path with different value:  => C:\ST\STM32CubeIDE_1.16.1\STM32CubeIDE\plugins\com.st.stm32cube.common.mx_6.13.0.202411220809\\db\/plugins/mcufinder/images/
2025-04-21 15:54:36,241 [INFO] ApiDb:250 - Set database path to: C:\Users\user\.stmcufinder\plugins\mcufinder//mcu/
2025-04-21 15:54:36,243 [INFO] DbMcusAds:125 - Set database path to: C:\Users\user\.stmcufinder\plugins\mcufinder//mcu/
2025-04-21 15:54:36,246 [INFO] CrossReferenceDbSqlite:203 - Set database path to: C:\Users\user\.stmcufinder\plugins\mcufinder//mcu/cs/
2025-04-21 15:54:36,359 [INFO] RulesReader:64 - Compatibility file has been processed (297 Rules)
2025-04-21 15:54:36,428 [INFO] DbMcusXml:78 - Set database path to: C:\ST\STM32CubeIDE_1.16.1\STM32CubeIDE\plugins\com.st.stm32cube.common.mx_6.13.0.202411220809\\db\/mcu/
2025-04-21 15:54:36,428 [INFO] ApiDb:274 - Set plugin database path to: C:\ST\STM32CubeIDE_1.16.1\STM32CubeIDE\plugins\com.st.stm32cube.common.mx_6.13.0.202411220809\\db\/plugins/boardmanager/
2025-04-21 15:54:36,429 [INFO] ApiDb:261 - Set plugin images path to: C:\ST\STM32CubeIDE_1.16.1\STM32CubeIDE\plugins\com.st.stm32cube.common.mx_6.13.0.202411220809\\db\/plugins/mcufinder/images/
2025-04-21 15:54:36,429 [WARN] DbFile:41 - Overriding database path with different value: C:\Users\user\.stmcufinder\plugins\mcufinder/ => C:\Users\user\.stmcufinder\plugins\mcufinder
2025-04-21 15:54:36,429 [INFO] ApiDb:250 - Set database path to: C:\Users\user\.stmcufinder\plugins\mcufinder//mcu/
2025-04-21 15:54:36,429 [WARN] DbFile:41 - Overriding database path with different value: C:\Users\user\.stmcufinder\plugins\mcufinder/ => C:\Users\user\.stmcufinder\plugins\mcufinder
2025-04-21 15:54:36,429 [INFO] DbMcusAds:125 - Set database path to: C:\Users\user\.stmcufinder\plugins\mcufinder//mcu/
2025-04-21 15:54:36,429 [WARN] DbFile:41 - Overriding database path with different value: C:\Users\user\.stmcufinder\plugins\mcufinder/ => C:\Users\user\.stmcufinder\plugins\mcufinder
2025-04-21 15:54:36,429 [WARN] DbFile:41 - Overriding database path with different value: C:\Users\user\.stmcufinder\plugins\mcufinder/ => C:\Users\user\.stmcufinder\plugins\mcufinder
2025-04-21 15:54:36,429 [INFO] CrossReferenceDbSqlite:203 - Set database path to: C:\Users\user\.stmcufinder\plugins\mcufinder//mcu/cs/
2025-04-21 15:54:36,502 [INFO] MainPanel:272 - HeapMemory: 268435456
2025-04-21 15:54:36,600 [INFO] DbMcusXml:78 - Set database path to: C:\ST\STM32CubeIDE_1.16.1\STM32CubeIDE\plugins\com.st.stm32cube.common.mx_6.13.0.202411220809\\db\/mcu/
2025-04-21 15:54:36,600 [INFO] ApiDb:274 - Set plugin database path to: C:\ST\STM32CubeIDE_1.16.1\STM32CubeIDE\plugins\com.st.stm32cube.common.mx_6.13.0.202411220809\\db\/plugins/boardmanager/
2025-04-21 15:54:36,600 [INFO] ApiDb:261 - Set plugin images path to: C:\ST\STM32CubeIDE_1.16.1\STM32CubeIDE\plugins\com.st.stm32cube.common.mx_6.13.0.202411220809\\db\/plugins/mcufinder/images/
2025-04-21 15:54:36,600 [WARN] DbFile:41 - Overriding database path with different value: C:\Users\user\.stmcufinder\plugins\mcufinder/ => C:\Users\user\.stmcufinder\plugins\mcufinder
2025-04-21 15:54:36,600 [INFO] ApiDb:250 - Set database path to: C:\Users\user\.stmcufinder\plugins\mcufinder//mcu/
2025-04-21 15:54:36,600 [WARN] DbFile:41 - Overriding database path with different value: C:\Users\user\.stmcufinder\plugins\mcufinder/ => C:\Users\user\.stmcufinder\plugins\mcufinder
2025-04-21 15:54:36,601 [INFO] DbMcusAds:125 - Set database path to: C:\Users\user\.stmcufinder\plugins\mcufinder//mcu/
2025-04-21 15:54:36,601 [WARN] DbFile:41 - Overriding database path with different value: C:\Users\user\.stmcufinder\plugins\mcufinder/ => C:\Users\user\.stmcufinder\plugins\mcufinder
2025-04-21 15:54:36,601 [WARN] DbFile:41 - Overriding database path with different value: C:\Users\user\.stmcufinder\plugins\mcufinder/ => C:\Users\user\.stmcufinder\plugins\mcufinder
2025-04-21 15:54:36,601 [INFO] CrossReferenceDbSqlite:203 - Set database path to: C:\Users\user\.stmcufinder\plugins\mcufinder//mcu/cs/
2025-04-21 15:54:36,617 [INFO] ApplicationProperties:184 - Using Application install path: C:\ST\STM32CubeIDE_1.16.1\STM32CubeIDE\plugins\com.st.stm32cube.common.mx_6.13.0.202411220809
2025-04-21 15:54:36,620 [INFO] PluginManage:196 - Search for loadable plugins [exclusion list=, ]
2025-04-21 15:54:36,621 [INFO] PluginManage:310 - Check plugin analytics
2025-04-21 15:54:36,773 [INFO] AnalyticsPlugin:253 - Accepted Software Licenses: 
2025-04-21 15:54:36,773 [INFO] AnalyticsPlugin:255 - Accepted CMSIS Pack Licenses: 
2025-04-21 15:54:36,773 [INFO] AnalyticsPlugin:257 - Accepted Firmware Licenses: 
2025-04-21 15:54:36,775 [INFO] PluginManage:359 - Loaded plugin analytics (category:tool,tabindex:-1)
2025-04-21 15:54:36,777 [INFO] PluginManage:310 - Check plugin cadmodel
2025-04-21 15:54:36,781 [INFO] CADModel:105 - Init CAD model plugin
2025-04-21 15:54:36,781 [INFO] PluginManage:359 - Loaded plugin cadmodel (category:power,tabindex:5)
2025-04-21 15:54:36,781 [INFO] PluginManage:310 - Check plugin clock
2025-04-21 15:54:36,790 [INFO] PluginManage:359 - Loaded plugin clock (category:base,tabindex:2)
2025-04-21 15:54:36,790 [INFO] PluginManage:310 - Check plugin ddr
2025-04-21 15:54:36,793 [INFO] PluginManage:359 - Loaded plugin ddr (category:tool,tabindex:6)
2025-04-21 15:54:36,793 [INFO] PluginManage:310 - Check plugin filemanager
2025-04-21 15:54:36,920 [INFO] PluginManage:359 - Loaded plugin filemanager (category:base,tabindex:10)
2025-04-21 15:54:36,920 [INFO] PluginManage:310 - Check plugin ipmanager
2025-04-21 15:54:36,926 [INFO] PluginManage:359 - Loaded plugin ipmanager (category:base,tabindex:5)
2025-04-21 15:54:36,926 [INFO] PluginManage:310 - Check plugin lpbam
2025-04-21 15:54:36,932 [INFO] PluginManage:359 - Loaded plugin lpbam (category:base,tabindex:0)
2025-04-21 15:54:36,933 [INFO] PluginManage:310 - Check plugin memorymap
2025-04-21 15:54:36,946 [INFO] PluginManage:359 - Loaded plugin memorymap (category:base,tabindex:4)
2025-04-21 15:54:36,946 [INFO] PluginManage:310 - Check plugin pinoutandconfiguration
2025-04-21 15:54:36,952 [INFO] PluginManage:359 - Loaded plugin pinoutandconfiguration (category:base,tabindex:1)
2025-04-21 15:54:36,952 [INFO] PluginManage:310 - Check plugin pinoutconfig
2025-04-21 15:54:37,028 [WARN] SupportedApi:132 - Cannot load RTOS API schema: s4s-elt-must-match.1: The content of 'definitions' must match (annotation?, (simpleType | complexType)?, (unique | key | keyref)*)). A problem was found starting at: attribute.
2025-04-21 15:54:37,139 [INFO] PluginManage:359 - Loaded plugin pinoutconfig (category:base,tabindex:0)
2025-04-21 15:54:37,139 [INFO] PluginManage:310 - Check plugin power
2025-04-21 15:54:37,148 [INFO] PluginManage:359 - Loaded plugin power (category:power,tabindex:4)
2025-04-21 15:54:37,150 [INFO] PluginManage:310 - Check plugin projectmanager
2025-04-21 15:54:37,164 [INFO] PluginManage:359 - Loaded plugin projectmanager (category:projectmanager,tabindex:4)
2025-04-21 15:54:37,164 [INFO] PluginManage:310 - Check plugin rif
2025-04-21 15:54:37,174 [INFO] PluginManage:359 - Loaded plugin rif (category:base,tabindex:3)
2025-04-21 15:54:37,174 [INFO] PluginManage:310 - Check plugin thirdparty
2025-04-21 15:54:37,312 [INFO] PluginManage:359 - Loaded plugin thirdparty (category:base,tabindex:-1)
2025-04-21 15:54:37,312 [WARN] IntegrityCheckThread:84 - waiting for thirdparty lock release [integrity check]
2025-04-21 15:54:37,313 [INFO] PluginManage:310 - Check plugin tools
2025-04-21 15:54:37,313 [INFO] IntegrityCheckThread:86 - entering critical section [integrity check]
2025-04-21 15:54:37,313 [INFO] ThirdPartyUpdaterWithRetryManager:70 - Updater plugin not ready yet. [1/15]
2025-04-21 15:54:37,315 [INFO] PluginManage:359 - Loaded plugin tools (category:base,tabindex:7)
2025-04-21 15:54:37,315 [INFO] PluginManage:310 - Check plugin tutovideos
2025-04-21 15:54:37,490 [INFO] PluginManage:359 - Loaded plugin tutovideos (category:base,tabindex:-1)
2025-04-21 15:54:37,490 [INFO] PluginManage:310 - Check plugin updater
2025-04-21 15:54:37,510 [INFO] PluginManage:359 - Loaded plugin updater (category:base,tabindex:12)
2025-04-21 15:54:37,510 [INFO] PluginManage:310 - Check plugin userauth
2025-04-21 15:54:37,514 [INFO] UserAuth:118 - Init User Auth plugin
2025-04-21 15:54:37,515 [INFO] PluginManage:359 - Loaded plugin userauth (category:base,tabindex:14)
2025-04-21 15:54:37,516 [INFO] PluginManage:283 - PluginManage : Loaded plugins [18]
2025-04-21 15:54:37,707 [INFO] PinOutPanel:1589 - setPackage(No Configuration,No Configuration)
2025-04-21 15:54:37,791 [INFO] CADModel:165 - CPN selected for project level
2025-04-21 15:54:37,791 [INFO] CADModel:114 - Register for checkConnection events
2025-04-21 15:54:37,815 [INFO] IPUIPlugin:80 - create IPUIPlugin
2025-04-21 15:54:37,815 [INFO] PluginManager:220 - loadIPPluginJar : add adc
2025-04-21 15:54:37,818 [INFO] IPUIPlugin:80 - create IPUIPlugin
2025-04-21 15:54:37,818 [INFO] PluginManager:220 - loadIPPluginJar : add aes
2025-04-21 15:54:37,822 [INFO] IPUIPlugin:80 - create IPUIPlugin
2025-04-21 15:54:37,822 [INFO] PluginManager:220 - loadIPPluginJar : add can
2025-04-21 15:54:37,825 [INFO] IPUIPlugin:80 - create IPUIPlugin
2025-04-21 15:54:37,825 [INFO] PluginManager:220 - loadIPPluginJar : add comp
2025-04-21 15:54:37,828 [INFO] IPUIPlugin:80 - create IPUIPlugin
2025-04-21 15:54:37,828 [INFO] PluginManager:220 - loadIPPluginJar : add cryp
2025-04-21 15:54:37,832 [INFO] IPUIPlugin:80 - create IPUIPlugin
2025-04-21 15:54:37,832 [INFO] PluginManager:220 - loadIPPluginJar : add ddr_ctrl_phy
2025-04-21 15:54:37,835 [INFO] IPUIPlugin:80 - create IPUIPlugin
2025-04-21 15:54:37,835 [INFO] PluginManager:220 - loadIPPluginJar : add dfsdm
2025-04-21 15:54:37,842 [INFO] IPUIPlugin:80 - create IPUIPlugin
2025-04-21 15:54:37,842 [INFO] PluginManager:220 - loadIPPluginJar : add dma
2025-04-21 15:54:37,846 [INFO] IPUIPlugin:80 - create IPUIPlugin
2025-04-21 15:54:37,846 [INFO] PluginManager:220 - loadIPPluginJar : add dma3
2025-04-21 15:54:37,850 [INFO] IPUIPlugin:80 - create IPUIPlugin
2025-04-21 15:54:37,850 [INFO] PluginManager:220 - loadIPPluginJar : add extmemmanager
2025-04-21 15:54:37,852 [INFO] IPUIPlugin:80 - create IPUIPlugin
2025-04-21 15:54:37,852 [INFO] PluginManager:220 - loadIPPluginJar : add fatfs
2025-04-21 15:54:37,859 [INFO] IPUIPlugin:80 - create IPUIPlugin
2025-04-21 15:54:37,859 [INFO] PluginManager:220 - loadIPPluginJar : add fmc
2025-04-21 15:54:37,865 [INFO] IPUIPlugin:80 - create IPUIPlugin
2025-04-21 15:54:37,866 [INFO] PluginManager:220 - loadIPPluginJar : add freertos
2025-04-21 15:54:37,868 [INFO] IPUIPlugin:80 - create IPUIPlugin
2025-04-21 15:54:37,868 [INFO] PluginManager:220 - loadIPPluginJar : add genericplugin
2025-04-21 15:54:37,870 [INFO] IPUIPlugin:80 - create IPUIPlugin
2025-04-21 15:54:37,870 [INFO] PluginManager:220 - loadIPPluginJar : add gfxmmu
2025-04-21 15:54:37,876 [INFO] IPUIPlugin:80 - create IPUIPlugin
2025-04-21 15:54:37,876 [INFO] PluginManager:220 - loadIPPluginJar : add gic
2025-04-21 15:54:37,880 [INFO] IPUIPlugin:80 - create IPUIPlugin
2025-04-21 15:54:37,880 [INFO] PluginManager:220 - loadIPPluginJar : add gpio
2025-04-21 15:54:37,884 [INFO] IPUIPlugin:80 - create IPUIPlugin
2025-04-21 15:54:37,884 [INFO] PluginManager:220 - loadIPPluginJar : add gtzc
2025-04-21 15:54:37,887 [INFO] IPUIPlugin:80 - create IPUIPlugin
2025-04-21 15:54:37,887 [INFO] PluginManager:220 - loadIPPluginJar : add hash
2025-04-21 15:54:37,889 [INFO] IPUIPlugin:80 - create IPUIPlugin
2025-04-21 15:54:37,890 [INFO] PluginManager:220 - loadIPPluginJar : add i2c
2025-04-21 15:54:37,892 [INFO] IPUIPlugin:80 - create IPUIPlugin
2025-04-21 15:54:37,892 [INFO] PluginManager:220 - loadIPPluginJar : add i2s
2025-04-21 15:54:37,895 [INFO] IPUIPlugin:80 - create IPUIPlugin
2025-04-21 15:54:37,895 [INFO] PluginManager:220 - loadIPPluginJar : add i3c
2025-04-21 15:54:37,899 [INFO] IPUIPlugin:80 - create IPUIPlugin
2025-04-21 15:54:37,900 [INFO] PluginManager:220 - loadIPPluginJar : add ipddr
2025-04-21 15:54:37,908 [INFO] IPUIPlugin:80 - create IPUIPlugin
2025-04-21 15:54:37,908 [INFO] PluginManager:220 - loadIPPluginJar : add linkedlist
2025-04-21 15:54:37,911 [INFO] IPUIPlugin:80 - create IPUIPlugin
2025-04-21 15:54:37,911 [INFO] PluginManager:220 - loadIPPluginJar : add lorawan
2025-04-21 15:54:37,913 [INFO] IPUIPlugin:80 - create IPUIPlugin
2025-04-21 15:54:37,913 [INFO] PluginManager:220 - loadIPPluginJar : add ltdc
2025-04-21 15:54:37,918 [INFO] IPUIPlugin:80 - create IPUIPlugin
2025-04-21 15:54:37,918 [INFO] PluginManager:220 - loadIPPluginJar : add mdma
2025-04-21 15:54:37,921 [INFO] IPUIPlugin:80 - create IPUIPlugin
2025-04-21 15:54:37,922 [INFO] PluginManager:220 - loadIPPluginJar : add nvic
2025-04-21 15:54:37,924 [INFO] IPUIPlugin:80 - create IPUIPlugin
2025-04-21 15:54:37,924 [INFO] PluginManager:220 - loadIPPluginJar : add opamp
2025-04-21 15:54:37,927 [INFO] IPUIPlugin:80 - create IPUIPlugin
2025-04-21 15:54:37,927 [INFO] PluginManager:220 - loadIPPluginJar : add openamp
2025-04-21 15:54:37,930 [INFO] IPUIPlugin:80 - create IPUIPlugin
2025-04-21 15:54:37,930 [INFO] PluginManager:220 - loadIPPluginJar : add pdm2pcm
2025-04-21 15:54:37,935 [INFO] IPUIPlugin:80 - create IPUIPlugin
2025-04-21 15:54:37,937 [INFO] PluginManager:220 - loadIPPluginJar : add plateformsettings
2025-04-21 15:54:37,939 [INFO] IPUIPlugin:80 - create IPUIPlugin
2025-04-21 15:54:37,939 [INFO] PluginManager:220 - loadIPPluginJar : add quadspi
2025-04-21 15:54:37,941 [INFO] IPUIPlugin:80 - create IPUIPlugin
2025-04-21 15:54:37,941 [INFO] PluginManager:220 - loadIPPluginJar : add radio
2025-04-21 15:54:37,944 [INFO] IPUIPlugin:80 - create IPUIPlugin
2025-04-21 15:54:37,944 [INFO] PluginManager:220 - loadIPPluginJar : add resmgrutility
2025-04-21 15:54:37,946 [INFO] IPUIPlugin:80 - create IPUIPlugin
2025-04-21 15:54:37,946 [INFO] PluginManager:220 - loadIPPluginJar : add sai
2025-04-21 15:54:37,948 [INFO] IPUIPlugin:80 - create IPUIPlugin
2025-04-21 15:54:37,948 [INFO] PluginManager:220 - loadIPPluginJar : add spi
2025-04-21 15:54:37,953 [INFO] IPUIPlugin:80 - create IPUIPlugin
2025-04-21 15:54:37,953 [INFO] PluginManager:220 - loadIPPluginJar : add stm32_wpan
2025-04-21 15:54:37,954 [INFO] IPUIPlugin:80 - create IPUIPlugin
2025-04-21 15:54:37,954 [INFO] PluginManager:220 - loadIPPluginJar : add tim
2025-04-21 15:54:37,957 [INFO] IPUIPlugin:80 - create IPUIPlugin
2025-04-21 15:54:37,957 [INFO] PluginManager:220 - loadIPPluginJar : add touchsensing
2025-04-21 15:54:37,959 [INFO] IPUIPlugin:80 - create IPUIPlugin
2025-04-21 15:54:37,959 [INFO] PluginManager:220 - loadIPPluginJar : add tracer_emb
2025-04-21 15:54:37,961 [INFO] IPUIPlugin:80 - create IPUIPlugin
2025-04-21 15:54:37,961 [INFO] PluginManager:220 - loadIPPluginJar : add ts
2025-04-21 15:54:37,962 [INFO] IPUIPlugin:80 - create IPUIPlugin
2025-04-21 15:54:37,962 [INFO] PluginManager:220 - loadIPPluginJar : add tsc
2025-04-21 15:54:37,964 [INFO] IPUIPlugin:80 - create IPUIPlugin
2025-04-21 15:54:37,964 [INFO] PluginManager:220 - loadIPPluginJar : add ucpd
2025-04-21 15:54:37,967 [INFO] IPUIPlugin:80 - create IPUIPlugin
2025-04-21 15:54:37,967 [INFO] PluginManager:220 - loadIPPluginJar : add usart
2025-04-21 15:54:37,972 [INFO] IPUIPlugin:80 - create IPUIPlugin
2025-04-21 15:54:37,972 [INFO] PluginManager:220 - loadIPPluginJar : add usbx
2025-04-21 15:54:38,092 [FATAL] Updater:351 - Updater called before beeing initialized
2025-04-21 15:54:38,123 [INFO] RulesReader:64 - Compatibility file has been processed (297 Rules)
2025-04-21 15:54:38,132 [INFO] RulesReader:64 - Compatibility file has been processed (297 Rules)
2025-04-21 15:54:38,140 [INFO] CADModel:165 - CPN selected for project level
2025-04-21 15:54:38,140 [INFO] CADModel:114 - Register for checkConnection events
2025-04-21 15:54:38,140 [FATAL] Updater:351 - Updater called before beeing initialized
2025-04-21 15:54:38,140 [ERROR] CADModel:125 - Updater not yet initialized, retry later 
2025-04-21 15:54:38,289 [FATAL] Updater:351 - Updater called before beeing initialized
2025-04-21 15:54:38,291 [INFO] CADModel:165 - CPN selected for project level
2025-04-21 15:54:38,291 [INFO] CADModel:114 - Register for checkConnection events
2025-04-21 15:54:38,291 [FATAL] Updater:351 - Updater called before beeing initialized
2025-04-21 15:54:38,291 [ERROR] CADModel:125 - Updater not yet initialized, retry later 
2025-04-21 15:54:38,295 [FATAL] Updater:351 - Updater called before beeing initialized
2025-04-21 15:54:38,392 [FATAL] Updater:351 - Updater called before beeing initialized
2025-04-21 15:54:38,396 [INFO] DbMcusAds:53 - JSON generation date=Thu Mar 06 21:54:22 ICT 2025 (1741272862204)
2025-04-21 15:54:38,397 [FATAL] Updater:351 - Updater called before beeing initialized
2025-04-21 15:54:38,427 [WARN] DetailPanel:346 - Failed to get advertising image, set to default
2025-04-21 15:54:38,613 [FATAL] Updater:351 - Updater called before beeing initialized
2025-04-21 15:54:38,615 [FATAL] Updater:351 - Updater called before beeing initialized
2025-04-21 15:54:38,615 [FATAL] Updater:351 - Updater called before beeing initialized
2025-04-21 15:54:38,615 [WARN] DetailPanel:346 - Failed to get advertising image, set to default
2025-04-21 15:54:38,616 [FATAL] Updater:351 - Updater called before beeing initialized
2025-04-21 15:54:38,657 [ERROR] Updater:1198 - MainUpdater not yet initialized. External WinMGr cannot be set.
2025-04-21 15:54:38,659 [INFO] Updater:1134 - Updater Version found : 6.13.0
2025-04-21 15:54:38,673 [INFO] ApplicationProperties:184 - Using Application install path: C:\ST\STM32CubeIDE_1.16.1\STM32CubeIDE\plugins\com.st.stm32cube.common.mx_6.13.0.202411220809
2025-04-21 15:54:39,050 [INFO] MainUpdater:2872 - connection check result : 10
2025-04-21 15:54:39,051 [INFO] MainUpdater:289 - Updater Check For Update Now.
2025-04-21 15:54:39,051 [INFO] MicroXplorer:498 - Change Database Version : DB.6.0.130
2025-04-21 15:54:39,057 [INFO] McuFinderGlobals:63 - Set McuFinder mode to 2 (CubeIDE integrated)
2025-04-21 15:54:39,089 [INFO] UserAuth:486 - Internet connection configuration mode: 1
2025-04-21 15:54:39,151 [INFO] JxBrowserEngine:152 - Initiate JxBrowser Engine with user profile folder
2025-04-21 15:54:39,283 [INFO] CheckServerUpdateThread:120 - End of CheckServer Thread
2025-04-21 15:54:39,802 [INFO] WebApp:168 - Instantiating new browser for Auth
2025-04-21 15:54:40,583 [WARN] PackLoader:240 - Cannot read IP mode file for STMicroelectronics.FP-SNS-MOTENVWB1.1.4.0
2025-04-21 15:54:40,606 [WARN] PackLoader:240 - Cannot read IP mode file for STMicroelectronics.FP-ATR-ASTRA1.2.0.2
2025-04-21 15:54:40,612 [WARN] PackLoader:240 - Cannot read IP mode file for STMicroelectronics.FP-ATR-ASTRA1.2.0.1
2025-04-21 15:54:40,623 [WARN] PackLoader:240 - Cannot read IP mode file for STMicroelectronics.X-CUBE-SMBUS.2.1.0
2025-04-21 15:54:40,634 [WARN] PackLoader:240 - Cannot read IP mode file for STMicroelectronics.X-CUBE-WB05N.1.1.0
2025-04-21 15:54:40,642 [WARN] PackLoader:240 - Cannot read IP mode file for STMicroelectronics.X-CUBE-TOUCHGFX.4.23.2
2025-04-21 15:54:40,694 [WARN] PackLoader:240 - Cannot read IP mode file for STMicroelectronics.X-CUBE-AZRTOS-F7.1.1.0
2025-04-21 15:54:40,923 [WARN] PackLoader:240 - Cannot read IP mode file for STMicroelectronics.X-CUBE-MEMS1.11.0.0
2025-04-21 15:54:41,218 [WARN] PackLoader:240 - Cannot read IP mode file for STMicroelectronics.FP-SNS-FLIGHT1.5.0.2
2025-04-21 15:54:41,241 [WARN] PackLoader:240 - Cannot read IP mode file for Infineon.AIROC-Wi-Fi-Bluetooth-STM32.1.7.0
2025-04-21 15:54:41,298 [WARN] PackLoader:240 - Cannot read IP mode file for STMicroelectronics.X-CUBE-DISPLAY.3.0.0
2025-04-21 15:54:41,309 [WARN] PackLoader:240 - Cannot read IP mode file for STMicroelectronics.X-CUBE-BLE1.7.0.0
2025-04-21 15:54:41,315 [WARN] PackLoader:240 - Cannot read IP mode file for STMicroelectronics.X-CUBE-NFC10.1.0.0
2025-04-21 15:54:41,326 [WARN] PackLoader:240 - Cannot read IP mode file for STMicroelectronics.X-CUBE-BLEMGR.4.0.0
2025-04-21 15:54:41,334 [WARN] PackLoader:240 - Cannot read IP mode file for emotas.I-CUBE-CANOPEN.1.3.0
2025-04-21 15:54:41,339 [WARN] PackLoader:240 - Cannot read IP mode file for STMicroelectronics.X-CUBE-TOUCHGFX.4.22.0
2025-04-21 15:54:41,347 [WARN] PackLoader:240 - Cannot read IP mode file for STMicroelectronics.X-CUBE-BLEMGR.3.1.0
2025-04-21 15:54:41,353 [WARN] PackLoader:240 - Cannot read IP mode file for STMicroelectronics.X-CUBE-AI.10.0.0
2025-04-21 15:54:41,359 [WARN] PackLoader:240 - Cannot read IP mode file for STMicroelectronics.FP-SNS-SMARTAG2.1.2.0
2025-04-21 15:54:41,364 [WARN] PackLoader:240 - Cannot read IP mode file for STMicroelectronics.FP-SNS-FLIGHT1.5.1.0
2025-04-21 15:54:41,421 [WARN] PackLoader:240 - Cannot read IP mode file for STMicroelectronics.X-CUBE-MEMS1.11.1.0
2025-04-21 15:54:41,547 [INFO] LogOutputStream:77 - [STDOUT_REDIRECT] 1 : Invalid condition id : UX_CORESTACK_Condition cause : null
2025-04-21 15:54:41,547 [INFO] LogOutputStream:77 - [STDOUT_REDIRECT] 1 : Invalid condition id : UX_CORESTACK_Condition cause : null
2025-04-21 15:54:41,548 [INFO] LogOutputStream:77 - [STDOUT_REDIRECT] 1 : Invalid condition id : UX_CORESTACK_Condition cause : null
2025-04-21 15:54:41,550 [INFO] LogOutputStream:77 - [STDOUT_REDIRECT] 1 : Invalid condition id : UX_CORESTACK_Condition cause : null
2025-04-21 15:54:41,552 [INFO] LogOutputStream:77 - [STDOUT_REDIRECT] 1 : Invalid condition id : UX_CORESTACK_Condition cause : null
2025-04-21 15:54:41,554 [WARN] PackLoader:240 - Cannot read IP mode file for STMicroelectronics.X-CUBE-AZRTOS-WL.2.0.0
2025-04-21 15:54:41,561 [WARN] PackLoader:240 - Cannot read IP mode file for STMicroelectronics.FP-SNS-MOTENV1.5.0.0
2025-04-21 15:54:41,567 [WARN] PackLoader:240 - Cannot read IP mode file for wolfSSL.I-CUBE-wolfMQTT.1.19.0
2025-04-21 15:54:41,576 [WARN] PackLoader:240 - Cannot read IP mode file for WES.I-CUBE-Cesium.1.3.0
2025-04-21 15:54:41,584 [WARN] PackLoader:240 - Cannot read IP mode file for STMicroelectronics.X-CUBE-BLE2.3.3.0
2025-04-21 15:54:41,591 [WARN] PackLoader:240 - Cannot read IP mode file for STMicroelectronics.X-CUBE-NFC9.1.0.0
2025-04-21 15:54:41,597 [WARN] PackLoader:240 - Cannot read IP mode file for STMicroelectronics.X-CUBE-BLE1.7.1.0
2025-04-21 15:54:41,603 [WARN] PackLoader:240 - Cannot read IP mode file for wolfSSL.I-CUBE-wolfMQTT.1.19.2
2025-04-21 15:54:41,610 [WARN] PackLoader:240 - Cannot read IP mode file for STMicroelectronics.X-CUBE-TCPP.4.1.0
2025-04-21 15:54:41,614 [WARN] PackLoader:240 - Cannot read IP mode file for STMicroelectronics.X-CUBE-TOUCHGFX.4.21.4
2025-04-21 15:54:41,652 [INFO] WebApp:449 - Apply proxy settings
2025-04-21 15:54:41,652 [INFO] WebApp:534 - Chromium requires no authentication
2025-04-21 15:54:41,664 [WARN] PackLoader:240 - Cannot read IP mode file for STMicroelectronics.X-CUBE-MEMS1.11.2.0
2025-04-21 15:54:41,670 [INFO] WebApp:477 - Direct internet connection detected
2025-04-21 15:54:41,840 [WARN] PackLoader:240 - Cannot read IP mode file for STMicroelectronics.X-CUBE-AZRTOS-G0.1.1.0
2025-04-21 15:54:41,852 [WARN] PackLoader:240 - Cannot read IP mode file for STMicroelectronics.X-CUBE-SAFEA1.1.2.2
2025-04-21 15:54:41,862 [WARN] PackLoader:240 - Cannot read IP mode file for STMicroelectronics.X-CUBE-NFC4.3.0.0
2025-04-21 15:54:41,873 [WARN] PackLoader:240 - Cannot read IP mode file for EmbeddedOffice.I-CUBE-FS-RTOS.1.0.1
2025-04-21 15:54:41,888 [WARN] PackLoader:240 - Cannot read IP mode file for wolfSSL.I-CUBE-wolfTPM.3.8.0
2025-04-21 15:54:41,895 [WARN] PackLoader:240 - Cannot read IP mode file for STMicroelectronics.X-CUBE-TCPP.4.2.0
2025-04-21 15:54:41,921 [WARN] PackLoader:240 - Cannot read IP mode file for RealThread.X-CUBE-RT-Thread_Nano.4.1.1
2025-04-21 15:54:41,934 [WARN] PackLoader:240 - Cannot read IP mode file for wolfSSL.I-CUBE-wolfSSL.5.7.0
2025-04-21 15:54:41,939 [WARN] PackLoader:240 - Cannot read IP mode file for STMicroelectronics.FP-ATR-SIGFOX1.3.2.0
2025-04-21 15:54:41,943 [WARN] ConditionMgr:438 - getConditionDescription Invalid condition id : Cortex-A Device cause : null
2025-04-21 15:54:41,968 [WARN] ConditionMgr:1044 - genDependencies : Invalid condition id : Cortex-A Device cause : null
2025-04-21 15:54:41,968 [WARN] ConditionMgr:1044 - genDependencies : Invalid condition id : Cortex-A Device cause : null
2025-04-21 15:54:41,968 [WARN] ConditionMgr:1044 - genDependencies : Invalid condition id : Cortex-A Device cause : null
2025-04-21 15:54:41,976 [WARN] PackLoader:240 - Cannot read IP mode file for STMicroelectronics.X-CUBE-EEPRMA1.5.1.0
2025-04-21 15:54:41,979 [INFO] WebApp:880 - Register for checkConnection events
2025-04-21 15:54:41,982 [WARN] PackLoader:240 - Cannot read IP mode file for wolfSSL.I-CUBE-wolfSSL.5.7.6
2025-04-21 15:54:41,982 [INFO] WebApp:449 - Apply proxy settings
2025-04-21 15:54:41,985 [INFO] WebApp:534 - Chromium requires no authentication
2025-04-21 15:54:41,986 [INFO] WebApp:477 - Direct internet connection detected
2025-04-21 15:54:41,995 [WARN] PackLoader:240 - Cannot read IP mode file for ITTIA_DB.I-CUBE-ITTIADB.8.9.0
2025-04-21 15:54:42,036 [WARN] PackLoader:240 - Cannot read IP mode file for SEGGER.I-CUBE-embOS.1.3.1
2025-04-21 15:54:42,066 [WARN] PackLoader:240 - Cannot read IP mode file for STMicroelectronics.X-CUBE-ALGOBUILD.1.4.0
2025-04-21 15:54:42,070 [WARN] PackLoader:240 - Cannot read IP mode file for STMicroelectronics.X-CUBE-AI.9.1.0
2025-04-21 15:54:42,076 [WARN] PackLoader:240 - Cannot read IP mode file for STMicroelectronics.X-CUBE-GNSS1.6.0.0
2025-04-21 15:54:42,093 [WARN] PackLoader:240 - Cannot read IP mode file for STMicroelectronics.X-CUBE-AZRTOS-F4.1.1.0
2025-04-21 15:54:42,100 [WARN] PackLoader:240 - Cannot read IP mode file for Avnet-IotConnect.X-CUBE-IoTC-DA16k-PMOD.1.0.0
2025-04-21 15:54:42,105 [WARN] PackLoader:240 - Cannot read IP mode file for STMicroelectronics.X-CUBE-ISPU.2.1.0
2025-04-21 15:54:42,111 [WARN] PackLoader:240 - Cannot read IP mode file for STMicroelectronics.X-CUBE-FREERTOS.1.2.0
2025-04-21 15:54:42,130 [WARN] PackLoader:240 - Cannot read IP mode file for STMicroelectronics.X-CUBE-AZRTOS-L5.2.0.0
2025-04-21 15:54:42,140 [WARN] PackLoader:240 - Cannot read IP mode file for STMicroelectronics.X-CUBE-NFC6.3.1.0
2025-04-21 15:54:42,147 [WARN] PackLoader:240 - Cannot read IP mode file for STMicroelectronics.X-CUBE-DPower.1.2.0
2025-04-21 15:54:42,151 [WARN] PackLoader:240 - Cannot read IP mode file for STMicroelectronics.X-CUBE-AI.9.0.0
2025-04-21 15:54:42,156 [WARN] PackLoader:240 - Cannot read IP mode file for STMicroelectronics.X-CUBE-FREERTOS.1.3.0
2025-04-21 15:54:42,161 [WARN] PackLoader:240 - Cannot read IP mode file for STMicroelectronics.X-CUBE-NFC7.1.0.1
2025-04-21 15:54:42,166 [WARN] PackLoader:240 - Cannot read IP mode file for wolfSSL.I-CUBE-wolfTPM.3.2.0
2025-04-21 15:54:42,172 [WARN] PackLoader:240 - Cannot read IP mode file for STMicroelectronics.X-CUBE-DPower.1.3.0
2025-04-21 15:54:42,187 [WARN] ConditionMgr:438 - getConditionDescription Invalid condition id : LAN8742 Phy interface Condition cause : null
2025-04-21 15:54:42,188 [WARN] PackLoader:240 - Cannot read IP mode file for STMicroelectronics.X-CUBE-AZRTOS-L4.2.0.0
2025-04-21 15:54:42,189 [WARN] ConditionMgr:1044 - genDependencies : Invalid condition id : LAN8742 Phy interface Condition cause : null
2025-04-21 15:54:42,189 [WARN] ConditionMgr:1044 - genDependencies : Invalid condition id : LAN8742 Phy interface Condition cause : null
2025-04-21 15:54:42,189 [WARN] ConditionMgr:1044 - genDependencies : Invalid condition id : LAN8742 Phy interface Condition cause : null
2025-04-21 15:54:42,197 [WARN] PackLoader:240 - Cannot read IP mode file for STMicroelectronics.X-CUBE-SFXS2LP1.4.0.0
2025-04-21 15:54:42,219 [WARN] PackLoader:240 - Cannot read IP mode file for STMicroelectronics.X-CUBE-AZRTOS-H7.3.3.0
2025-04-21 15:54:42,230 [WARN] PackLoader:240 - Cannot read IP mode file for STMicroelectronics.X-CUBE-IPS.3.0.0
2025-04-21 15:54:42,243 [WARN] ConditionMgr:438 - getConditionDescription Invalid condition id : UX DEVICE CLASS RTOS Condition cause : null
2025-04-21 15:54:42,244 [WARN] ConditionMgr:438 - getConditionDescription Invalid condition id : UX DEVICE CLASS RTOS Condition cause : null
2025-04-21 15:54:42,245 [WARN] PackLoader:240 - Cannot read IP mode file for STMicroelectronics.X-CUBE-AZRTOS-WB.2.0.0
2025-04-21 15:54:42,246 [WARN] ConditionMgr:1044 - genDependencies : Invalid condition id : UX DEVICE CLASS RTOS Condition cause : null
2025-04-21 15:54:42,246 [WARN] ConditionMgr:1044 - genDependencies : Invalid condition id : UX DEVICE CLASS RTOS Condition cause : null
2025-04-21 15:54:42,246 [WARN] ConditionMgr:1044 - genDependencies : Invalid condition id : UX DEVICE CLASS RTOS Condition cause : null
2025-04-21 15:54:42,246 [WARN] ConditionMgr:1044 - genDependencies : Invalid condition id : UX DEVICE CLASS RTOS Condition cause : null
2025-04-21 15:54:42,246 [WARN] ConditionMgr:1044 - genDependencies : Invalid condition id : UX DEVICE CLASS RTOS Condition cause : null
2025-04-21 15:54:42,252 [WARN] PackLoader:240 - Cannot read IP mode file for STMicroelectronics.X-CUBE-GNSS1.7.0.0
2025-04-21 15:54:42,258 [WARN] PackLoader:240 - Cannot read IP mode file for STMicroelectronics.X-CUBE-GNSS1.7.0.1
2025-04-21 15:54:42,261 [WARN] PackLoader:240 - Cannot read IP mode file for STMicroelectronics.X-CUBE-TOUCHGFX.4.25.0
2025-04-21 15:54:42,267 [WARN] PackLoader:240 - Cannot read IP mode file for STMicroelectronics.FP-SNS-STBOX1.2.0.0
2025-04-21 15:54:42,276 [WARN] PackLoader:240 - Cannot read IP mode file for STMicroelectronics.X-CUBE-SUBG2.5.0.0
2025-04-21 15:54:42,295 [WARN] PackLoader:240 - Cannot read IP mode file for STMicroelectronics.X-CUBE-AZRTOS-H7RS.1.1.0
2025-04-21 15:54:42,302 [WARN] PackLoader:240 - Cannot read IP mode file for Cesanta.I-CUBE-Mongoose.7.13.0
2025-04-21 15:54:42,314 [WARN] PackLoader:240 - Cannot read IP mode file for STMicroelectronics.X-CUBE-AZRTOS-G4.2.0.0
2025-04-21 15:54:42,319 [WARN] PackLoader:240 - Cannot read IP mode file for wolfSSL.I-CUBE-wolfSSH.1.4.20
2025-04-21 15:54:42,324 [WARN] PackLoader:240 - Cannot read IP mode file for STMicroelectronics.X-CUBE-ISPU.2.0.0
2025-04-21 15:54:42,325 [INFO] WebApp:221 - Starting web application
2025-04-21 15:54:42,325 [INFO] WebApp:579 - Web application path used C:\ST\STM32CubeIDE_1.16.1\STM32CubeIDE\plugins\com.st.stm32cube.common.mx_6.13.0.202411220809\db\plugins\mcufinder\reactClient1\index.html
2025-04-21 15:54:42,334 [WARN] PackLoader:240 - Cannot read IP mode file for STMicroelectronics.X-CUBE-IPS.3.1.0
2025-04-21 15:54:42,347 [WARN] PackLoader:240 - Cannot read IP mode file for STMicroelectronics.X-CUBE-ALS.1.0.2
2025-04-21 15:54:42,389 [WARN] PackLoader:240 - Cannot read IP mode file for STMicroelectronics.X-CUBE-MEMS1.10.0.0
2025-04-21 15:54:42,473 [WARN] PackLoader:240 - Cannot read IP mode file for STMicroelectronics.X-CUBE-TOUCHGFX.4.24.0
2025-04-21 15:54:42,476 [WARN] PackLoader:240 - Cannot read IP mode file for STMicroelectronics.X-CUBE-TOUCHGFX.4.24.2
2025-04-21 15:54:42,481 [WARN] PackLoader:240 - Cannot read IP mode file for STMicroelectronics.X-CUBE-TOUCHGFX.4.24.1
2025-04-21 15:54:42,486 [WARN] PackLoader:240 - Cannot read IP mode file for wolfSSL.I-CUBE-wolfTPM.3.4.0
2025-04-21 15:54:42,492 [WARN] PackLoader:240 - Cannot read IP mode file for portGmbH.I-Cube-SoM-uGOAL.1.1.0
2025-04-21 15:54:42,507 [WARN] PackLoader:240 - Cannot read IP mode file for STMicroelectronics.X-CUBE-AZRTOS-H7RS.1.0.0
2025-04-21 15:54:42,515 [WARN] PackLoader:240 - Cannot read IP mode file for STMicroelectronics.FP-ATR-ASTRA1.2.0.0
2025-04-21 15:54:42,524 [WARN] PackLoader:240 - Cannot read IP mode file for STMicroelectronics.X-CUBE-TOF1.3.4.2
2025-04-21 15:54:42,525 [INFO] UserAuth:486 - Internet connection configuration mode: 1
2025-04-21 15:54:42,547 [WARN] PackLoader:240 - Cannot read IP mode file for STMicroelectronics.X-CUBE-TOF1.3.4.3
2025-04-21 15:54:42,570 [WARN] PackLoader:240 - Cannot read IP mode file for STMicroelectronics.X-CUBE-TOF1.3.4.1
2025-04-21 15:54:42,605 [WARN] PackLoader:240 - Cannot read IP mode file for STMicroelectronics.X-CUBE-AZRTOS-H7.3.2.0
2025-04-21 15:54:42,621 [WARN] PackLoader:240 - Cannot read IP mode file for Infineon.AIROC-Wi-Fi-Bluetooth-STM32.1.6.0
2025-04-21 15:54:42,626 [WARN] PackLoader:240 - Cannot read IP mode file for wolfSSL.I-CUBE-wolfSSH.1.4.17
2025-04-21 15:54:42,627 [INFO] ThirdParty:978 - Integrity check success = true
2025-04-21 15:54:42,627 [INFO] IntegrityCheckThread:100 - exiting critical section [integrity check]
2025-04-21 15:54:42,627 [INFO] IntegrityCheckThread:103 - End integrity checks thread
2025-04-21 15:54:42,807 [INFO] WebApp:187 - Connection restablished
2025-04-21 15:59:19,915 [ERROR] LogOutputStream:75 - [STDERR_REDIRECT] 
