2025-03-26 08:49:59,742 [INFO] Activator:176 - 


2025-03-26 08:49:59,751 [INFO] Activator:177 - !SESSION log4j initialized
2025-03-26 08:50:07,474 [INFO] LogOutputStream:77 - [STDOUT_REDIRECT] 
2025-03-26 08:50:08,624 [INFO] ApplicationProperties:184 - Using Application install path: C:\ST\STM32CubeIDE_1.16.1\STM32CubeIDE\plugins\com.st.stm32cube.common.mx_6.13.0.202411220809
2025-03-26 08:50:08,659 [INFO] DbMcusXml:78 - Set database path to: C:\ST\STM32CubeIDE_1.16.1\STM32CubeIDE\plugins\com.st.stm32cube.common.mx_6.13.0.202411220809\\db\/mcu/
2025-03-26 08:50:08,660 [INFO] ApiDb:274 - Set plugin database path to: C:\ST\STM32CubeIDE_1.16.1\STM32CubeIDE\plugins\com.st.stm32cube.common.mx_6.13.0.202411220809\\db\/plugins/boardmanager/
2025-03-26 08:50:08,661 [WARN] ApiDb:259 - Overriding images path with different value:  => C:\ST\STM32CubeIDE_1.16.1\STM32CubeIDE\plugins\com.st.stm32cube.common.mx_6.13.0.202411220809\\db\/plugins/mcufinder/images/
2025-03-26 08:50:08,674 [INFO] ApiDb:250 - Set database path to: C:\Users\user\.stmcufinder\plugins\mcufinder//mcu/
2025-03-26 08:50:08,677 [INFO] DbMcusAds:125 - Set database path to: C:\Users\user\.stmcufinder\plugins\mcufinder//mcu/
2025-03-26 08:50:08,681 [INFO] CrossReferenceDbSqlite:203 - Set database path to: C:\Users\user\.stmcufinder\plugins\mcufinder//mcu/cs/
2025-03-26 08:50:08,884 [INFO] RulesReader:64 - Compatibility file has been processed (297 Rules)
2025-03-26 08:50:09,006 [INFO] DbMcusXml:78 - Set database path to: C:\ST\STM32CubeIDE_1.16.1\STM32CubeIDE\plugins\com.st.stm32cube.common.mx_6.13.0.202411220809\\db\/mcu/
2025-03-26 08:50:09,006 [INFO] ApiDb:274 - Set plugin database path to: C:\ST\STM32CubeIDE_1.16.1\STM32CubeIDE\plugins\com.st.stm32cube.common.mx_6.13.0.202411220809\\db\/plugins/boardmanager/
2025-03-26 08:50:09,007 [INFO] ApiDb:261 - Set plugin images path to: C:\ST\STM32CubeIDE_1.16.1\STM32CubeIDE\plugins\com.st.stm32cube.common.mx_6.13.0.202411220809\\db\/plugins/mcufinder/images/
2025-03-26 08:50:09,007 [WARN] DbFile:41 - Overriding database path with different value: C:\Users\user\.stmcufinder\plugins\mcufinder/ => C:\Users\user\.stmcufinder\plugins\mcufinder
2025-03-26 08:50:09,008 [INFO] ApiDb:250 - Set database path to: C:\Users\user\.stmcufinder\plugins\mcufinder//mcu/
2025-03-26 08:50:09,008 [WARN] DbFile:41 - Overriding database path with different value: C:\Users\user\.stmcufinder\plugins\mcufinder/ => C:\Users\user\.stmcufinder\plugins\mcufinder
2025-03-26 08:50:09,008 [INFO] DbMcusAds:125 - Set database path to: C:\Users\user\.stmcufinder\plugins\mcufinder//mcu/
2025-03-26 08:50:09,008 [WARN] DbFile:41 - Overriding database path with different value: C:\Users\user\.stmcufinder\plugins\mcufinder/ => C:\Users\user\.stmcufinder\plugins\mcufinder
2025-03-26 08:50:09,008 [WARN] DbFile:41 - Overriding database path with different value: C:\Users\user\.stmcufinder\plugins\mcufinder/ => C:\Users\user\.stmcufinder\plugins\mcufinder
2025-03-26 08:50:09,008 [INFO] CrossReferenceDbSqlite:203 - Set database path to: C:\Users\user\.stmcufinder\plugins\mcufinder//mcu/cs/
2025-03-26 08:50:09,213 [INFO] MainPanel:272 - HeapMemory: 268435456
2025-03-26 08:50:09,449 [INFO] DbMcusXml:78 - Set database path to: C:\ST\STM32CubeIDE_1.16.1\STM32CubeIDE\plugins\com.st.stm32cube.common.mx_6.13.0.202411220809\\db\/mcu/
2025-03-26 08:50:09,450 [INFO] ApiDb:274 - Set plugin database path to: C:\ST\STM32CubeIDE_1.16.1\STM32CubeIDE\plugins\com.st.stm32cube.common.mx_6.13.0.202411220809\\db\/plugins/boardmanager/
2025-03-26 08:50:09,450 [INFO] ApiDb:261 - Set plugin images path to: C:\ST\STM32CubeIDE_1.16.1\STM32CubeIDE\plugins\com.st.stm32cube.common.mx_6.13.0.202411220809\\db\/plugins/mcufinder/images/
2025-03-26 08:50:09,450 [WARN] DbFile:41 - Overriding database path with different value: C:\Users\user\.stmcufinder\plugins\mcufinder/ => C:\Users\user\.stmcufinder\plugins\mcufinder
2025-03-26 08:50:09,451 [INFO] ApiDb:250 - Set database path to: C:\Users\user\.stmcufinder\plugins\mcufinder//mcu/
2025-03-26 08:50:09,451 [WARN] DbFile:41 - Overriding database path with different value: C:\Users\user\.stmcufinder\plugins\mcufinder/ => C:\Users\user\.stmcufinder\plugins\mcufinder
2025-03-26 08:50:09,451 [INFO] DbMcusAds:125 - Set database path to: C:\Users\user\.stmcufinder\plugins\mcufinder//mcu/
2025-03-26 08:50:09,451 [WARN] DbFile:41 - Overriding database path with different value: C:\Users\user\.stmcufinder\plugins\mcufinder/ => C:\Users\user\.stmcufinder\plugins\mcufinder
2025-03-26 08:50:09,451 [WARN] DbFile:41 - Overriding database path with different value: C:\Users\user\.stmcufinder\plugins\mcufinder/ => C:\Users\user\.stmcufinder\plugins\mcufinder
2025-03-26 08:50:09,451 [INFO] CrossReferenceDbSqlite:203 - Set database path to: C:\Users\user\.stmcufinder\plugins\mcufinder//mcu/cs/
2025-03-26 08:50:09,541 [INFO] ApplicationProperties:184 - Using Application install path: C:\ST\STM32CubeIDE_1.16.1\STM32CubeIDE\plugins\com.st.stm32cube.common.mx_6.13.0.202411220809
2025-03-26 08:50:09,546 [INFO] PluginManage:196 - Search for loadable plugins [exclusion list=, ]
2025-03-26 08:50:09,549 [INFO] PluginManage:310 - Check plugin analytics
2025-03-26 08:50:09,919 [INFO] AnalyticsPlugin:253 - Accepted Software Licenses: 
2025-03-26 08:50:09,920 [INFO] AnalyticsPlugin:255 - Accepted CMSIS Pack Licenses: 
2025-03-26 08:50:09,920 [INFO] AnalyticsPlugin:257 - Accepted Firmware Licenses: 
2025-03-26 08:50:09,926 [INFO] PluginManage:359 - Loaded plugin analytics (category:tool,tabindex:-1)
2025-03-26 08:50:09,926 [INFO] PluginManage:310 - Check plugin cadmodel
2025-03-26 08:50:09,939 [INFO] CADModel:105 - Init CAD model plugin
2025-03-26 08:50:09,939 [INFO] PluginManage:359 - Loaded plugin cadmodel (category:power,tabindex:5)
2025-03-26 08:50:09,939 [INFO] PluginManage:310 - Check plugin clock
2025-03-26 08:50:09,956 [INFO] PluginManage:359 - Loaded plugin clock (category:base,tabindex:2)
2025-03-26 08:50:09,956 [INFO] PluginManage:310 - Check plugin ddr
2025-03-26 08:50:09,961 [INFO] PluginManage:359 - Loaded plugin ddr (category:tool,tabindex:6)
2025-03-26 08:50:09,962 [INFO] PluginManage:310 - Check plugin filemanager
2025-03-26 08:50:10,179 [INFO] PluginManage:359 - Loaded plugin filemanager (category:base,tabindex:10)
2025-03-26 08:50:10,180 [INFO] PluginManage:310 - Check plugin ipmanager
2025-03-26 08:50:10,188 [INFO] PluginManage:359 - Loaded plugin ipmanager (category:base,tabindex:5)
2025-03-26 08:50:10,188 [INFO] PluginManage:310 - Check plugin lpbam
2025-03-26 08:50:10,197 [INFO] PluginManage:359 - Loaded plugin lpbam (category:base,tabindex:0)
2025-03-26 08:50:10,197 [INFO] PluginManage:310 - Check plugin memorymap
2025-03-26 08:50:10,214 [INFO] PluginManage:359 - Loaded plugin memorymap (category:base,tabindex:4)
2025-03-26 08:50:10,214 [INFO] PluginManage:310 - Check plugin pinoutandconfiguration
2025-03-26 08:50:10,232 [INFO] PluginManage:359 - Loaded plugin pinoutandconfiguration (category:base,tabindex:1)
2025-03-26 08:50:10,233 [INFO] PluginManage:310 - Check plugin pinoutconfig
2025-03-26 08:50:10,351 [WARN] SupportedApi:132 - Cannot load RTOS API schema: s4s-elt-must-match.1: The content of 'definitions' must match (annotation?, (simpleType | complexType)?, (unique | key | keyref)*)). A problem was found starting at: attribute.
2025-03-26 08:50:10,514 [INFO] PluginManage:359 - Loaded plugin pinoutconfig (category:base,tabindex:0)
2025-03-26 08:50:10,517 [INFO] PluginManage:310 - Check plugin power
2025-03-26 08:50:10,531 [INFO] PluginManage:359 - Loaded plugin power (category:power,tabindex:4)
2025-03-26 08:50:10,532 [INFO] PluginManage:310 - Check plugin projectmanager
2025-03-26 08:50:10,556 [INFO] PluginManage:359 - Loaded plugin projectmanager (category:projectmanager,tabindex:4)
2025-03-26 08:50:10,557 [INFO] PluginManage:310 - Check plugin rif
2025-03-26 08:50:10,567 [INFO] PluginManage:359 - Loaded plugin rif (category:base,tabindex:3)
2025-03-26 08:50:10,567 [INFO] PluginManage:310 - Check plugin thirdparty
2025-03-26 08:50:10,785 [WARN] IntegrityCheckThread:84 - waiting for thirdparty lock release [integrity check]
2025-03-26 08:50:10,785 [INFO] PluginManage:359 - Loaded plugin thirdparty (category:base,tabindex:-1)
2025-03-26 08:50:10,785 [INFO] IntegrityCheckThread:86 - entering critical section [integrity check]
2025-03-26 08:50:10,785 [INFO] PluginManage:310 - Check plugin tools
2025-03-26 08:50:10,786 [INFO] ThirdPartyUpdaterWithRetryManager:70 - Updater plugin not ready yet. [1/15]
2025-03-26 08:50:10,788 [INFO] PluginManage:359 - Loaded plugin tools (category:base,tabindex:7)
2025-03-26 08:50:10,788 [INFO] PluginManage:310 - Check plugin tutovideos
2025-03-26 08:50:10,971 [INFO] PluginManage:359 - Loaded plugin tutovideos (category:base,tabindex:-1)
2025-03-26 08:50:10,971 [INFO] PluginManage:310 - Check plugin updater
2025-03-26 08:50:11,006 [INFO] PluginManage:359 - Loaded plugin updater (category:base,tabindex:12)
2025-03-26 08:50:11,006 [INFO] PluginManage:310 - Check plugin userauth
2025-03-26 08:50:11,014 [INFO] UserAuth:118 - Init User Auth plugin
2025-03-26 08:50:11,014 [INFO] PluginManage:359 - Loaded plugin userauth (category:base,tabindex:14)
2025-03-26 08:50:11,016 [INFO] PluginManage:283 - PluginManage : Loaded plugins [18]
2025-03-26 08:50:11,323 [INFO] PinOutPanel:1589 - setPackage(No Configuration,No Configuration)
2025-03-26 08:50:11,421 [INFO] CADModel:165 - CPN selected for project level
2025-03-26 08:50:11,421 [INFO] CADModel:114 - Register for checkConnection events
2025-03-26 08:50:11,444 [INFO] IPUIPlugin:80 - create IPUIPlugin
2025-03-26 08:50:11,444 [INFO] PluginManager:220 - loadIPPluginJar : add adc
2025-03-26 08:50:11,449 [INFO] IPUIPlugin:80 - create IPUIPlugin
2025-03-26 08:50:11,449 [INFO] PluginManager:220 - loadIPPluginJar : add aes
2025-03-26 08:50:11,454 [INFO] IPUIPlugin:80 - create IPUIPlugin
2025-03-26 08:50:11,454 [INFO] PluginManager:220 - loadIPPluginJar : add can
2025-03-26 08:50:11,457 [INFO] IPUIPlugin:80 - create IPUIPlugin
2025-03-26 08:50:11,457 [INFO] PluginManager:220 - loadIPPluginJar : add comp
2025-03-26 08:50:11,461 [INFO] IPUIPlugin:80 - create IPUIPlugin
2025-03-26 08:50:11,461 [INFO] PluginManager:220 - loadIPPluginJar : add cryp
2025-03-26 08:50:11,465 [INFO] IPUIPlugin:80 - create IPUIPlugin
2025-03-26 08:50:11,466 [INFO] PluginManager:220 - loadIPPluginJar : add ddr_ctrl_phy
2025-03-26 08:50:11,468 [INFO] IPUIPlugin:80 - create IPUIPlugin
2025-03-26 08:50:11,469 [INFO] PluginManager:220 - loadIPPluginJar : add dfsdm
2025-03-26 08:50:11,476 [INFO] IPUIPlugin:80 - create IPUIPlugin
2025-03-26 08:50:11,479 [INFO] PluginManager:220 - loadIPPluginJar : add dma
2025-03-26 08:50:11,482 [INFO] IPUIPlugin:80 - create IPUIPlugin
2025-03-26 08:50:11,482 [INFO] PluginManager:220 - loadIPPluginJar : add dma3
2025-03-26 08:50:11,485 [INFO] IPUIPlugin:80 - create IPUIPlugin
2025-03-26 08:50:11,485 [INFO] PluginManager:220 - loadIPPluginJar : add extmemmanager
2025-03-26 08:50:11,487 [INFO] IPUIPlugin:80 - create IPUIPlugin
2025-03-26 08:50:11,487 [INFO] PluginManager:220 - loadIPPluginJar : add fatfs
2025-03-26 08:50:11,496 [INFO] IPUIPlugin:80 - create IPUIPlugin
2025-03-26 08:50:11,496 [INFO] PluginManager:220 - loadIPPluginJar : add fmc
2025-03-26 08:50:11,502 [INFO] IPUIPlugin:80 - create IPUIPlugin
2025-03-26 08:50:11,503 [INFO] PluginManager:220 - loadIPPluginJar : add freertos
2025-03-26 08:50:11,504 [INFO] IPUIPlugin:80 - create IPUIPlugin
2025-03-26 08:50:11,504 [INFO] PluginManager:220 - loadIPPluginJar : add genericplugin
2025-03-26 08:50:11,508 [INFO] IPUIPlugin:80 - create IPUIPlugin
2025-03-26 08:50:11,508 [INFO] PluginManager:220 - loadIPPluginJar : add gfxmmu
2025-03-26 08:50:11,516 [INFO] IPUIPlugin:80 - create IPUIPlugin
2025-03-26 08:50:11,516 [INFO] PluginManager:220 - loadIPPluginJar : add gic
2025-03-26 08:50:11,521 [INFO] IPUIPlugin:80 - create IPUIPlugin
2025-03-26 08:50:11,521 [INFO] PluginManager:220 - loadIPPluginJar : add gpio
2025-03-26 08:50:11,524 [INFO] IPUIPlugin:80 - create IPUIPlugin
2025-03-26 08:50:11,524 [INFO] PluginManager:220 - loadIPPluginJar : add gtzc
2025-03-26 08:50:11,528 [INFO] IPUIPlugin:80 - create IPUIPlugin
2025-03-26 08:50:11,529 [INFO] PluginManager:220 - loadIPPluginJar : add hash
2025-03-26 08:50:11,532 [INFO] IPUIPlugin:80 - create IPUIPlugin
2025-03-26 08:50:11,533 [INFO] PluginManager:220 - loadIPPluginJar : add i2c
2025-03-26 08:50:11,537 [INFO] IPUIPlugin:80 - create IPUIPlugin
2025-03-26 08:50:11,537 [INFO] PluginManager:220 - loadIPPluginJar : add i2s
2025-03-26 08:50:11,541 [INFO] IPUIPlugin:80 - create IPUIPlugin
2025-03-26 08:50:11,542 [INFO] PluginManager:220 - loadIPPluginJar : add i3c
2025-03-26 08:50:11,547 [INFO] IPUIPlugin:80 - create IPUIPlugin
2025-03-26 08:50:11,548 [INFO] PluginManager:220 - loadIPPluginJar : add ipddr
2025-03-26 08:50:11,554 [INFO] IPUIPlugin:80 - create IPUIPlugin
2025-03-26 08:50:11,556 [INFO] PluginManager:220 - loadIPPluginJar : add linkedlist
2025-03-26 08:50:11,559 [INFO] IPUIPlugin:80 - create IPUIPlugin
2025-03-26 08:50:11,559 [INFO] PluginManager:220 - loadIPPluginJar : add lorawan
2025-03-26 08:50:11,562 [INFO] IPUIPlugin:80 - create IPUIPlugin
2025-03-26 08:50:11,562 [INFO] PluginManager:220 - loadIPPluginJar : add ltdc
2025-03-26 08:50:11,568 [INFO] IPUIPlugin:80 - create IPUIPlugin
2025-03-26 08:50:11,568 [INFO] PluginManager:220 - loadIPPluginJar : add mdma
2025-03-26 08:50:11,573 [INFO] IPUIPlugin:80 - create IPUIPlugin
2025-03-26 08:50:11,573 [INFO] PluginManager:220 - loadIPPluginJar : add nvic
2025-03-26 08:50:11,583 [INFO] IPUIPlugin:80 - create IPUIPlugin
2025-03-26 08:50:11,583 [INFO] PluginManager:220 - loadIPPluginJar : add opamp
2025-03-26 08:50:11,586 [INFO] IPUIPlugin:80 - create IPUIPlugin
2025-03-26 08:50:11,586 [INFO] PluginManager:220 - loadIPPluginJar : add openamp
2025-03-26 08:50:11,590 [INFO] IPUIPlugin:80 - create IPUIPlugin
2025-03-26 08:50:11,590 [INFO] PluginManager:220 - loadIPPluginJar : add pdm2pcm
2025-03-26 08:50:11,600 [INFO] IPUIPlugin:80 - create IPUIPlugin
2025-03-26 08:50:11,603 [INFO] PluginManager:220 - loadIPPluginJar : add plateformsettings
2025-03-26 08:50:11,604 [INFO] IPUIPlugin:80 - create IPUIPlugin
2025-03-26 08:50:11,604 [INFO] PluginManager:220 - loadIPPluginJar : add quadspi
2025-03-26 08:50:11,607 [INFO] IPUIPlugin:80 - create IPUIPlugin
2025-03-26 08:50:11,608 [INFO] PluginManager:220 - loadIPPluginJar : add radio
2025-03-26 08:50:11,614 [INFO] IPUIPlugin:80 - create IPUIPlugin
2025-03-26 08:50:11,614 [INFO] PluginManager:220 - loadIPPluginJar : add resmgrutility
2025-03-26 08:50:11,620 [INFO] IPUIPlugin:80 - create IPUIPlugin
2025-03-26 08:50:11,620 [INFO] PluginManager:220 - loadIPPluginJar : add sai
2025-03-26 08:50:11,624 [INFO] IPUIPlugin:80 - create IPUIPlugin
2025-03-26 08:50:11,624 [INFO] PluginManager:220 - loadIPPluginJar : add spi
2025-03-26 08:50:11,633 [INFO] IPUIPlugin:80 - create IPUIPlugin
2025-03-26 08:50:11,633 [INFO] PluginManager:220 - loadIPPluginJar : add stm32_wpan
2025-03-26 08:50:11,636 [INFO] IPUIPlugin:80 - create IPUIPlugin
2025-03-26 08:50:11,636 [INFO] PluginManager:220 - loadIPPluginJar : add tim
2025-03-26 08:50:11,641 [INFO] IPUIPlugin:80 - create IPUIPlugin
2025-03-26 08:50:11,641 [INFO] PluginManager:220 - loadIPPluginJar : add touchsensing
2025-03-26 08:50:11,648 [INFO] IPUIPlugin:80 - create IPUIPlugin
2025-03-26 08:50:11,648 [INFO] PluginManager:220 - loadIPPluginJar : add tracer_emb
2025-03-26 08:50:11,650 [INFO] IPUIPlugin:80 - create IPUIPlugin
2025-03-26 08:50:11,652 [INFO] PluginManager:220 - loadIPPluginJar : add ts
2025-03-26 08:50:11,654 [INFO] IPUIPlugin:80 - create IPUIPlugin
2025-03-26 08:50:11,654 [INFO] PluginManager:220 - loadIPPluginJar : add tsc
2025-03-26 08:50:11,658 [INFO] IPUIPlugin:80 - create IPUIPlugin
2025-03-26 08:50:11,658 [INFO] PluginManager:220 - loadIPPluginJar : add ucpd
2025-03-26 08:50:11,665 [INFO] IPUIPlugin:80 - create IPUIPlugin
2025-03-26 08:50:11,665 [INFO] PluginManager:220 - loadIPPluginJar : add usart
2025-03-26 08:50:11,673 [INFO] IPUIPlugin:80 - create IPUIPlugin
2025-03-26 08:50:11,673 [INFO] PluginManager:220 - loadIPPluginJar : add usbx
2025-03-26 08:50:11,830 [FATAL] Updater:351 - Updater called before beeing initialized
2025-03-26 08:50:11,890 [INFO] RulesReader:64 - Compatibility file has been processed (297 Rules)
2025-03-26 08:50:11,904 [INFO] RulesReader:64 - Compatibility file has been processed (297 Rules)
2025-03-26 08:50:11,914 [INFO] CADModel:165 - CPN selected for project level
2025-03-26 08:50:11,914 [INFO] CADModel:114 - Register for checkConnection events
2025-03-26 08:50:11,914 [FATAL] Updater:351 - Updater called before beeing initialized
2025-03-26 08:50:11,916 [ERROR] CADModel:125 - Updater not yet initialized, retry later 
2025-03-26 08:50:12,092 [FATAL] Updater:351 - Updater called before beeing initialized
2025-03-26 08:50:12,096 [INFO] CADModel:165 - CPN selected for project level
2025-03-26 08:50:12,096 [INFO] CADModel:114 - Register for checkConnection events
2025-03-26 08:50:12,096 [FATAL] Updater:351 - Updater called before beeing initialized
2025-03-26 08:50:12,096 [ERROR] CADModel:125 - Updater not yet initialized, retry later 
2025-03-26 08:50:12,099 [FATAL] Updater:351 - Updater called before beeing initialized
2025-03-26 08:50:12,220 [FATAL] Updater:351 - Updater called before beeing initialized
2025-03-26 08:50:12,224 [INFO] DbMcusAds:53 - JSON generation date=Thu Mar 06 21:54:21 ICT 2025 (1741272861825)
2025-03-26 08:50:12,224 [FATAL] Updater:351 - Updater called before beeing initialized
2025-03-26 08:50:12,264 [WARN] DetailPanel:346 - Failed to get advertising image, set to default
2025-03-26 08:50:12,488 [FATAL] Updater:351 - Updater called before beeing initialized
2025-03-26 08:50:12,490 [FATAL] Updater:351 - Updater called before beeing initialized
2025-03-26 08:50:12,490 [FATAL] Updater:351 - Updater called before beeing initialized
2025-03-26 08:50:12,490 [WARN] DetailPanel:346 - Failed to get advertising image, set to default
2025-03-26 08:50:12,490 [FATAL] Updater:351 - Updater called before beeing initialized
2025-03-26 08:50:12,543 [ERROR] Updater:1198 - MainUpdater not yet initialized. External WinMGr cannot be set.
2025-03-26 08:50:12,546 [INFO] Updater:1134 - Updater Version found : 6.13.0
2025-03-26 08:50:12,566 [INFO] ApplicationProperties:184 - Using Application install path: C:\ST\STM32CubeIDE_1.16.1\STM32CubeIDE\plugins\com.st.stm32cube.common.mx_6.13.0.202411220809
2025-03-26 08:50:13,204 [INFO] MainUpdater:2872 - connection check result : 10
2025-03-26 08:50:13,204 [INFO] MainUpdater:289 - Updater Check For Update Now.
2025-03-26 08:50:13,204 [INFO] MicroXplorer:498 - Change Database Version : DB.6.0.130
2025-03-26 08:50:13,258 [INFO] McuFinderGlobals:63 - Set McuFinder mode to 2 (CubeIDE integrated)
2025-03-26 08:50:13,266 [INFO] UserAuth:486 - Internet connection configuration mode: 1
2025-03-26 08:50:13,308 [INFO] JxBrowserEngine:152 - Initiate JxBrowser Engine with user profile folder
2025-03-26 08:50:13,437 [INFO] CheckServerUpdateThread:120 - End of CheckServer Thread
2025-03-26 08:50:14,124 [WARN] PackLoader:240 - Cannot read IP mode file for STMicroelectronics.FP-SNS-MOTENVWB1.1.4.0
2025-03-26 08:50:14,139 [WARN] PackLoader:240 - Cannot read IP mode file for STMicroelectronics.FP-ATR-ASTRA1.2.0.2
2025-03-26 08:50:14,148 [WARN] PackLoader:240 - Cannot read IP mode file for STMicroelectronics.FP-ATR-ASTRA1.2.0.1
2025-03-26 08:50:14,163 [WARN] PackLoader:240 - Cannot read IP mode file for STMicroelectronics.X-CUBE-SMBUS.2.1.0
2025-03-26 08:50:14,182 [WARN] PackLoader:240 - Cannot read IP mode file for STMicroelectronics.X-CUBE-WB05N.1.1.0
2025-03-26 08:50:14,193 [WARN] PackLoader:240 - Cannot read IP mode file for STMicroelectronics.X-CUBE-TOUCHGFX.4.23.2
2025-03-26 08:50:14,243 [WARN] PackLoader:240 - Cannot read IP mode file for STMicroelectronics.X-CUBE-AZRTOS-F7.1.1.0
2025-03-26 08:50:14,328 [WARN] PackLoader:240 - Cannot read IP mode file for STMicroelectronics.X-CUBE-MEMS1.11.0.0
2025-03-26 08:50:14,668 [WARN] PackLoader:240 - Cannot read IP mode file for STMicroelectronics.FP-SNS-FLIGHT1.5.0.2
2025-03-26 08:50:14,699 [WARN] PackLoader:240 - Cannot read IP mode file for Infineon.AIROC-Wi-Fi-Bluetooth-STM32.1.7.0
2025-03-26 08:50:14,714 [WARN] PackLoader:240 - Cannot read IP mode file for STMicroelectronics.X-CUBE-DISPLAY.3.0.0
2025-03-26 08:50:14,722 [WARN] PackLoader:240 - Cannot read IP mode file for STMicroelectronics.X-CUBE-BLE1.7.0.0
2025-03-26 08:50:14,727 [WARN] PackLoader:240 - Cannot read IP mode file for STMicroelectronics.X-CUBE-NFC10.1.0.0
2025-03-26 08:50:14,741 [WARN] PackLoader:240 - Cannot read IP mode file for STMicroelectronics.X-CUBE-BLEMGR.4.0.0
2025-03-26 08:50:14,752 [WARN] PackLoader:240 - Cannot read IP mode file for emotas.I-CUBE-CANOPEN.1.3.0
2025-03-26 08:50:14,757 [WARN] PackLoader:240 - Cannot read IP mode file for STMicroelectronics.X-CUBE-TOUCHGFX.4.22.0
2025-03-26 08:50:14,765 [WARN] PackLoader:240 - Cannot read IP mode file for STMicroelectronics.X-CUBE-BLEMGR.3.1.0
2025-03-26 08:50:14,771 [WARN] PackLoader:240 - Cannot read IP mode file for STMicroelectronics.X-CUBE-AI.10.0.0
2025-03-26 08:50:14,776 [WARN] PackLoader:240 - Cannot read IP mode file for STMicroelectronics.FP-SNS-SMARTAG2.1.2.0
2025-03-26 08:50:14,781 [WARN] PackLoader:240 - Cannot read IP mode file for STMicroelectronics.FP-SNS-FLIGHT1.5.1.0
2025-03-26 08:50:14,825 [WARN] PackLoader:240 - Cannot read IP mode file for STMicroelectronics.X-CUBE-MEMS1.11.1.0
2025-03-26 08:50:14,945 [INFO] LogOutputStream:77 - [STDOUT_REDIRECT] 1 : Invalid condition id : UX_CORESTACK_Condition cause : null
2025-03-26 08:50:14,946 [INFO] LogOutputStream:77 - [STDOUT_REDIRECT] 1 : Invalid condition id : UX_CORESTACK_Condition cause : null
2025-03-26 08:50:14,948 [INFO] LogOutputStream:77 - [STDOUT_REDIRECT] 1 : Invalid condition id : UX_CORESTACK_Condition cause : null
2025-03-26 08:50:14,949 [INFO] LogOutputStream:77 - [STDOUT_REDIRECT] 1 : Invalid condition id : UX_CORESTACK_Condition cause : null
2025-03-26 08:50:14,950 [INFO] LogOutputStream:77 - [STDOUT_REDIRECT] 1 : Invalid condition id : UX_CORESTACK_Condition cause : null
2025-03-26 08:50:14,953 [WARN] PackLoader:240 - Cannot read IP mode file for STMicroelectronics.X-CUBE-AZRTOS-WL.2.0.0
2025-03-26 08:50:14,961 [WARN] PackLoader:240 - Cannot read IP mode file for STMicroelectronics.FP-SNS-MOTENV1.5.0.0
2025-03-26 08:50:14,968 [WARN] PackLoader:240 - Cannot read IP mode file for wolfSSL.I-CUBE-wolfMQTT.1.19.0
2025-03-26 08:50:14,978 [WARN] PackLoader:240 - Cannot read IP mode file for WES.I-CUBE-Cesium.1.3.0
2025-03-26 08:50:14,983 [WARN] PackLoader:240 - Cannot read IP mode file for STMicroelectronics.X-CUBE-BLE2.3.3.0
2025-03-26 08:50:14,989 [WARN] PackLoader:240 - Cannot read IP mode file for STMicroelectronics.X-CUBE-NFC9.1.0.0
2025-03-26 08:50:14,994 [WARN] PackLoader:240 - Cannot read IP mode file for STMicroelectronics.X-CUBE-BLE1.7.1.0
2025-03-26 08:50:14,999 [WARN] PackLoader:240 - Cannot read IP mode file for wolfSSL.I-CUBE-wolfMQTT.1.19.2
2025-03-26 08:50:15,004 [WARN] PackLoader:240 - Cannot read IP mode file for STMicroelectronics.X-CUBE-TCPP.4.1.0
2025-03-26 08:50:15,010 [WARN] PackLoader:240 - Cannot read IP mode file for STMicroelectronics.X-CUBE-TOUCHGFX.4.21.4
2025-03-26 08:50:15,024 [WARN] PackLoader:240 - Cannot read IP mode file for STMicroelectronics.X-CUBE-AZRTOS-G0.1.1.0
2025-03-26 08:50:15,034 [WARN] PackLoader:240 - Cannot read IP mode file for STMicroelectronics.X-CUBE-SAFEA1.1.2.2
2025-03-26 08:50:15,040 [WARN] PackLoader:240 - Cannot read IP mode file for STMicroelectronics.X-CUBE-NFC4.3.0.0
2025-03-26 08:50:15,057 [WARN] PackLoader:240 - Cannot read IP mode file for EmbeddedOffice.I-CUBE-FS-RTOS.1.0.1
2025-03-26 08:50:15,068 [WARN] PackLoader:240 - Cannot read IP mode file for wolfSSL.I-CUBE-wolfTPM.3.8.0
2025-03-26 08:50:15,075 [WARN] PackLoader:240 - Cannot read IP mode file for STMicroelectronics.X-CUBE-TCPP.4.2.0
2025-03-26 08:50:15,082 [WARN] PackLoader:240 - Cannot read IP mode file for RealThread.X-CUBE-RT-Thread_Nano.4.1.1
2025-03-26 08:50:15,086 [WARN] PackLoader:240 - Cannot read IP mode file for wolfSSL.I-CUBE-wolfSSL.5.7.0
2025-03-26 08:50:15,092 [WARN] PackLoader:240 - Cannot read IP mode file for STMicroelectronics.FP-ATR-SIGFOX1.3.2.0
2025-03-26 08:50:15,098 [WARN] ConditionMgr:438 - getConditionDescription Invalid condition id : Cortex-A Device cause : null
2025-03-26 08:50:15,114 [WARN] ConditionMgr:1044 - genDependencies : Invalid condition id : Cortex-A Device cause : null
2025-03-26 08:50:15,115 [WARN] ConditionMgr:1044 - genDependencies : Invalid condition id : Cortex-A Device cause : null
2025-03-26 08:50:15,117 [WARN] ConditionMgr:1044 - genDependencies : Invalid condition id : Cortex-A Device cause : null
2025-03-26 08:50:15,124 [WARN] PackLoader:240 - Cannot read IP mode file for STMicroelectronics.X-CUBE-EEPRMA1.5.1.0
2025-03-26 08:50:15,131 [WARN] PackLoader:240 - Cannot read IP mode file for wolfSSL.I-CUBE-wolfSSL.5.7.6
2025-03-26 08:50:15,138 [WARN] PackLoader:240 - Cannot read IP mode file for ITTIA_DB.I-CUBE-ITTIADB.8.9.0
2025-03-26 08:50:15,165 [WARN] PackLoader:240 - Cannot read IP mode file for SEGGER.I-CUBE-embOS.1.3.1
2025-03-26 08:50:15,256 [WARN] PackLoader:240 - Cannot read IP mode file for STMicroelectronics.X-CUBE-ALGOBUILD.1.4.0
2025-03-26 08:50:15,261 [WARN] PackLoader:240 - Cannot read IP mode file for STMicroelectronics.X-CUBE-AI.9.1.0
2025-03-26 08:50:15,280 [WARN] PackLoader:240 - Cannot read IP mode file for STMicroelectronics.X-CUBE-GNSS1.6.0.0
2025-03-26 08:50:15,309 [WARN] PackLoader:240 - Cannot read IP mode file for STMicroelectronics.X-CUBE-AZRTOS-F4.1.1.0
2025-03-26 08:50:15,371 [WARN] PackLoader:240 - Cannot read IP mode file for STMicroelectronics.X-CUBE-ISPU.2.1.0
2025-03-26 08:50:15,379 [WARN] PackLoader:240 - Cannot read IP mode file for STMicroelectronics.X-CUBE-FREERTOS.1.2.0
2025-03-26 08:50:15,414 [WARN] PackLoader:240 - Cannot read IP mode file for STMicroelectronics.X-CUBE-AZRTOS-L5.2.0.0
2025-03-26 08:50:15,433 [WARN] PackLoader:240 - Cannot read IP mode file for STMicroelectronics.X-CUBE-NFC6.3.1.0
2025-03-26 08:50:15,446 [WARN] PackLoader:240 - Cannot read IP mode file for STMicroelectronics.X-CUBE-DPower.1.2.0
2025-03-26 08:50:15,452 [WARN] PackLoader:240 - Cannot read IP mode file for STMicroelectronics.X-CUBE-AI.9.0.0
2025-03-26 08:50:15,461 [WARN] PackLoader:240 - Cannot read IP mode file for STMicroelectronics.X-CUBE-FREERTOS.1.3.0
2025-03-26 08:50:15,472 [WARN] PackLoader:240 - Cannot read IP mode file for STMicroelectronics.X-CUBE-NFC7.1.0.1
2025-03-26 08:50:15,480 [WARN] PackLoader:240 - Cannot read IP mode file for wolfSSL.I-CUBE-wolfTPM.3.2.0
2025-03-26 08:50:15,498 [INFO] WebApp:168 - Instantiating new browser for Auth
2025-03-26 08:50:15,500 [WARN] ConditionMgr:438 - getConditionDescription Invalid condition id : LAN8742 Phy interface Condition cause : null
2025-03-26 08:50:15,500 [WARN] PackLoader:240 - Cannot read IP mode file for STMicroelectronics.X-CUBE-AZRTOS-L4.2.0.0
2025-03-26 08:50:15,502 [WARN] ConditionMgr:1044 - genDependencies : Invalid condition id : LAN8742 Phy interface Condition cause : null
2025-03-26 08:50:15,503 [WARN] ConditionMgr:1044 - genDependencies : Invalid condition id : LAN8742 Phy interface Condition cause : null
2025-03-26 08:50:15,503 [WARN] ConditionMgr:1044 - genDependencies : Invalid condition id : LAN8742 Phy interface Condition cause : null
2025-03-26 08:50:15,514 [WARN] PackLoader:240 - Cannot read IP mode file for STMicroelectronics.X-CUBE-SFXS2LP1.4.0.0
2025-03-26 08:50:15,538 [WARN] PackLoader:240 - Cannot read IP mode file for STMicroelectronics.X-CUBE-AZRTOS-H7.3.3.0
2025-03-26 08:50:15,549 [WARN] PackLoader:240 - Cannot read IP mode file for STMicroelectronics.X-CUBE-IPS.3.0.0
2025-03-26 08:50:15,564 [WARN] ConditionMgr:438 - getConditionDescription Invalid condition id : UX DEVICE CLASS RTOS Condition cause : null
2025-03-26 08:50:15,566 [WARN] ConditionMgr:438 - getConditionDescription Invalid condition id : UX DEVICE CLASS RTOS Condition cause : null
2025-03-26 08:50:15,574 [WARN] PackLoader:240 - Cannot read IP mode file for STMicroelectronics.X-CUBE-AZRTOS-WB.2.0.0
2025-03-26 08:50:15,574 [WARN] ConditionMgr:1044 - genDependencies : Invalid condition id : UX DEVICE CLASS RTOS Condition cause : null
2025-03-26 08:50:15,574 [WARN] ConditionMgr:1044 - genDependencies : Invalid condition id : UX DEVICE CLASS RTOS Condition cause : null
2025-03-26 08:50:15,576 [WARN] ConditionMgr:1044 - genDependencies : Invalid condition id : UX DEVICE CLASS RTOS Condition cause : null
2025-03-26 08:50:15,576 [WARN] ConditionMgr:1044 - genDependencies : Invalid condition id : UX DEVICE CLASS RTOS Condition cause : null
2025-03-26 08:50:15,576 [WARN] ConditionMgr:1044 - genDependencies : Invalid condition id : UX DEVICE CLASS RTOS Condition cause : null
2025-03-26 08:50:15,581 [WARN] PackLoader:240 - Cannot read IP mode file for STMicroelectronics.X-CUBE-GNSS1.7.0.0
2025-03-26 08:50:15,587 [WARN] PackLoader:240 - Cannot read IP mode file for STMicroelectronics.X-CUBE-GNSS1.7.0.1
2025-03-26 08:50:15,591 [WARN] PackLoader:240 - Cannot read IP mode file for STMicroelectronics.X-CUBE-TOUCHGFX.4.25.0
2025-03-26 08:50:15,600 [WARN] PackLoader:240 - Cannot read IP mode file for STMicroelectronics.FP-SNS-STBOX1.2.0.0
2025-03-26 08:50:15,609 [WARN] PackLoader:240 - Cannot read IP mode file for STMicroelectronics.X-CUBE-SUBG2.5.0.0
2025-03-26 08:50:15,627 [WARN] PackLoader:240 - Cannot read IP mode file for STMicroelectronics.X-CUBE-AZRTOS-H7RS.1.1.0
2025-03-26 08:50:15,633 [WARN] PackLoader:240 - Cannot read IP mode file for Cesanta.I-CUBE-Mongoose.7.13.0
2025-03-26 08:50:15,647 [WARN] PackLoader:240 - Cannot read IP mode file for STMicroelectronics.X-CUBE-AZRTOS-G4.2.0.0
2025-03-26 08:50:15,659 [WARN] PackLoader:240 - Cannot read IP mode file for wolfSSL.I-CUBE-wolfSSH.1.4.20
2025-03-26 08:50:15,666 [WARN] PackLoader:240 - Cannot read IP mode file for STMicroelectronics.X-CUBE-ISPU.2.0.0
2025-03-26 08:50:15,674 [WARN] PackLoader:240 - Cannot read IP mode file for STMicroelectronics.X-CUBE-IPS.3.1.0
2025-03-26 08:50:15,684 [WARN] PackLoader:240 - Cannot read IP mode file for STMicroelectronics.X-CUBE-ALS.1.0.2
2025-03-26 08:50:15,718 [WARN] PackLoader:240 - Cannot read IP mode file for STMicroelectronics.X-CUBE-MEMS1.10.0.0
2025-03-26 08:50:15,804 [WARN] PackLoader:240 - Cannot read IP mode file for STMicroelectronics.X-CUBE-TOUCHGFX.4.24.0
2025-03-26 08:50:15,808 [WARN] PackLoader:240 - Cannot read IP mode file for STMicroelectronics.X-CUBE-TOUCHGFX.4.24.2
2025-03-26 08:50:15,813 [WARN] PackLoader:240 - Cannot read IP mode file for STMicroelectronics.X-CUBE-TOUCHGFX.4.24.1
2025-03-26 08:50:15,821 [WARN] PackLoader:240 - Cannot read IP mode file for wolfSSL.I-CUBE-wolfTPM.3.4.0
2025-03-26 08:50:15,830 [WARN] PackLoader:240 - Cannot read IP mode file for portGmbH.I-Cube-SoM-uGOAL.1.1.0
2025-03-26 08:50:15,861 [WARN] PackLoader:240 - Cannot read IP mode file for STMicroelectronics.X-CUBE-AZRTOS-H7RS.1.0.0
2025-03-26 08:50:15,867 [WARN] PackLoader:240 - Cannot read IP mode file for STMicroelectronics.FP-ATR-ASTRA1.2.0.0
2025-03-26 08:50:15,877 [WARN] PackLoader:240 - Cannot read IP mode file for STMicroelectronics.X-CUBE-TOF1.3.4.2
2025-03-26 08:50:15,895 [WARN] PackLoader:240 - Cannot read IP mode file for STMicroelectronics.X-CUBE-TOF1.3.4.1
2025-03-26 08:50:15,920 [WARN] PackLoader:240 - Cannot read IP mode file for STMicroelectronics.X-CUBE-AZRTOS-H7.3.2.0
2025-03-26 08:50:15,935 [WARN] PackLoader:240 - Cannot read IP mode file for Infineon.AIROC-Wi-Fi-Bluetooth-STM32.1.6.0
2025-03-26 08:50:15,941 [WARN] PackLoader:240 - Cannot read IP mode file for wolfSSL.I-CUBE-wolfSSH.1.4.17
2025-03-26 08:50:15,941 [INFO] ThirdParty:978 - Integrity check success = true
2025-03-26 08:50:15,941 [INFO] IntegrityCheckThread:100 - exiting critical section [integrity check]
2025-03-26 08:50:15,941 [INFO] IntegrityCheckThread:103 - End integrity checks thread
2025-03-26 08:50:17,332 [INFO] WebApp:449 - Apply proxy settings
2025-03-26 08:50:17,333 [INFO] WebApp:534 - Chromium requires no authentication
2025-03-26 08:50:17,346 [INFO] WebApp:477 - Direct internet connection detected
2025-03-26 08:50:17,378 [INFO] WebApp:880 - Register for checkConnection events
2025-03-26 08:50:17,379 [INFO] WebApp:449 - Apply proxy settings
2025-03-26 08:50:17,379 [INFO] WebApp:534 - Chromium requires no authentication
2025-03-26 08:50:17,380 [INFO] WebApp:477 - Direct internet connection detected
2025-03-26 08:50:17,639 [INFO] WebApp:221 - Starting web application
2025-03-26 08:50:17,639 [INFO] WebApp:579 - Web application path used C:\ST\STM32CubeIDE_1.16.1\STM32CubeIDE\plugins\com.st.stm32cube.common.mx_6.13.0.202411220809\db\plugins\mcufinder\reactClient1\index.html
2025-03-26 08:50:17,683 [INFO] WebApp:187 - Connection restablished
2025-03-26 08:50:17,786 [INFO] UserAuth:486 - Internet connection configuration mode: 1
2025-03-26 17:30:23,794 [ERROR] LogOutputStream:75 - [STDERR_REDIRECT] 
